[0.041s] Invoking command in '/home/pranavdm/UMD/Sem-1/ENPM662/Projects/Project-0/build/turtlebot3_cartographer': CMAKE_PREFIX_PATH=${CMAKE_PREFIX_PATH}:/home/pranavdm/UMD/Sem-1/ENPM662/Projects/Project-0/install/turtlebot3_teleop:/home/pranavdm/UMD/Sem-1/ENPM662/Projects/Project-0/install/turtlebot3_example:/home/pranavdm/UMD/Sem-1/ENPM662/test1/testWS/install/turtlebot3_teleop:/home/pranavdm/UMD/Sem-1/ENPM662/test1/testWS/install/turtlebot3_example:/home/pranavdm/UMD/Sem-1/ENPM662/test1/testWS/install/tb_control:/opt/ros/humble /usr/bin/cmake --build /home/pranavdm/UMD/Sem-1/ENPM662/Projects/Project-0/build/turtlebot3_cartographer -- -j20 -l20
[0.406s] Invoked command in '/home/pranavdm/UMD/Sem-1/ENPM662/Projects/Project-0/build/turtlebot3_cartographer' returned '0': CMAKE_PREFIX_PATH=${CMAKE_PREFIX_PATH}:/home/pranavdm/UMD/Sem-1/ENPM662/Projects/Project-0/install/turtlebot3_teleop:/home/pranavdm/UMD/Sem-1/ENPM662/Projects/Project-0/install/turtlebot3_example:/home/pranavdm/UMD/Sem-1/ENPM662/test1/testWS/install/turtlebot3_teleop:/home/pranavdm/UMD/Sem-1/ENPM662/test1/testWS/install/turtlebot3_example:/home/pranavdm/UMD/Sem-1/ENPM662/test1/testWS/install/tb_control:/opt/ros/humble /usr/bin/cmake --build /home/pranavdm/UMD/Sem-1/ENPM662/Projects/Project-0/build/turtlebot3_cartographer -- -j20 -l20
[0.434s] Invoking command in '/home/pranavdm/UMD/Sem-1/ENPM662/Projects/Project-0/build/turtlebot3_cartographer': CMAKE_PREFIX_PATH=${CMAKE_PREFIX_PATH}:/home/pranavdm/UMD/Sem-1/ENPM662/Projects/Project-0/install/turtlebot3_teleop:/home/pranavdm/UMD/Sem-1/ENPM662/Projects/Project-0/install/turtlebot3_example:/home/pranavdm/UMD/Sem-1/ENPM662/test1/testWS/install/turtlebot3_teleop:/home/pranavdm/UMD/Sem-1/ENPM662/test1/testWS/install/turtlebot3_example:/home/pranavdm/UMD/Sem-1/ENPM662/test1/testWS/install/tb_control:/opt/ros/humble /usr/bin/cmake --install /home/pranavdm/UMD/Sem-1/ENPM662/Projects/Project-0/build/turtlebot3_cartographer
[0.459s] -- Install configuration: ""
[0.459s] -- Up-to-date: /home/pranavdm/UMD/Sem-1/ENPM662/Projects/Project-0/install/turtlebot3_cartographer/share/turtlebot3_cartographer/config
[0.459s] -- Up-to-date: /home/pranavdm/UMD/Sem-1/ENPM662/Projects/Project-0/install/turtlebot3_cartographer/share/turtlebot3_cartographer/config/turtlebot3_lds_2d.lua
[0.459s] -- Up-to-date: /home/pranavdm/UMD/Sem-1/ENPM662/Projects/Project-0/install/turtlebot3_cartographer/share/turtlebot3_cartographer/launch
[0.459s] -- Up-to-date: /home/pranavdm/UMD/Sem-1/ENPM662/Projects/Project-0/install/turtlebot3_cartographer/share/turtlebot3_cartographer/launch/occupancy_grid.launch.py
[0.459s] -- Up-to-date: /home/pranavdm/UMD/Sem-1/ENPM662/Projects/Project-0/install/turtlebot3_cartographer/share/turtlebot3_cartographer/launch/cartographer.launch.py
[0.459s] -- Up-to-date: /home/pranavdm/UMD/Sem-1/ENPM662/Projects/Project-0/install/turtlebot3_cartographer/share/turtlebot3_cartographer/rviz
[0.460s] -- Up-to-date: /home/pranavdm/UMD/Sem-1/ENPM662/Projects/Project-0/install/turtlebot3_cartographer/share/turtlebot3_cartographer/rviz/tb3_cartographer.rviz
[0.461s] -- Up-to-date: /home/pranavdm/UMD/Sem-1/ENPM662/Projects/Project-0/install/turtlebot3_cartographer/share/ament_index/resource_index/package_run_dependencies/turtlebot3_cartographer
[0.461s] -- Up-to-date: /home/pranavdm/UMD/Sem-1/ENPM662/Projects/Project-0/install/turtlebot3_cartographer/share/ament_index/resource_index/parent_prefix_path/turtlebot3_cartographer
[0.461s] -- Up-to-date: /home/pranavdm/UMD/Sem-1/ENPM662/Projects/Project-0/install/turtlebot3_cartographer/share/turtlebot3_cartographer/environment/ament_prefix_path.sh
[0.461s] -- Up-to-date: /home/pranavdm/UMD/Sem-1/ENPM662/Projects/Project-0/install/turtlebot3_cartographer/share/turtlebot3_cartographer/environment/ament_prefix_path.dsv
[0.461s] -- Up-to-date: /home/pranavdm/UMD/Sem-1/ENPM662/Projects/Project-0/install/turtlebot3_cartographer/share/turtlebot3_cartographer/environment/path.sh
[0.461s] -- Up-to-date: /home/pranavdm/UMD/Sem-1/ENPM662/Projects/Project-0/install/turtlebot3_cartographer/share/turtlebot3_cartographer/environment/path.dsv
[0.461s] -- Up-to-date: /home/pranavdm/UMD/Sem-1/ENPM662/Projects/Project-0/install/turtlebot3_cartographer/share/turtlebot3_cartographer/local_setup.bash
[0.461s] -- Up-to-date: /home/pranavdm/UMD/Sem-1/ENPM662/Projects/Project-0/install/turtlebot3_cartographer/share/turtlebot3_cartographer/local_setup.sh
[0.462s] -- Up-to-date: /home/pranavdm/UMD/Sem-1/ENPM662/Projects/Project-0/install/turtlebot3_cartographer/share/turtlebot3_cartographer/local_setup.zsh
[0.462s] -- Up-to-date: /home/pranavdm/UMD/Sem-1/ENPM662/Projects/Project-0/install/turtlebot3_cartographer/share/turtlebot3_cartographer/local_setup.dsv
[0.462s] -- Installing: /home/pranavdm/UMD/Sem-1/ENPM662/Projects/Project-0/install/turtlebot3_cartographer/share/turtlebot3_cartographer/package.dsv
[0.462s] -- Up-to-date: /home/pranavdm/UMD/Sem-1/ENPM662/Projects/Project-0/install/turtlebot3_cartographer/share/ament_index/resource_index/packages/turtlebot3_cartographer
[0.462s] -- Up-to-date: /home/pranavdm/UMD/Sem-1/ENPM662/Projects/Project-0/install/turtlebot3_cartographer/share/turtlebot3_cartographer/cmake/turtlebot3_cartographerConfig.cmake
[0.462s] -- Up-to-date: /home/pranavdm/UMD/Sem-1/ENPM662/Projects/Project-0/install/turtlebot3_cartographer/share/turtlebot3_cartographer/cmake/turtlebot3_cartographerConfig-version.cmake
[0.462s] -- Up-to-date: /home/pranavdm/UMD/Sem-1/ENPM662/Projects/Project-0/install/turtlebot3_cartographer/share/turtlebot3_cartographer/package.xml
[0.510s] Invoked command in '/home/pranavdm/UMD/Sem-1/ENPM662/Projects/Project-0/build/turtlebot3_cartographer' returned '0': CMAKE_PREFIX_PATH=${CMAKE_PREFIX_PATH}:/home/pranavdm/UMD/Sem-1/ENPM662/Projects/Project-0/install/turtlebot3_teleop:/home/pranavdm/UMD/Sem-1/ENPM662/Projects/Project-0/install/turtlebot3_example:/home/pranavdm/UMD/Sem-1/ENPM662/test1/testWS/install/turtlebot3_teleop:/home/pranavdm/UMD/Sem-1/ENPM662/test1/testWS/install/turtlebot3_example:/home/pranavdm/UMD/Sem-1/ENPM662/test1/testWS/install/tb_control:/opt/ros/humble /usr/bin/cmake --install /home/pranavdm/UMD/Sem-1/ENPM662/Projects/Project-0/build/turtlebot3_cartographer
