[0.173s] Invoking command in '/home/pranavdm/UMD/Sem-1/ENPM662/Projects/Project-0/build/ld08_driver': CMAKE_PREFIX_PATH=${CMAKE_PREFIX_PATH}:/home/pranavdm/UMD/Sem-1/ENPM662/test1/testWS/install/turtlebot3_teleop:/home/pranavdm/UMD/Sem-1/ENPM662/test1/testWS/install/turtlebot3_example:/home/pranavdm/UMD/Sem-1/ENPM662/test1/testWS/install/tb_control:/opt/ros/humble /usr/bin/cmake /home/pranavdm/UMD/Sem-1/ENPM662/Projects/Project-0/src/utils/ld08_driver -DCMAKE_INSTALL_PREFIX=/home/pranavdm/UMD/Sem-1/ENPM662/Projects/Project-0/install/ld08_driver
[0.331s] -- The C compiler identification is GNU 11.4.0
[0.781s] -- The CXX compiler identification is GNU 11.4.0
[1.107s] -- Detecting C compiler ABI info
[1.209s] -- Detecting C compiler ABI info - done
[1.213s] -- Check for working C compiler: /usr/bin/cc - skipped
[1.214s] -- Detecting C compile features
[1.214s] -- Detecting C compile features - done
[1.215s] -- Detecting CXX compiler ABI info
[1.339s] -- Detecting CXX compiler ABI info - done
[1.343s] -- Check for working CXX compiler: /usr/bin/c++ - skipped
[1.343s] -- Detecting CXX compile features
[1.344s] -- Detecting CXX compile features - done
[1.345s] -- Found ament_cmake: 1.3.10 (/opt/ros/humble/share/ament_cmake/cmake)
[1.452s] -- Found Python3: /usr/bin/python3 (found version "3.10.12") found components: Interpreter 
[1.514s] -- Found rclcpp: 16.0.10 (/opt/ros/humble/share/rclcpp/cmake)
[1.685s] -- Found rosidl_generator_c: 3.1.5 (/opt/ros/humble/share/rosidl_generator_c/cmake)
[1.692s] -- Found rosidl_adapter: 3.1.5 (/opt/ros/humble/share/rosidl_adapter/cmake)
[1.701s] -- Found rosidl_generator_cpp: 3.1.5 (/opt/ros/humble/share/rosidl_generator_cpp/cmake)
[1.710s] -- Using all available rosidl_typesupport_c: rosidl_typesupport_fastrtps_c;rosidl_typesupport_introspection_c
[1.723s] -- Using all available rosidl_typesupport_cpp: rosidl_typesupport_fastrtps_cpp;rosidl_typesupport_introspection_cpp
[1.757s] -- Found rmw_implementation_cmake: 6.1.2 (/opt/ros/humble/share/rmw_implementation_cmake/cmake)
[1.760s] -- Found rmw_fastrtps_cpp: 6.2.7 (/opt/ros/humble/share/rmw_fastrtps_cpp/cmake)
[3.226s] -- Found OpenSSL: /usr/lib/x86_64-linux-gnu/libcrypto.so (found version "3.0.2")  
[4.391s] -- Found FastRTPS: /opt/ros/humble/include  
[7.359s] -- Using RMW implementation 'rmw_fastrtps_cpp' as default
[7.366s] -- Looking for pthread.h
[7.507s] -- Looking for pthread.h - found
[7.508s] -- Performing Test CMAKE_HAVE_LIBC_PTHREAD
[7.648s] -- Performing Test CMAKE_HAVE_LIBC_PTHREAD - Success
[7.649s] -- Found Threads: TRUE  
[7.681s] -- Found sensor_msgs: 4.2.4 (/opt/ros/humble/share/sensor_msgs/cmake)
[7.705s] -- Found Boost: /usr/lib/x86_64-linux-gnu/cmake/Boost-1.74.0/BoostConfig.cmake (found version "1.74.0") found components: system 
[7.707s] -- Found ament_lint_auto: 0.12.11 (/opt/ros/humble/share/ament_lint_auto/cmake)
[7.748s] -- Configuring done
[7.754s] -- Generating done
[7.755s] -- Build files have been written to: /home/pranavdm/UMD/Sem-1/ENPM662/Projects/Project-0/build/ld08_driver
[7.763s] Invoked command in '/home/pranavdm/UMD/Sem-1/ENPM662/Projects/Project-0/build/ld08_driver' returned '0': CMAKE_PREFIX_PATH=${CMAKE_PREFIX_PATH}:/home/pranavdm/UMD/Sem-1/ENPM662/test1/testWS/install/turtlebot3_teleop:/home/pranavdm/UMD/Sem-1/ENPM662/test1/testWS/install/turtlebot3_example:/home/pranavdm/UMD/Sem-1/ENPM662/test1/testWS/install/tb_control:/opt/ros/humble /usr/bin/cmake /home/pranavdm/UMD/Sem-1/ENPM662/Projects/Project-0/src/utils/ld08_driver -DCMAKE_INSTALL_PREFIX=/home/pranavdm/UMD/Sem-1/ENPM662/Projects/Project-0/install/ld08_driver
[7.763s] Invoking command in '/home/pranavdm/UMD/Sem-1/ENPM662/Projects/Project-0/build/ld08_driver': CMAKE_PREFIX_PATH=${CMAKE_PREFIX_PATH}:/home/pranavdm/UMD/Sem-1/ENPM662/test1/testWS/install/turtlebot3_teleop:/home/pranavdm/UMD/Sem-1/ENPM662/test1/testWS/install/turtlebot3_example:/home/pranavdm/UMD/Sem-1/ENPM662/test1/testWS/install/tb_control:/opt/ros/humble /usr/bin/cmake --build /home/pranavdm/UMD/Sem-1/ENPM662/Projects/Project-0/build/ld08_driver -- -j20 -l20
[7.790s] [ 16%] [32mBuilding CXX object CMakeFiles/ld08_driver.dir/src/cmd_interface_linux.cpp.o[0m
[7.790s] [ 33%] [32mBuilding CXX object CMakeFiles/ld08_driver.dir/src/main.cpp.o[0m
[7.790s] [ 66%] [32mBuilding CXX object CMakeFiles/ld08_driver.dir/src/transform.cpp.o[0m
[7.790s] [ 66%] [32mBuilding CXX object CMakeFiles/ld08_driver.dir/src/lipkg.cpp.o[0m
[7.791s] [ 83%] [32mBuilding CXX object CMakeFiles/ld08_driver.dir/src/slbf.cpp.o[0m
[9.599s] [01m[K/home/pranavdm/UMD/Sem-1/ENPM662/Projects/Project-0/src/utils/ld08_driver/src/transform.cpp:[m[K In constructor ‘[01m[KSlTransform::SlTransform(LDVersion, bool)[m[K’:
[9.600s] [01m[K/home/pranavdm/UMD/Sem-1/ENPM662/Projects/Project-0/src/utils/ld08_driver/src/transform.cpp:30:50:[m[K [01;35m[Kwarning: [m[Kunused parameter ‘[01m[Kto_right_hand[m[K’ [[01;35m[K]8;;https://gcc.gnu.org/onlinedocs/gcc/Warning-Options.html#index-Wunused-parameter-Wunused-parameter]8;;[m[K]
[9.600s]    30 | SlTransform::SlTransform(LDVersion version, [01;35m[Kbool to_right_hand[m[K)
[9.600s]       |                                             [01;35m[K~~~~~^~~~~~~~~~~~~[m[K
[10.852s] [100%] [32m[1mLinking CXX executable ld08_driver[0m
[11.107s] [100%] Built target ld08_driver
[11.114s] Invoked command in '/home/pranavdm/UMD/Sem-1/ENPM662/Projects/Project-0/build/ld08_driver' returned '0': CMAKE_PREFIX_PATH=${CMAKE_PREFIX_PATH}:/home/pranavdm/UMD/Sem-1/ENPM662/test1/testWS/install/turtlebot3_teleop:/home/pranavdm/UMD/Sem-1/ENPM662/test1/testWS/install/turtlebot3_example:/home/pranavdm/UMD/Sem-1/ENPM662/test1/testWS/install/tb_control:/opt/ros/humble /usr/bin/cmake --build /home/pranavdm/UMD/Sem-1/ENPM662/Projects/Project-0/build/ld08_driver -- -j20 -l20
[11.132s] Invoking command in '/home/pranavdm/UMD/Sem-1/ENPM662/Projects/Project-0/build/ld08_driver': CMAKE_PREFIX_PATH=${CMAKE_PREFIX_PATH}:/home/pranavdm/UMD/Sem-1/ENPM662/test1/testWS/install/turtlebot3_teleop:/home/pranavdm/UMD/Sem-1/ENPM662/test1/testWS/install/turtlebot3_example:/home/pranavdm/UMD/Sem-1/ENPM662/test1/testWS/install/tb_control:/opt/ros/humble /usr/bin/cmake --install /home/pranavdm/UMD/Sem-1/ENPM662/Projects/Project-0/build/ld08_driver
[11.136s] -- Install configuration: ""
[11.136s] -- Installing: /home/pranavdm/UMD/Sem-1/ENPM662/Projects/Project-0/install/ld08_driver/share/ld08_driver/launch
[11.137s] -- Installing: /home/pranavdm/UMD/Sem-1/ENPM662/Projects/Project-0/install/ld08_driver/share/ld08_driver/launch/ld08.launch.py
[11.137s] -- Installing: /home/pranavdm/UMD/Sem-1/ENPM662/Projects/Project-0/install/ld08_driver/lib/ld08_driver/ld08_driver
[11.138s] -- Set runtime path of "/home/pranavdm/UMD/Sem-1/ENPM662/Projects/Project-0/install/ld08_driver/lib/ld08_driver/ld08_driver" to ""
[11.138s] -- Installing: /home/pranavdm/UMD/Sem-1/ENPM662/Projects/Project-0/install/ld08_driver/share/ament_index/resource_index/package_run_dependencies/ld08_driver
[11.138s] -- Installing: /home/pranavdm/UMD/Sem-1/ENPM662/Projects/Project-0/install/ld08_driver/share/ament_index/resource_index/parent_prefix_path/ld08_driver
[11.138s] -- Installing: /home/pranavdm/UMD/Sem-1/ENPM662/Projects/Project-0/install/ld08_driver/share/ld08_driver/environment/ament_prefix_path.sh
[11.139s] -- Installing: /home/pranavdm/UMD/Sem-1/ENPM662/Projects/Project-0/install/ld08_driver/share/ld08_driver/environment/ament_prefix_path.dsv
[11.139s] -- Installing: /home/pranavdm/UMD/Sem-1/ENPM662/Projects/Project-0/install/ld08_driver/share/ld08_driver/environment/path.sh
[11.139s] -- Installing: /home/pranavdm/UMD/Sem-1/ENPM662/Projects/Project-0/install/ld08_driver/share/ld08_driver/environment/path.dsv
[11.139s] -- Installing: /home/pranavdm/UMD/Sem-1/ENPM662/Projects/Project-0/install/ld08_driver/share/ld08_driver/local_setup.bash
[11.139s] -- Installing: /home/pranavdm/UMD/Sem-1/ENPM662/Projects/Project-0/install/ld08_driver/share/ld08_driver/local_setup.sh
[11.139s] -- Installing: /home/pranavdm/UMD/Sem-1/ENPM662/Projects/Project-0/install/ld08_driver/share/ld08_driver/local_setup.zsh
[11.139s] -- Installing: /home/pranavdm/UMD/Sem-1/ENPM662/Projects/Project-0/install/ld08_driver/share/ld08_driver/local_setup.dsv
[11.140s] -- Installing: /home/pranavdm/UMD/Sem-1/ENPM662/Projects/Project-0/install/ld08_driver/share/ld08_driver/package.dsv
[11.140s] -- Installing: /home/pranavdm/UMD/Sem-1/ENPM662/Projects/Project-0/install/ld08_driver/share/ament_index/resource_index/packages/ld08_driver
[11.140s] -- Installing: /home/pranavdm/UMD/Sem-1/ENPM662/Projects/Project-0/install/ld08_driver/share/ld08_driver/cmake/ament_cmake_export_dependencies-extras.cmake
[11.140s] -- Installing: /home/pranavdm/UMD/Sem-1/ENPM662/Projects/Project-0/install/ld08_driver/share/ld08_driver/cmake/ament_cmake_export_include_directories-extras.cmake
[11.140s] -- Installing: /home/pranavdm/UMD/Sem-1/ENPM662/Projects/Project-0/install/ld08_driver/share/ld08_driver/cmake/ld08_driverConfig.cmake
[11.140s] -- Installing: /home/pranavdm/UMD/Sem-1/ENPM662/Projects/Project-0/install/ld08_driver/share/ld08_driver/cmake/ld08_driverConfig-version.cmake
[11.140s] -- Installing: /home/pranavdm/UMD/Sem-1/ENPM662/Projects/Project-0/install/ld08_driver/share/ld08_driver/package.xml
[11.141s] Invoked command in '/home/pranavdm/UMD/Sem-1/ENPM662/Projects/Project-0/build/ld08_driver' returned '0': CMAKE_PREFIX_PATH=${CMAKE_PREFIX_PATH}:/home/pranavdm/UMD/Sem-1/ENPM662/test1/testWS/install/turtlebot3_teleop:/home/pranavdm/UMD/Sem-1/ENPM662/test1/testWS/install/turtlebot3_example:/home/pranavdm/UMD/Sem-1/ENPM662/test1/testWS/install/tb_control:/opt/ros/humble /usr/bin/cmake --install /home/pranavdm/UMD/Sem-1/ENPM662/Projects/Project-0/build/ld08_driver
