[0.041s] Invoking command in '/home/pranavdm/UMD/Sem-1/ENPM662/Projects/Project-0/build/dynamixel_sdk': CMAKE_PREFIX_PATH=${CMAKE_PREFIX_PATH}:/home/pranavdm/UMD/Sem-1/ENPM662/test1/testWS/install/turtlebot3_teleop:/home/pranavdm/UMD/Sem-1/ENPM662/test1/testWS/install/turtlebot3_example:/home/pranavdm/UMD/Sem-1/ENPM662/test1/testWS/install/tb_control:/opt/ros/humble /usr/bin/cmake /home/pranavdm/UMD/Sem-1/ENPM662/Projects/Project-0/src/utils/DynamixelSDK/dynamixel_sdk -DCMAKE_INSTALL_PREFIX=/home/pranavdm/UMD/Sem-1/ENPM662/Projects/Project-0/install/dynamixel_sdk
[0.255s] -- The C compiler identification is GNU 11.4.0
[0.717s] -- The CXX compiler identification is GNU 11.4.0
[1.109s] -- Detecting C compiler ABI info
[1.237s] -- Detecting C compiler ABI info - done
[1.242s] -- Check for working C compiler: /usr/bin/cc - skipped
[1.242s] -- Detecting C compile features
[1.243s] -- Detecting C compile features - done
[1.244s] -- Detecting CXX compiler ABI info
[1.369s] -- Detecting CXX compiler ABI info - done
[1.373s] -- Check for working CXX compiler: /usr/bin/c++ - skipped
[1.374s] -- Detecting CXX compile features
[1.374s] -- Detecting CXX compile features - done
[1.375s] -- Found ament_cmake: 1.3.10 (/opt/ros/humble/share/ament_cmake/cmake)
[1.474s] -- Found Python3: /usr/bin/python3 (found version "3.10.12") found components: Interpreter 
[1.583s] -- Configuring done
[1.587s] -- Generating done
[1.587s] -- Build files have been written to: /home/pranavdm/UMD/Sem-1/ENPM662/Projects/Project-0/build/dynamixel_sdk
[1.591s] Invoked command in '/home/pranavdm/UMD/Sem-1/ENPM662/Projects/Project-0/build/dynamixel_sdk' returned '0': CMAKE_PREFIX_PATH=${CMAKE_PREFIX_PATH}:/home/pranavdm/UMD/Sem-1/ENPM662/test1/testWS/install/turtlebot3_teleop:/home/pranavdm/UMD/Sem-1/ENPM662/test1/testWS/install/turtlebot3_example:/home/pranavdm/UMD/Sem-1/ENPM662/test1/testWS/install/tb_control:/opt/ros/humble /usr/bin/cmake /home/pranavdm/UMD/Sem-1/ENPM662/Projects/Project-0/src/utils/DynamixelSDK/dynamixel_sdk -DCMAKE_INSTALL_PREFIX=/home/pranavdm/UMD/Sem-1/ENPM662/Projects/Project-0/install/dynamixel_sdk
[1.592s] Invoking command in '/home/pranavdm/UMD/Sem-1/ENPM662/Projects/Project-0/build/dynamixel_sdk': CMAKE_PREFIX_PATH=${CMAKE_PREFIX_PATH}:/home/pranavdm/UMD/Sem-1/ENPM662/test1/testWS/install/turtlebot3_teleop:/home/pranavdm/UMD/Sem-1/ENPM662/test1/testWS/install/turtlebot3_example:/home/pranavdm/UMD/Sem-1/ENPM662/test1/testWS/install/tb_control:/opt/ros/humble /usr/bin/cmake --build /home/pranavdm/UMD/Sem-1/ENPM662/Projects/Project-0/build/dynamixel_sdk -- -j20 -l20
[1.622s] [ 10%] [32mBuilding CXX object CMakeFiles/dynamixel_sdk.dir/src/dynamixel_sdk/packet_handler.cpp.o[0m
[1.622s] [ 20%] [32mBuilding CXX object CMakeFiles/dynamixel_sdk.dir/src/dynamixel_sdk/protocol1_packet_handler.cpp.o[0m
[1.623s] [ 40%] [32mBuilding CXX object CMakeFiles/dynamixel_sdk.dir/src/dynamixel_sdk/group_sync_write.cpp.o[0m
[1.623s] [ 40%] [32mBuilding CXX object CMakeFiles/dynamixel_sdk.dir/src/dynamixel_sdk/port_handler_linux.cpp.o[0m
[1.624s] [ 50%] [32mBuilding CXX object CMakeFiles/dynamixel_sdk.dir/src/dynamixel_sdk/group_bulk_write.cpp.o[0m
[1.624s] [ 60%] [32mBuilding CXX object CMakeFiles/dynamixel_sdk.dir/src/dynamixel_sdk/protocol2_packet_handler.cpp.o[0m
[1.624s] [ 70%] [32mBuilding CXX object CMakeFiles/dynamixel_sdk.dir/src/dynamixel_sdk/port_handler.cpp.o[0m
[1.624s] [ 80%] [32mBuilding CXX object CMakeFiles/dynamixel_sdk.dir/src/dynamixel_sdk/group_sync_read.cpp.o[0m
[1.625s] [ 90%] [32mBuilding CXX object CMakeFiles/dynamixel_sdk.dir/src/dynamixel_sdk/group_bulk_read.cpp.o[0m
[1.972s] [100%] [32m[1mLinking CXX shared library libdynamixel_sdk.so[0m
[2.101s] [100%] Built target dynamixel_sdk
[2.108s] Invoked command in '/home/pranavdm/UMD/Sem-1/ENPM662/Projects/Project-0/build/dynamixel_sdk' returned '0': CMAKE_PREFIX_PATH=${CMAKE_PREFIX_PATH}:/home/pranavdm/UMD/Sem-1/ENPM662/test1/testWS/install/turtlebot3_teleop:/home/pranavdm/UMD/Sem-1/ENPM662/test1/testWS/install/turtlebot3_example:/home/pranavdm/UMD/Sem-1/ENPM662/test1/testWS/install/tb_control:/opt/ros/humble /usr/bin/cmake --build /home/pranavdm/UMD/Sem-1/ENPM662/Projects/Project-0/build/dynamixel_sdk -- -j20 -l20
[2.133s] Invoking command in '/home/pranavdm/UMD/Sem-1/ENPM662/Projects/Project-0/build/dynamixel_sdk': CMAKE_PREFIX_PATH=${CMAKE_PREFIX_PATH}:/home/pranavdm/UMD/Sem-1/ENPM662/test1/testWS/install/turtlebot3_teleop:/home/pranavdm/UMD/Sem-1/ENPM662/test1/testWS/install/turtlebot3_example:/home/pranavdm/UMD/Sem-1/ENPM662/test1/testWS/install/tb_control:/opt/ros/humble /usr/bin/cmake --install /home/pranavdm/UMD/Sem-1/ENPM662/Projects/Project-0/build/dynamixel_sdk
[2.137s] -- Install configuration: ""
[2.137s] -- Installing: /home/pranavdm/UMD/Sem-1/ENPM662/Projects/Project-0/install/dynamixel_sdk/include/
[2.138s] -- Installing: /home/pranavdm/UMD/Sem-1/ENPM662/Projects/Project-0/install/dynamixel_sdk/include//dynamixel_sdk
[2.139s] -- Installing: /home/pranavdm/UMD/Sem-1/ENPM662/Projects/Project-0/install/dynamixel_sdk/include//dynamixel_sdk/protocol1_packet_handler.h
[2.139s] -- Installing: /home/pranavdm/UMD/Sem-1/ENPM662/Projects/Project-0/install/dynamixel_sdk/include//dynamixel_sdk/port_handler.h
[2.139s] -- Installing: /home/pranavdm/UMD/Sem-1/ENPM662/Projects/Project-0/install/dynamixel_sdk/include//dynamixel_sdk/port_handler_linux.h
[2.139s] -- Installing: /home/pranavdm/UMD/Sem-1/ENPM662/Projects/Project-0/install/dynamixel_sdk/include//dynamixel_sdk/group_bulk_write.h
[2.139s] -- Installing: /home/pranavdm/UMD/Sem-1/ENPM662/Projects/Project-0/install/dynamixel_sdk/include//dynamixel_sdk/dynamixel_sdk.h
[2.139s] -- Installing: /home/pranavdm/UMD/Sem-1/ENPM662/Projects/Project-0/install/dynamixel_sdk/include//dynamixel_sdk/port_handler_windows.h
[2.139s] -- Installing: /home/pranavdm/UMD/Sem-1/ENPM662/Projects/Project-0/install/dynamixel_sdk/include//dynamixel_sdk/packet_handler.h
[2.140s] -- Installing: /home/pranavdm/UMD/Sem-1/ENPM662/Projects/Project-0/install/dynamixel_sdk/include//dynamixel_sdk/port_handler_arduino.h
[2.140s] -- Installing: /home/pranavdm/UMD/Sem-1/ENPM662/Projects/Project-0/install/dynamixel_sdk/include//dynamixel_sdk/group_bulk_read.h
[2.140s] -- Installing: /home/pranavdm/UMD/Sem-1/ENPM662/Projects/Project-0/install/dynamixel_sdk/include//dynamixel_sdk/port_handler_mac.h
[2.140s] -- Installing: /home/pranavdm/UMD/Sem-1/ENPM662/Projects/Project-0/install/dynamixel_sdk/include//dynamixel_sdk/group_sync_write.h
[2.140s] -- Installing: /home/pranavdm/UMD/Sem-1/ENPM662/Projects/Project-0/install/dynamixel_sdk/include//dynamixel_sdk/protocol2_packet_handler.h
[2.140s] -- Installing: /home/pranavdm/UMD/Sem-1/ENPM662/Projects/Project-0/install/dynamixel_sdk/include//dynamixel_sdk/group_sync_read.h
[2.140s] -- Installing: /home/pranavdm/UMD/Sem-1/ENPM662/Projects/Project-0/install/dynamixel_sdk/lib/libdynamixel_sdk.so
[2.140s] -- Installing: /home/pranavdm/UMD/Sem-1/ENPM662/Projects/Project-0/install/dynamixel_sdk/share/dynamixel_sdk/environment/library_path.sh
[2.140s] -- Installing: /home/pranavdm/UMD/Sem-1/ENPM662/Projects/Project-0/install/dynamixel_sdk/share/dynamixel_sdk/environment/library_path.dsv
[2.141s] -- Installing: /home/pranavdm/UMD/Sem-1/ENPM662/Projects/Project-0/install/dynamixel_sdk/share/ament_index/resource_index/package_run_dependencies/dynamixel_sdk
[2.141s] -- Installing: /home/pranavdm/UMD/Sem-1/ENPM662/Projects/Project-0/install/dynamixel_sdk/share/ament_index/resource_index/parent_prefix_path/dynamixel_sdk
[2.141s] -- Installing: /home/pranavdm/UMD/Sem-1/ENPM662/Projects/Project-0/install/dynamixel_sdk/share/dynamixel_sdk/environment/ament_prefix_path.sh
[2.141s] -- Installing: /home/pranavdm/UMD/Sem-1/ENPM662/Projects/Project-0/install/dynamixel_sdk/share/dynamixel_sdk/environment/ament_prefix_path.dsv
[2.141s] -- Installing: /home/pranavdm/UMD/Sem-1/ENPM662/Projects/Project-0/install/dynamixel_sdk/share/dynamixel_sdk/environment/path.sh
[2.141s] -- Installing: /home/pranavdm/UMD/Sem-1/ENPM662/Projects/Project-0/install/dynamixel_sdk/share/dynamixel_sdk/environment/path.dsv
[2.141s] -- Installing: /home/pranavdm/UMD/Sem-1/ENPM662/Projects/Project-0/install/dynamixel_sdk/share/dynamixel_sdk/local_setup.bash
[2.142s] -- Installing: /home/pranavdm/UMD/Sem-1/ENPM662/Projects/Project-0/install/dynamixel_sdk/share/dynamixel_sdk/local_setup.sh
[2.142s] -- Installing: /home/pranavdm/UMD/Sem-1/ENPM662/Projects/Project-0/install/dynamixel_sdk/share/dynamixel_sdk/local_setup.zsh
[2.142s] -- Installing: /home/pranavdm/UMD/Sem-1/ENPM662/Projects/Project-0/install/dynamixel_sdk/share/dynamixel_sdk/local_setup.dsv
[2.142s] -- Installing: /home/pranavdm/UMD/Sem-1/ENPM662/Projects/Project-0/install/dynamixel_sdk/share/dynamixel_sdk/package.dsv
[2.142s] -- Installing: /home/pranavdm/UMD/Sem-1/ENPM662/Projects/Project-0/install/dynamixel_sdk/share/ament_index/resource_index/packages/dynamixel_sdk
[2.142s] -- Installing: /home/pranavdm/UMD/Sem-1/ENPM662/Projects/Project-0/install/dynamixel_sdk/share/dynamixel_sdk/cmake/ament_cmake_export_include_directories-extras.cmake
[2.142s] -- Installing: /home/pranavdm/UMD/Sem-1/ENPM662/Projects/Project-0/install/dynamixel_sdk/share/dynamixel_sdk/cmake/ament_cmake_export_libraries-extras.cmake
[2.142s] -- Installing: /home/pranavdm/UMD/Sem-1/ENPM662/Projects/Project-0/install/dynamixel_sdk/share/dynamixel_sdk/cmake/dynamixel_sdkConfig.cmake
[2.142s] -- Installing: /home/pranavdm/UMD/Sem-1/ENPM662/Projects/Project-0/install/dynamixel_sdk/share/dynamixel_sdk/cmake/dynamixel_sdkConfig-version.cmake
[2.142s] -- Installing: /home/pranavdm/UMD/Sem-1/ENPM662/Projects/Project-0/install/dynamixel_sdk/share/dynamixel_sdk/package.xml
[2.143s] Invoked command in '/home/pranavdm/UMD/Sem-1/ENPM662/Projects/Project-0/build/dynamixel_sdk' returned '0': CMAKE_PREFIX_PATH=${CMAKE_PREFIX_PATH}:/home/pranavdm/UMD/Sem-1/ENPM662/test1/testWS/install/turtlebot3_teleop:/home/pranavdm/UMD/Sem-1/ENPM662/test1/testWS/install/turtlebot3_example:/home/pranavdm/UMD/Sem-1/ENPM662/test1/testWS/install/tb_control:/opt/ros/humble /usr/bin/cmake --install /home/pranavdm/UMD/Sem-1/ENPM662/Projects/Project-0/build/dynamixel_sdk
