[0.220s] Invoking command in '/home/pranavdm/UMD/Sem-1/ENPM662/Projects/Project-0/build/turtlebot3_node': AMENT_PREFIX_PATH=/home/pranavdm/UMD/Sem-1/ENPM662/Projects/Project-0/install/turtlebot3_msgs:/home/pranavdm/UMD/Sem-1/ENPM662/Projects/Project-0/install/dynamixel_sdk:${AMENT_PREFIX_PATH} CMAKE_PREFIX_PATH=/home/pranavdm/UMD/Sem-1/ENPM662/Projects/Project-0/install/turtlebot3_msgs:/home/pranavdm/UMD/Sem-1/ENPM662/Projects/Project-0/install/dynamixel_sdk:/home/pranavdm/UMD/Sem-1/ENPM662/test1/testWS/install/turtlebot3:/home/pranavdm/UMD/Sem-1/ENPM662/test1/testWS/install/turtlebot3_simulations:/home/pranavdm/UMD/Sem-1/ENPM662/test1/testWS/install/turtlebot3_bringup:/home/pranavdm/UMD/Sem-1/ENPM662/test1/testWS/install/turtlebot3_node:/home/pranavdm/UMD/Sem-1/ENPM662/test1/testWS/install/turtlebot3_navigation2:/home/pranavdm/UMD/Sem-1/ENPM662/test1/testWS/install/turtlebot3_fake_node:/home/pranavdm/UMD/Sem-1/ENPM662/test1/testWS/install/turtlebot3_msgs:/home/pranavdm/UMD/Sem-1/ENPM662/test1/testWS/install/turtlebot3_gazebo:/home/pranavdm/UMD/Sem-1/ENPM662/test1/testWS/install/turtlebot3_description:/home/pranavdm/UMD/Sem-1/ENPM662/test1/testWS/install/turtlebot3_cartographer:/home/pranavdm/UMD/Sem-1/ENPM662/test1/testWS/install/ld08_driver:/home/pranavdm/UMD/Sem-1/ENPM662/test1/testWS/install/hls_lfcd_lds_driver:/home/pranavdm/UMD/Sem-1/ENPM662/test1/testWS/install/dynamixel_sdk_examples:/home/pranavdm/UMD/Sem-1/ENPM662/test1/testWS/install/dynamixel_sdk_custom_interfaces:/home/pranavdm/UMD/Sem-1/ENPM662/test1/testWS/install/dynamixel_sdk:/home/pranavdm/UMD/Sem-1/ENPM662/test1/testWS/install/turtlebot3_teleop:/home/pranavdm/UMD/Sem-1/ENPM662/test1/testWS/install/turtlebot3_example:/home/pranavdm/UMD/Sem-1/ENPM662/test1/testWS/install/tb_control:/opt/ros/humble LD_LIBRARY_PATH=/home/pranavdm/UMD/Sem-1/ENPM662/Projects/Project-0/install/turtlebot3_msgs/lib:/home/pranavdm/UMD/Sem-1/ENPM662/Projects/Project-0/install/dynamixel_sdk/lib:/home/pranavdm/UMD/Sem-1/ENPM662/test1/testWS/install/turtlebot3_msgs/lib:/home/pranavdm/UMD/Sem-1/ENPM662/test1/testWS/install/dynamixel_sdk_custom_interfaces/lib:/home/pranavdm/UMD/Sem-1/ENPM662/test1/testWS/install/dynamixel_sdk/lib:/usr/lib/x86_64-linux-gnu/gazebo-11/plugins:/opt/ros/humble/opt/rviz_ogre_vendor/lib:/opt/ros/humble/lib/x86_64-linux-gnu:/opt/ros/humble/lib:/usr/share/gazebo/../../lib/x86_64-linux-gnu/gazebo-11/plugins PYTHONPATH=/home/pranavdm/UMD/Sem-1/ENPM662/Projects/Project-0/install/turtlebot3_msgs/local/lib/python3.10/dist-packages:${PYTHONPATH} /usr/bin/cmake /home/pranavdm/UMD/Sem-1/ENPM662/Projects/Project-0/src/turtlebot3/turtlebot3/turtlebot3_node -DCMAKE_INSTALL_PREFIX=/home/pranavdm/UMD/Sem-1/ENPM662/Projects/Project-0/install/turtlebot3_node
[0.325s] -- The C compiler identification is GNU 11.4.0
[0.737s] -- The CXX compiler identification is GNU 11.4.0
[1.068s] -- Detecting C compiler ABI info
[1.187s] -- Detecting C compiler ABI info - done
[1.192s] -- Check for working C compiler: /usr/bin/cc - skipped
[1.193s] -- Detecting C compile features
[1.193s] -- Detecting C compile features - done
[1.195s] -- Detecting CXX compiler ABI info
[1.304s] -- Detecting CXX compiler ABI info - done
[1.309s] -- Check for working CXX compiler: /usr/bin/c++ - skipped
[1.310s] -- Detecting CXX compile features
[1.310s] -- Detecting CXX compile features - done
[1.312s] -- Found ament_cmake: 1.3.10 (/opt/ros/humble/share/ament_cmake/cmake)
[1.428s] -- Found Python3: /usr/bin/python3 (found version "3.10.12") found components: Interpreter 
[1.500s] -- Found dynamixel_sdk: 3.7.60 (/home/pranavdm/UMD/Sem-1/ENPM662/Projects/Project-0/install/dynamixel_sdk/share/dynamixel_sdk/cmake)
[1.502s] -- Found geometry_msgs: 4.2.4 (/opt/ros/humble/share/geometry_msgs/cmake)
[1.596s] -- Found rosidl_generator_c: 3.1.5 (/opt/ros/humble/share/rosidl_generator_c/cmake)
[1.600s] -- Found rosidl_adapter: 3.1.5 (/opt/ros/humble/share/rosidl_adapter/cmake)
[1.607s] -- Found rosidl_generator_cpp: 3.1.5 (/opt/ros/humble/share/rosidl_generator_cpp/cmake)
[1.617s] -- Using all available rosidl_typesupport_c: rosidl_typesupport_fastrtps_c;rosidl_typesupport_introspection_c
[1.630s] -- Using all available rosidl_typesupport_cpp: rosidl_typesupport_fastrtps_cpp;rosidl_typesupport_introspection_cpp
[1.659s] -- Found message_filters: 4.3.5 (/opt/ros/humble/share/message_filters/cmake)
[1.696s] -- Found rmw_implementation_cmake: 6.1.2 (/opt/ros/humble/share/rmw_implementation_cmake/cmake)
[1.700s] -- Found rmw_fastrtps_cpp: 6.2.7 (/opt/ros/humble/share/rmw_fastrtps_cpp/cmake)
[2.285s] -- Found OpenSSL: /usr/lib/x86_64-linux-gnu/libcrypto.so (found version "3.0.2")  
[3.474s] -- Found FastRTPS: /opt/ros/humble/include  
[7.060s] -- Using RMW implementation 'rmw_fastrtps_cpp' as default
[7.066s] -- Looking for pthread.h
[7.245s] -- Looking for pthread.h - found
[7.245s] -- Performing Test CMAKE_HAVE_LIBC_PTHREAD
[7.403s] -- Performing Test CMAKE_HAVE_LIBC_PTHREAD - Success
[7.403s] -- Found Threads: TRUE  
[7.428s] -- Found nav_msgs: 4.2.4 (/opt/ros/humble/share/nav_msgs/cmake)
[7.438s] -- Found sensor_msgs: 4.2.4 (/opt/ros/humble/share/sensor_msgs/cmake)
[7.452s] -- Found std_srvs: 4.2.4 (/opt/ros/humble/share/std_srvs/cmake)
[7.477s] -- Found tf2: 0.25.7 (/opt/ros/humble/share/tf2/cmake)
[7.486s] -- Found tf2_ros: 0.25.7 (/opt/ros/humble/share/tf2_ros/cmake)
[7.565s] -- Found turtlebot3_msgs: 2.2.3 (/home/pranavdm/UMD/Sem-1/ENPM662/Projects/Project-0/install/turtlebot3_msgs/share/turtlebot3_msgs/cmake)
[7.625s] -- Configuring done
[7.637s] -- Generating done
[7.639s] -- Build files have been written to: /home/pranavdm/UMD/Sem-1/ENPM662/Projects/Project-0/build/turtlebot3_node
[7.647s] Invoked command in '/home/pranavdm/UMD/Sem-1/ENPM662/Projects/Project-0/build/turtlebot3_node' returned '0': AMENT_PREFIX_PATH=/home/pranavdm/UMD/Sem-1/ENPM662/Projects/Project-0/install/turtlebot3_msgs:/home/pranavdm/UMD/Sem-1/ENPM662/Projects/Project-0/install/dynamixel_sdk:${AMENT_PREFIX_PATH} CMAKE_PREFIX_PATH=/home/pranavdm/UMD/Sem-1/ENPM662/Projects/Project-0/install/turtlebot3_msgs:/home/pranavdm/UMD/Sem-1/ENPM662/Projects/Project-0/install/dynamixel_sdk:/home/pranavdm/UMD/Sem-1/ENPM662/test1/testWS/install/turtlebot3:/home/pranavdm/UMD/Sem-1/ENPM662/test1/testWS/install/turtlebot3_simulations:/home/pranavdm/UMD/Sem-1/ENPM662/test1/testWS/install/turtlebot3_bringup:/home/pranavdm/UMD/Sem-1/ENPM662/test1/testWS/install/turtlebot3_node:/home/pranavdm/UMD/Sem-1/ENPM662/test1/testWS/install/turtlebot3_navigation2:/home/pranavdm/UMD/Sem-1/ENPM662/test1/testWS/install/turtlebot3_fake_node:/home/pranavdm/UMD/Sem-1/ENPM662/test1/testWS/install/turtlebot3_msgs:/home/pranavdm/UMD/Sem-1/ENPM662/test1/testWS/install/turtlebot3_gazebo:/home/pranavdm/UMD/Sem-1/ENPM662/test1/testWS/install/turtlebot3_description:/home/pranavdm/UMD/Sem-1/ENPM662/test1/testWS/install/turtlebot3_cartographer:/home/pranavdm/UMD/Sem-1/ENPM662/test1/testWS/install/ld08_driver:/home/pranavdm/UMD/Sem-1/ENPM662/test1/testWS/install/hls_lfcd_lds_driver:/home/pranavdm/UMD/Sem-1/ENPM662/test1/testWS/install/dynamixel_sdk_examples:/home/pranavdm/UMD/Sem-1/ENPM662/test1/testWS/install/dynamixel_sdk_custom_interfaces:/home/pranavdm/UMD/Sem-1/ENPM662/test1/testWS/install/dynamixel_sdk:/home/pranavdm/UMD/Sem-1/ENPM662/test1/testWS/install/turtlebot3_teleop:/home/pranavdm/UMD/Sem-1/ENPM662/test1/testWS/install/turtlebot3_example:/home/pranavdm/UMD/Sem-1/ENPM662/test1/testWS/install/tb_control:/opt/ros/humble LD_LIBRARY_PATH=/home/pranavdm/UMD/Sem-1/ENPM662/Projects/Project-0/install/turtlebot3_msgs/lib:/home/pranavdm/UMD/Sem-1/ENPM662/Projects/Project-0/install/dynamixel_sdk/lib:/home/pranavdm/UMD/Sem-1/ENPM662/test1/testWS/install/turtlebot3_msgs/lib:/home/pranavdm/UMD/Sem-1/ENPM662/test1/testWS/install/dynamixel_sdk_custom_interfaces/lib:/home/pranavdm/UMD/Sem-1/ENPM662/test1/testWS/install/dynamixel_sdk/lib:/usr/lib/x86_64-linux-gnu/gazebo-11/plugins:/opt/ros/humble/opt/rviz_ogre_vendor/lib:/opt/ros/humble/lib/x86_64-linux-gnu:/opt/ros/humble/lib:/usr/share/gazebo/../../lib/x86_64-linux-gnu/gazebo-11/plugins PYTHONPATH=/home/pranavdm/UMD/Sem-1/ENPM662/Projects/Project-0/install/turtlebot3_msgs/local/lib/python3.10/dist-packages:${PYTHONPATH} /usr/bin/cmake /home/pranavdm/UMD/Sem-1/ENPM662/Projects/Project-0/src/turtlebot3/turtlebot3/turtlebot3_node -DCMAKE_INSTALL_PREFIX=/home/pranavdm/UMD/Sem-1/ENPM662/Projects/Project-0/install/turtlebot3_node
[7.648s] Invoking command in '/home/pranavdm/UMD/Sem-1/ENPM662/Projects/Project-0/build/turtlebot3_node': AMENT_PREFIX_PATH=/home/pranavdm/UMD/Sem-1/ENPM662/Projects/Project-0/install/turtlebot3_msgs:/home/pranavdm/UMD/Sem-1/ENPM662/Projects/Project-0/install/dynamixel_sdk:${AMENT_PREFIX_PATH} CMAKE_PREFIX_PATH=/home/pranavdm/UMD/Sem-1/ENPM662/Projects/Project-0/install/turtlebot3_msgs:/home/pranavdm/UMD/Sem-1/ENPM662/Projects/Project-0/install/dynamixel_sdk:/home/pranavdm/UMD/Sem-1/ENPM662/test1/testWS/install/turtlebot3:/home/pranavdm/UMD/Sem-1/ENPM662/test1/testWS/install/turtlebot3_simulations:/home/pranavdm/UMD/Sem-1/ENPM662/test1/testWS/install/turtlebot3_bringup:/home/pranavdm/UMD/Sem-1/ENPM662/test1/testWS/install/turtlebot3_node:/home/pranavdm/UMD/Sem-1/ENPM662/test1/testWS/install/turtlebot3_navigation2:/home/pranavdm/UMD/Sem-1/ENPM662/test1/testWS/install/turtlebot3_fake_node:/home/pranavdm/UMD/Sem-1/ENPM662/test1/testWS/install/turtlebot3_msgs:/home/pranavdm/UMD/Sem-1/ENPM662/test1/testWS/install/turtlebot3_gazebo:/home/pranavdm/UMD/Sem-1/ENPM662/test1/testWS/install/turtlebot3_description:/home/pranavdm/UMD/Sem-1/ENPM662/test1/testWS/install/turtlebot3_cartographer:/home/pranavdm/UMD/Sem-1/ENPM662/test1/testWS/install/ld08_driver:/home/pranavdm/UMD/Sem-1/ENPM662/test1/testWS/install/hls_lfcd_lds_driver:/home/pranavdm/UMD/Sem-1/ENPM662/test1/testWS/install/dynamixel_sdk_examples:/home/pranavdm/UMD/Sem-1/ENPM662/test1/testWS/install/dynamixel_sdk_custom_interfaces:/home/pranavdm/UMD/Sem-1/ENPM662/test1/testWS/install/dynamixel_sdk:/home/pranavdm/UMD/Sem-1/ENPM662/test1/testWS/install/turtlebot3_teleop:/home/pranavdm/UMD/Sem-1/ENPM662/test1/testWS/install/turtlebot3_example:/home/pranavdm/UMD/Sem-1/ENPM662/test1/testWS/install/tb_control:/opt/ros/humble LD_LIBRARY_PATH=/home/pranavdm/UMD/Sem-1/ENPM662/Projects/Project-0/install/turtlebot3_msgs/lib:/home/pranavdm/UMD/Sem-1/ENPM662/Projects/Project-0/install/dynamixel_sdk/lib:/home/pranavdm/UMD/Sem-1/ENPM662/test1/testWS/install/turtlebot3_msgs/lib:/home/pranavdm/UMD/Sem-1/ENPM662/test1/testWS/install/dynamixel_sdk_custom_interfaces/lib:/home/pranavdm/UMD/Sem-1/ENPM662/test1/testWS/install/dynamixel_sdk/lib:/usr/lib/x86_64-linux-gnu/gazebo-11/plugins:/opt/ros/humble/opt/rviz_ogre_vendor/lib:/opt/ros/humble/lib/x86_64-linux-gnu:/opt/ros/humble/lib:/usr/share/gazebo/../../lib/x86_64-linux-gnu/gazebo-11/plugins PYTHONPATH=/home/pranavdm/UMD/Sem-1/ENPM662/Projects/Project-0/install/turtlebot3_msgs/local/lib/python3.10/dist-packages:${PYTHONPATH} /usr/bin/cmake --build /home/pranavdm/UMD/Sem-1/ENPM662/Projects/Project-0/build/turtlebot3_node -- -j20 -l20
[7.677s] [  7%] [32mBuilding CXX object CMakeFiles/turtlebot3_node_lib.dir/src/devices/motor_power.cpp.o[0m
[7.677s] [ 14%] [32mBuilding CXX object CMakeFiles/turtlebot3_node_lib.dir/src/devices/sound.cpp.o[0m
[7.678s] [ 21%] [32mBuilding CXX object CMakeFiles/turtlebot3_node_lib.dir/src/diff_drive_controller.cpp.o[0m
[7.679s] [ 28%] [32mBuilding CXX object CMakeFiles/turtlebot3_node_lib.dir/src/odometry.cpp.o[0m
[7.679s] [ 35%] [32mBuilding CXX object CMakeFiles/turtlebot3_node_lib.dir/src/devices/reset.cpp.o[0m
[7.680s] [ 42%] [32mBuilding CXX object CMakeFiles/turtlebot3_node_lib.dir/src/sensors/battery_state.cpp.o[0m
[7.681s] [ 50%] [32mBuilding CXX object CMakeFiles/turtlebot3_node_lib.dir/src/sensors/sensor_state.cpp.o[0m
[7.681s] [ 57%] [32mBuilding CXX object CMakeFiles/turtlebot3_node_lib.dir/src/sensors/imu.cpp.o[0m
[7.681s] [ 64%] [32mBuilding CXX object CMakeFiles/turtlebot3_node_lib.dir/src/turtlebot3.cpp.o[0m
[7.681s] [ 71%] [32mBuilding CXX object CMakeFiles/turtlebot3_node_lib.dir/src/dynamixel_sdk_wrapper.cpp.o[0m
[7.682s] [ 78%] [32mBuilding CXX object CMakeFiles/turtlebot3_node_lib.dir/src/sensors/joint_state.cpp.o[0m
[17.876s] [ 85%] [32m[1mLinking CXX static library libturtlebot3_node_lib.a[0m
[18.144s] [ 85%] Built target turtlebot3_node_lib
[18.156s] [ 92%] [32mBuilding CXX object CMakeFiles/turtlebot3_ros.dir/src/node_main.cpp.o[0m
[20.030s] [100%] [32m[1mLinking CXX executable turtlebot3_ros[0m
[21.087s] [100%] Built target turtlebot3_ros
[21.093s] Invoked command in '/home/pranavdm/UMD/Sem-1/ENPM662/Projects/Project-0/build/turtlebot3_node' returned '0': AMENT_PREFIX_PATH=/home/pranavdm/UMD/Sem-1/ENPM662/Projects/Project-0/install/turtlebot3_msgs:/home/pranavdm/UMD/Sem-1/ENPM662/Projects/Project-0/install/dynamixel_sdk:${AMENT_PREFIX_PATH} CMAKE_PREFIX_PATH=/home/pranavdm/UMD/Sem-1/ENPM662/Projects/Project-0/install/turtlebot3_msgs:/home/pranavdm/UMD/Sem-1/ENPM662/Projects/Project-0/install/dynamixel_sdk:/home/pranavdm/UMD/Sem-1/ENPM662/test1/testWS/install/turtlebot3:/home/pranavdm/UMD/Sem-1/ENPM662/test1/testWS/install/turtlebot3_simulations:/home/pranavdm/UMD/Sem-1/ENPM662/test1/testWS/install/turtlebot3_bringup:/home/pranavdm/UMD/Sem-1/ENPM662/test1/testWS/install/turtlebot3_node:/home/pranavdm/UMD/Sem-1/ENPM662/test1/testWS/install/turtlebot3_navigation2:/home/pranavdm/UMD/Sem-1/ENPM662/test1/testWS/install/turtlebot3_fake_node:/home/pranavdm/UMD/Sem-1/ENPM662/test1/testWS/install/turtlebot3_msgs:/home/pranavdm/UMD/Sem-1/ENPM662/test1/testWS/install/turtlebot3_gazebo:/home/pranavdm/UMD/Sem-1/ENPM662/test1/testWS/install/turtlebot3_description:/home/pranavdm/UMD/Sem-1/ENPM662/test1/testWS/install/turtlebot3_cartographer:/home/pranavdm/UMD/Sem-1/ENPM662/test1/testWS/install/ld08_driver:/home/pranavdm/UMD/Sem-1/ENPM662/test1/testWS/install/hls_lfcd_lds_driver:/home/pranavdm/UMD/Sem-1/ENPM662/test1/testWS/install/dynamixel_sdk_examples:/home/pranavdm/UMD/Sem-1/ENPM662/test1/testWS/install/dynamixel_sdk_custom_interfaces:/home/pranavdm/UMD/Sem-1/ENPM662/test1/testWS/install/dynamixel_sdk:/home/pranavdm/UMD/Sem-1/ENPM662/test1/testWS/install/turtlebot3_teleop:/home/pranavdm/UMD/Sem-1/ENPM662/test1/testWS/install/turtlebot3_example:/home/pranavdm/UMD/Sem-1/ENPM662/test1/testWS/install/tb_control:/opt/ros/humble LD_LIBRARY_PATH=/home/pranavdm/UMD/Sem-1/ENPM662/Projects/Project-0/install/turtlebot3_msgs/lib:/home/pranavdm/UMD/Sem-1/ENPM662/Projects/Project-0/install/dynamixel_sdk/lib:/home/pranavdm/UMD/Sem-1/ENPM662/test1/testWS/install/turtlebot3_msgs/lib:/home/pranavdm/UMD/Sem-1/ENPM662/test1/testWS/install/dynamixel_sdk_custom_interfaces/lib:/home/pranavdm/UMD/Sem-1/ENPM662/test1/testWS/install/dynamixel_sdk/lib:/usr/lib/x86_64-linux-gnu/gazebo-11/plugins:/opt/ros/humble/opt/rviz_ogre_vendor/lib:/opt/ros/humble/lib/x86_64-linux-gnu:/opt/ros/humble/lib:/usr/share/gazebo/../../lib/x86_64-linux-gnu/gazebo-11/plugins PYTHONPATH=/home/pranavdm/UMD/Sem-1/ENPM662/Projects/Project-0/install/turtlebot3_msgs/local/lib/python3.10/dist-packages:${PYTHONPATH} /usr/bin/cmake --build /home/pranavdm/UMD/Sem-1/ENPM662/Projects/Project-0/build/turtlebot3_node -- -j20 -l20
[21.123s] Invoking command in '/home/pranavdm/UMD/Sem-1/ENPM662/Projects/Project-0/build/turtlebot3_node': AMENT_PREFIX_PATH=/home/pranavdm/UMD/Sem-1/ENPM662/Projects/Project-0/install/turtlebot3_msgs:/home/pranavdm/UMD/Sem-1/ENPM662/Projects/Project-0/install/dynamixel_sdk:${AMENT_PREFIX_PATH} CMAKE_PREFIX_PATH=/home/pranavdm/UMD/Sem-1/ENPM662/Projects/Project-0/install/turtlebot3_msgs:/home/pranavdm/UMD/Sem-1/ENPM662/Projects/Project-0/install/dynamixel_sdk:/home/pranavdm/UMD/Sem-1/ENPM662/test1/testWS/install/turtlebot3:/home/pranavdm/UMD/Sem-1/ENPM662/test1/testWS/install/turtlebot3_simulations:/home/pranavdm/UMD/Sem-1/ENPM662/test1/testWS/install/turtlebot3_bringup:/home/pranavdm/UMD/Sem-1/ENPM662/test1/testWS/install/turtlebot3_node:/home/pranavdm/UMD/Sem-1/ENPM662/test1/testWS/install/turtlebot3_navigation2:/home/pranavdm/UMD/Sem-1/ENPM662/test1/testWS/install/turtlebot3_fake_node:/home/pranavdm/UMD/Sem-1/ENPM662/test1/testWS/install/turtlebot3_msgs:/home/pranavdm/UMD/Sem-1/ENPM662/test1/testWS/install/turtlebot3_gazebo:/home/pranavdm/UMD/Sem-1/ENPM662/test1/testWS/install/turtlebot3_description:/home/pranavdm/UMD/Sem-1/ENPM662/test1/testWS/install/turtlebot3_cartographer:/home/pranavdm/UMD/Sem-1/ENPM662/test1/testWS/install/ld08_driver:/home/pranavdm/UMD/Sem-1/ENPM662/test1/testWS/install/hls_lfcd_lds_driver:/home/pranavdm/UMD/Sem-1/ENPM662/test1/testWS/install/dynamixel_sdk_examples:/home/pranavdm/UMD/Sem-1/ENPM662/test1/testWS/install/dynamixel_sdk_custom_interfaces:/home/pranavdm/UMD/Sem-1/ENPM662/test1/testWS/install/dynamixel_sdk:/home/pranavdm/UMD/Sem-1/ENPM662/test1/testWS/install/turtlebot3_teleop:/home/pranavdm/UMD/Sem-1/ENPM662/test1/testWS/install/turtlebot3_example:/home/pranavdm/UMD/Sem-1/ENPM662/test1/testWS/install/tb_control:/opt/ros/humble LD_LIBRARY_PATH=/home/pranavdm/UMD/Sem-1/ENPM662/Projects/Project-0/install/turtlebot3_msgs/lib:/home/pranavdm/UMD/Sem-1/ENPM662/Projects/Project-0/install/dynamixel_sdk/lib:/home/pranavdm/UMD/Sem-1/ENPM662/test1/testWS/install/turtlebot3_msgs/lib:/home/pranavdm/UMD/Sem-1/ENPM662/test1/testWS/install/dynamixel_sdk_custom_interfaces/lib:/home/pranavdm/UMD/Sem-1/ENPM662/test1/testWS/install/dynamixel_sdk/lib:/usr/lib/x86_64-linux-gnu/gazebo-11/plugins:/opt/ros/humble/opt/rviz_ogre_vendor/lib:/opt/ros/humble/lib/x86_64-linux-gnu:/opt/ros/humble/lib:/usr/share/gazebo/../../lib/x86_64-linux-gnu/gazebo-11/plugins PYTHONPATH=/home/pranavdm/UMD/Sem-1/ENPM662/Projects/Project-0/install/turtlebot3_msgs/local/lib/python3.10/dist-packages:${PYTHONPATH} /usr/bin/cmake --install /home/pranavdm/UMD/Sem-1/ENPM662/Projects/Project-0/build/turtlebot3_node
[21.127s] -- Install configuration: ""
[21.127s] -- Installing: /home/pranavdm/UMD/Sem-1/ENPM662/Projects/Project-0/install/turtlebot3_node/share/turtlebot3_node/param
[21.128s] -- Installing: /home/pranavdm/UMD/Sem-1/ENPM662/Projects/Project-0/install/turtlebot3_node/share/turtlebot3_node/param/waffle.yaml
[21.128s] -- Installing: /home/pranavdm/UMD/Sem-1/ENPM662/Projects/Project-0/install/turtlebot3_node/share/turtlebot3_node/param/waffle_pi.yaml
[21.129s] -- Installing: /home/pranavdm/UMD/Sem-1/ENPM662/Projects/Project-0/install/turtlebot3_node/share/turtlebot3_node/param/burger.yaml
[21.129s] -- Installing: /home/pranavdm/UMD/Sem-1/ENPM662/Projects/Project-0/install/turtlebot3_node/lib/turtlebot3_node/turtlebot3_ros
[21.135s] -- Set runtime path of "/home/pranavdm/UMD/Sem-1/ENPM662/Projects/Project-0/install/turtlebot3_node/lib/turtlebot3_node/turtlebot3_ros" to ""
[21.136s] -- Installing: /home/pranavdm/UMD/Sem-1/ENPM662/Projects/Project-0/install/turtlebot3_node/share/ament_index/resource_index/package_run_dependencies/turtlebot3_node
[21.136s] -- Installing: /home/pranavdm/UMD/Sem-1/ENPM662/Projects/Project-0/install/turtlebot3_node/share/ament_index/resource_index/parent_prefix_path/turtlebot3_node
[21.136s] -- Installing: /home/pranavdm/UMD/Sem-1/ENPM662/Projects/Project-0/install/turtlebot3_node/share/turtlebot3_node/environment/ament_prefix_path.sh
[21.136s] -- Installing: /home/pranavdm/UMD/Sem-1/ENPM662/Projects/Project-0/install/turtlebot3_node/share/turtlebot3_node/environment/ament_prefix_path.dsv
[21.136s] -- Installing: /home/pranavdm/UMD/Sem-1/ENPM662/Projects/Project-0/install/turtlebot3_node/share/turtlebot3_node/environment/path.sh
[21.136s] -- Installing: /home/pranavdm/UMD/Sem-1/ENPM662/Projects/Project-0/install/turtlebot3_node/share/turtlebot3_node/environment/path.dsv
[21.136s] -- Installing: /home/pranavdm/UMD/Sem-1/ENPM662/Projects/Project-0/install/turtlebot3_node/share/turtlebot3_node/local_setup.bash
[21.136s] -- Installing: /home/pranavdm/UMD/Sem-1/ENPM662/Projects/Project-0/install/turtlebot3_node/share/turtlebot3_node/local_setup.sh
[21.137s] -- Installing: /home/pranavdm/UMD/Sem-1/ENPM662/Projects/Project-0/install/turtlebot3_node/share/turtlebot3_node/local_setup.zsh
[21.137s] -- Installing: /home/pranavdm/UMD/Sem-1/ENPM662/Projects/Project-0/install/turtlebot3_node/share/turtlebot3_node/local_setup.dsv
[21.137s] -- Installing: /home/pranavdm/UMD/Sem-1/ENPM662/Projects/Project-0/install/turtlebot3_node/share/turtlebot3_node/package.dsv
[21.137s] -- Installing: /home/pranavdm/UMD/Sem-1/ENPM662/Projects/Project-0/install/turtlebot3_node/share/ament_index/resource_index/packages/turtlebot3_node
[21.137s] -- Installing: /home/pranavdm/UMD/Sem-1/ENPM662/Projects/Project-0/install/turtlebot3_node/share/turtlebot3_node/cmake/ament_cmake_export_include_directories-extras.cmake
[21.137s] -- Installing: /home/pranavdm/UMD/Sem-1/ENPM662/Projects/Project-0/install/turtlebot3_node/share/turtlebot3_node/cmake/turtlebot3_nodeConfig.cmake
[21.137s] -- Installing: /home/pranavdm/UMD/Sem-1/ENPM662/Projects/Project-0/install/turtlebot3_node/share/turtlebot3_node/cmake/turtlebot3_nodeConfig-version.cmake
[21.137s] -- Installing: /home/pranavdm/UMD/Sem-1/ENPM662/Projects/Project-0/install/turtlebot3_node/share/turtlebot3_node/package.xml
[21.138s] Invoked command in '/home/pranavdm/UMD/Sem-1/ENPM662/Projects/Project-0/build/turtlebot3_node' returned '0': AMENT_PREFIX_PATH=/home/pranavdm/UMD/Sem-1/ENPM662/Projects/Project-0/install/turtlebot3_msgs:/home/pranavdm/UMD/Sem-1/ENPM662/Projects/Project-0/install/dynamixel_sdk:${AMENT_PREFIX_PATH} CMAKE_PREFIX_PATH=/home/pranavdm/UMD/Sem-1/ENPM662/Projects/Project-0/install/turtlebot3_msgs:/home/pranavdm/UMD/Sem-1/ENPM662/Projects/Project-0/install/dynamixel_sdk:/home/pranavdm/UMD/Sem-1/ENPM662/test1/testWS/install/turtlebot3:/home/pranavdm/UMD/Sem-1/ENPM662/test1/testWS/install/turtlebot3_simulations:/home/pranavdm/UMD/Sem-1/ENPM662/test1/testWS/install/turtlebot3_bringup:/home/pranavdm/UMD/Sem-1/ENPM662/test1/testWS/install/turtlebot3_node:/home/pranavdm/UMD/Sem-1/ENPM662/test1/testWS/install/turtlebot3_navigation2:/home/pranavdm/UMD/Sem-1/ENPM662/test1/testWS/install/turtlebot3_fake_node:/home/pranavdm/UMD/Sem-1/ENPM662/test1/testWS/install/turtlebot3_msgs:/home/pranavdm/UMD/Sem-1/ENPM662/test1/testWS/install/turtlebot3_gazebo:/home/pranavdm/UMD/Sem-1/ENPM662/test1/testWS/install/turtlebot3_description:/home/pranavdm/UMD/Sem-1/ENPM662/test1/testWS/install/turtlebot3_cartographer:/home/pranavdm/UMD/Sem-1/ENPM662/test1/testWS/install/ld08_driver:/home/pranavdm/UMD/Sem-1/ENPM662/test1/testWS/install/hls_lfcd_lds_driver:/home/pranavdm/UMD/Sem-1/ENPM662/test1/testWS/install/dynamixel_sdk_examples:/home/pranavdm/UMD/Sem-1/ENPM662/test1/testWS/install/dynamixel_sdk_custom_interfaces:/home/pranavdm/UMD/Sem-1/ENPM662/test1/testWS/install/dynamixel_sdk:/home/pranavdm/UMD/Sem-1/ENPM662/test1/testWS/install/turtlebot3_teleop:/home/pranavdm/UMD/Sem-1/ENPM662/test1/testWS/install/turtlebot3_example:/home/pranavdm/UMD/Sem-1/ENPM662/test1/testWS/install/tb_control:/opt/ros/humble LD_LIBRARY_PATH=/home/pranavdm/UMD/Sem-1/ENPM662/Projects/Project-0/install/turtlebot3_msgs/lib:/home/pranavdm/UMD/Sem-1/ENPM662/Projects/Project-0/install/dynamixel_sdk/lib:/home/pranavdm/UMD/Sem-1/ENPM662/test1/testWS/install/turtlebot3_msgs/lib:/home/pranavdm/UMD/Sem-1/ENPM662/test1/testWS/install/dynamixel_sdk_custom_interfaces/lib:/home/pranavdm/UMD/Sem-1/ENPM662/test1/testWS/install/dynamixel_sdk/lib:/usr/lib/x86_64-linux-gnu/gazebo-11/plugins:/opt/ros/humble/opt/rviz_ogre_vendor/lib:/opt/ros/humble/lib/x86_64-linux-gnu:/opt/ros/humble/lib:/usr/share/gazebo/../../lib/x86_64-linux-gnu/gazebo-11/plugins PYTHONPATH=/home/pranavdm/UMD/Sem-1/ENPM662/Projects/Project-0/install/turtlebot3_msgs/local/lib/python3.10/dist-packages:${PYTHONPATH} /usr/bin/cmake --install /home/pranavdm/UMD/Sem-1/ENPM662/Projects/Project-0/build/turtlebot3_node
