[0.027s] Invoking command in '/home/pranavdm/UMD/Sem-1/ENPM662/Projects/Project-0/build/turtlebot3_navigation2': CMAKE_PREFIX_PATH=${CMAKE_PREFIX_PATH}:/home/pranavdm/UMD/Sem-1/ENPM662/test1/testWS/install/turtlebot3_teleop:/home/pranavdm/UMD/Sem-1/ENPM662/test1/testWS/install/turtlebot3_example:/home/pranavdm/UMD/Sem-1/ENPM662/test1/testWS/install/tb_control:/opt/ros/humble /usr/bin/cmake /home/pranavdm/UMD/Sem-1/ENPM662/Projects/Project-0/src/turtlebot3/turtlebot3/turtlebot3_navigation2 -DCMAKE_INSTALL_PREFIX=/home/pranavdm/UMD/Sem-1/ENPM662/Projects/Project-0/install/turtlebot3_navigation2
[0.232s] -- The C compiler identification is GNU 11.4.0
[0.784s] -- The CXX compiler identification is GNU 11.4.0
[1.147s] -- Detecting C compiler ABI info
[1.285s] -- Detecting C compiler ABI info - done
[1.290s] -- Check for working C compiler: /usr/bin/cc - skipped
[1.290s] -- Detecting C compile features
[1.290s] -- Detecting C compile features - done
[1.292s] -- Detecting CXX compiler ABI info
[1.488s] -- Detecting CXX compiler ABI info - done
[1.492s] -- Check for working CXX compiler: /usr/bin/c++ - skipped
[1.493s] -- Detecting CXX compile features
[1.493s] -- Detecting CXX compile features - done
[1.495s] -- Found ament_cmake: 1.3.10 (/opt/ros/humble/share/ament_cmake/cmake)
[1.589s] -- Found Python3: /usr/bin/python3 (found version "3.10.12") found components: Interpreter 
[1.727s] -- Configuring done
[1.729s] -- Generating done
[1.730s] -- Build files have been written to: /home/pranavdm/UMD/Sem-1/ENPM662/Projects/Project-0/build/turtlebot3_navigation2
[1.736s] Invoked command in '/home/pranavdm/UMD/Sem-1/ENPM662/Projects/Project-0/build/turtlebot3_navigation2' returned '0': CMAKE_PREFIX_PATH=${CMAKE_PREFIX_PATH}:/home/pranavdm/UMD/Sem-1/ENPM662/test1/testWS/install/turtlebot3_teleop:/home/pranavdm/UMD/Sem-1/ENPM662/test1/testWS/install/turtlebot3_example:/home/pranavdm/UMD/Sem-1/ENPM662/test1/testWS/install/tb_control:/opt/ros/humble /usr/bin/cmake /home/pranavdm/UMD/Sem-1/ENPM662/Projects/Project-0/src/turtlebot3/turtlebot3/turtlebot3_navigation2 -DCMAKE_INSTALL_PREFIX=/home/pranavdm/UMD/Sem-1/ENPM662/Projects/Project-0/install/turtlebot3_navigation2
[1.739s] Invoking command in '/home/pranavdm/UMD/Sem-1/ENPM662/Projects/Project-0/build/turtlebot3_navigation2': CMAKE_PREFIX_PATH=${CMAKE_PREFIX_PATH}:/home/pranavdm/UMD/Sem-1/ENPM662/test1/testWS/install/turtlebot3_teleop:/home/pranavdm/UMD/Sem-1/ENPM662/test1/testWS/install/turtlebot3_example:/home/pranavdm/UMD/Sem-1/ENPM662/test1/testWS/install/tb_control:/opt/ros/humble /usr/bin/cmake --build /home/pranavdm/UMD/Sem-1/ENPM662/Projects/Project-0/build/turtlebot3_navigation2 -- -j20 -l20
[1.771s] Invoked command in '/home/pranavdm/UMD/Sem-1/ENPM662/Projects/Project-0/build/turtlebot3_navigation2' returned '0': CMAKE_PREFIX_PATH=${CMAKE_PREFIX_PATH}:/home/pranavdm/UMD/Sem-1/ENPM662/test1/testWS/install/turtlebot3_teleop:/home/pranavdm/UMD/Sem-1/ENPM662/test1/testWS/install/turtlebot3_example:/home/pranavdm/UMD/Sem-1/ENPM662/test1/testWS/install/tb_control:/opt/ros/humble /usr/bin/cmake --build /home/pranavdm/UMD/Sem-1/ENPM662/Projects/Project-0/build/turtlebot3_navigation2 -- -j20 -l20
[1.789s] Invoking command in '/home/pranavdm/UMD/Sem-1/ENPM662/Projects/Project-0/build/turtlebot3_navigation2': CMAKE_PREFIX_PATH=${CMAKE_PREFIX_PATH}:/home/pranavdm/UMD/Sem-1/ENPM662/test1/testWS/install/turtlebot3_teleop:/home/pranavdm/UMD/Sem-1/ENPM662/test1/testWS/install/turtlebot3_example:/home/pranavdm/UMD/Sem-1/ENPM662/test1/testWS/install/tb_control:/opt/ros/humble /usr/bin/cmake --install /home/pranavdm/UMD/Sem-1/ENPM662/Projects/Project-0/build/turtlebot3_navigation2
[1.794s] -- Install configuration: ""
[1.794s] -- Installing: /home/pranavdm/UMD/Sem-1/ENPM662/Projects/Project-0/install/turtlebot3_navigation2/share/turtlebot3_navigation2/launch
[1.794s] -- Installing: /home/pranavdm/UMD/Sem-1/ENPM662/Projects/Project-0/install/turtlebot3_navigation2/share/turtlebot3_navigation2/launch/navigation2.launch.py
[1.794s] -- Installing: /home/pranavdm/UMD/Sem-1/ENPM662/Projects/Project-0/install/turtlebot3_navigation2/share/turtlebot3_navigation2/map
[1.795s] -- Installing: /home/pranavdm/UMD/Sem-1/ENPM662/Projects/Project-0/install/turtlebot3_navigation2/share/turtlebot3_navigation2/map/map.pgm
[1.796s] -- Installing: /home/pranavdm/UMD/Sem-1/ENPM662/Projects/Project-0/install/turtlebot3_navigation2/share/turtlebot3_navigation2/map/map.yaml
[1.796s] -- Installing: /home/pranavdm/UMD/Sem-1/ENPM662/Projects/Project-0/install/turtlebot3_navigation2/share/turtlebot3_navigation2/param
[1.796s] -- Installing: /home/pranavdm/UMD/Sem-1/ENPM662/Projects/Project-0/install/turtlebot3_navigation2/share/turtlebot3_navigation2/param/waffle.yaml
[1.797s] -- Installing: /home/pranavdm/UMD/Sem-1/ENPM662/Projects/Project-0/install/turtlebot3_navigation2/share/turtlebot3_navigation2/param/waffle_pi.yaml
[1.797s] -- Installing: /home/pranavdm/UMD/Sem-1/ENPM662/Projects/Project-0/install/turtlebot3_navigation2/share/turtlebot3_navigation2/param/burger.yaml
[1.797s] -- Installing: /home/pranavdm/UMD/Sem-1/ENPM662/Projects/Project-0/install/turtlebot3_navigation2/share/turtlebot3_navigation2/rviz
[1.797s] -- Installing: /home/pranavdm/UMD/Sem-1/ENPM662/Projects/Project-0/install/turtlebot3_navigation2/share/turtlebot3_navigation2/rviz/tb3_navigation2.rviz
[1.798s] -- Installing: /home/pranavdm/UMD/Sem-1/ENPM662/Projects/Project-0/install/turtlebot3_navigation2/share/ament_index/resource_index/package_run_dependencies/turtlebot3_navigation2
[1.798s] -- Installing: /home/pranavdm/UMD/Sem-1/ENPM662/Projects/Project-0/install/turtlebot3_navigation2/share/ament_index/resource_index/parent_prefix_path/turtlebot3_navigation2
[1.799s] -- Installing: /home/pranavdm/UMD/Sem-1/ENPM662/Projects/Project-0/install/turtlebot3_navigation2/share/turtlebot3_navigation2/environment/ament_prefix_path.sh
[1.799s] -- Installing: /home/pranavdm/UMD/Sem-1/ENPM662/Projects/Project-0/install/turtlebot3_navigation2/share/turtlebot3_navigation2/environment/ament_prefix_path.dsv
[1.799s] -- Installing: /home/pranavdm/UMD/Sem-1/ENPM662/Projects/Project-0/install/turtlebot3_navigation2/share/turtlebot3_navigation2/environment/path.sh
[1.799s] -- Installing: /home/pranavdm/UMD/Sem-1/ENPM662/Projects/Project-0/install/turtlebot3_navigation2/share/turtlebot3_navigation2/environment/path.dsv
[1.799s] -- Installing: /home/pranavdm/UMD/Sem-1/ENPM662/Projects/Project-0/install/turtlebot3_navigation2/share/turtlebot3_navigation2/local_setup.bash
[1.799s] -- Installing: /home/pranavdm/UMD/Sem-1/ENPM662/Projects/Project-0/install/turtlebot3_navigation2/share/turtlebot3_navigation2/local_setup.sh
[1.799s] -- Installing: /home/pranavdm/UMD/Sem-1/ENPM662/Projects/Project-0/install/turtlebot3_navigation2/share/turtlebot3_navigation2/local_setup.zsh
[1.799s] -- Installing: /home/pranavdm/UMD/Sem-1/ENPM662/Projects/Project-0/install/turtlebot3_navigation2/share/turtlebot3_navigation2/local_setup.dsv
[1.799s] -- Installing: /home/pranavdm/UMD/Sem-1/ENPM662/Projects/Project-0/install/turtlebot3_navigation2/share/turtlebot3_navigation2/package.dsv
[1.800s] -- Installing: /home/pranavdm/UMD/Sem-1/ENPM662/Projects/Project-0/install/turtlebot3_navigation2/share/ament_index/resource_index/packages/turtlebot3_navigation2
[1.800s] -- Installing: /home/pranavdm/UMD/Sem-1/ENPM662/Projects/Project-0/install/turtlebot3_navigation2/share/turtlebot3_navigation2/cmake/turtlebot3_navigation2Config.cmake
[1.800s] -- Installing: /home/pranavdm/UMD/Sem-1/ENPM662/Projects/Project-0/install/turtlebot3_navigation2/share/turtlebot3_navigation2/cmake/turtlebot3_navigation2Config-version.cmake
[1.800s] -- Installing: /home/pranavdm/UMD/Sem-1/ENPM662/Projects/Project-0/install/turtlebot3_navigation2/share/turtlebot3_navigation2/package.xml
[1.803s] Invoked command in '/home/pranavdm/UMD/Sem-1/ENPM662/Projects/Project-0/build/turtlebot3_navigation2' returned '0': CMAKE_PREFIX_PATH=${CMAKE_PREFIX_PATH}:/home/pranavdm/UMD/Sem-1/ENPM662/test1/testWS/install/turtlebot3_teleop:/home/pranavdm/UMD/Sem-1/ENPM662/test1/testWS/install/turtlebot3_example:/home/pranavdm/UMD/Sem-1/ENPM662/test1/testWS/install/tb_control:/opt/ros/humble /usr/bin/cmake --install /home/pranavdm/UMD/Sem-1/ENPM662/Projects/Project-0/build/turtlebot3_navigation2
