[0.040s] Invoking command in '/home/pranavdm/UMD/Sem-1/ENPM662/Projects/Project-0/build/turtlebot3_navigation2': CMAKE_PREFIX_PATH=${CMAKE_PREFIX_PATH}:/home/pranavdm/UMD/Sem-1/ENPM662/Projects/Project-0/install/turtlebot3_teleop:/home/pranavdm/UMD/Sem-1/ENPM662/Projects/Project-0/install/turtlebot3_example:/home/pranavdm/UMD/Sem-1/ENPM662/test1/testWS/install/turtlebot3_teleop:/home/pranavdm/UMD/Sem-1/ENPM662/test1/testWS/install/turtlebot3_example:/home/pranavdm/UMD/Sem-1/ENPM662/test1/testWS/install/tb_control:/opt/ros/humble /usr/bin/cmake --build /home/pranavdm/UMD/Sem-1/ENPM662/Projects/Project-0/build/turtlebot3_navigation2 -- -j20 -l20
[0.398s] Invoked command in '/home/pranavdm/UMD/Sem-1/ENPM662/Projects/Project-0/build/turtlebot3_navigation2' returned '0': CMAKE_PREFIX_PATH=${CMAKE_PREFIX_PATH}:/home/pranavdm/UMD/Sem-1/ENPM662/Projects/Project-0/install/turtlebot3_teleop:/home/pranavdm/UMD/Sem-1/ENPM662/Projects/Project-0/install/turtlebot3_example:/home/pranavdm/UMD/Sem-1/ENPM662/test1/testWS/install/turtlebot3_teleop:/home/pranavdm/UMD/Sem-1/ENPM662/test1/testWS/install/turtlebot3_example:/home/pranavdm/UMD/Sem-1/ENPM662/test1/testWS/install/tb_control:/opt/ros/humble /usr/bin/cmake --build /home/pranavdm/UMD/Sem-1/ENPM662/Projects/Project-0/build/turtlebot3_navigation2 -- -j20 -l20
[0.421s] Invoking command in '/home/pranavdm/UMD/Sem-1/ENPM662/Projects/Project-0/build/turtlebot3_navigation2': CMAKE_PREFIX_PATH=${CMAKE_PREFIX_PATH}:/home/pranavdm/UMD/Sem-1/ENPM662/Projects/Project-0/install/turtlebot3_teleop:/home/pranavdm/UMD/Sem-1/ENPM662/Projects/Project-0/install/turtlebot3_example:/home/pranavdm/UMD/Sem-1/ENPM662/test1/testWS/install/turtlebot3_teleop:/home/pranavdm/UMD/Sem-1/ENPM662/test1/testWS/install/turtlebot3_example:/home/pranavdm/UMD/Sem-1/ENPM662/test1/testWS/install/tb_control:/opt/ros/humble /usr/bin/cmake --install /home/pranavdm/UMD/Sem-1/ENPM662/Projects/Project-0/build/turtlebot3_navigation2
[0.427s] -- Install configuration: ""
[0.447s] -- Up-to-date: /home/pranavdm/UMD/Sem-1/ENPM662/Projects/Project-0/install/turtlebot3_navigation2/share/turtlebot3_navigation2/launch
[0.448s] -- Up-to-date: /home/pranavdm/UMD/Sem-1/ENPM662/Projects/Project-0/install/turtlebot3_navigation2/share/turtlebot3_navigation2/launch/navigation2.launch.py
[0.448s] -- Up-to-date: /home/pranavdm/UMD/Sem-1/ENPM662/Projects/Project-0/install/turtlebot3_navigation2/share/turtlebot3_navigation2/map
[0.448s] -- Up-to-date: /home/pranavdm/UMD/Sem-1/ENPM662/Projects/Project-0/install/turtlebot3_navigation2/share/turtlebot3_navigation2/map/map.pgm
[0.448s] -- Up-to-date: /home/pranavdm/UMD/Sem-1/ENPM662/Projects/Project-0/install/turtlebot3_navigation2/share/turtlebot3_navigation2/map/map.yaml
[0.448s] -- Up-to-date: /home/pranavdm/UMD/Sem-1/ENPM662/Projects/Project-0/install/turtlebot3_navigation2/share/turtlebot3_navigation2/param
[0.448s] -- Up-to-date: /home/pranavdm/UMD/Sem-1/ENPM662/Projects/Project-0/install/turtlebot3_navigation2/share/turtlebot3_navigation2/param/waffle.yaml
[0.448s] -- Up-to-date: /home/pranavdm/UMD/Sem-1/ENPM662/Projects/Project-0/install/turtlebot3_navigation2/share/turtlebot3_navigation2/param/waffle_pi.yaml
[0.448s] -- Up-to-date: /home/pranavdm/UMD/Sem-1/ENPM662/Projects/Project-0/install/turtlebot3_navigation2/share/turtlebot3_navigation2/param/burger.yaml
[0.448s] -- Up-to-date: /home/pranavdm/UMD/Sem-1/ENPM662/Projects/Project-0/install/turtlebot3_navigation2/share/turtlebot3_navigation2/rviz
[0.449s] -- Up-to-date: /home/pranavdm/UMD/Sem-1/ENPM662/Projects/Project-0/install/turtlebot3_navigation2/share/turtlebot3_navigation2/rviz/tb3_navigation2.rviz
[0.449s] -- Up-to-date: /home/pranavdm/UMD/Sem-1/ENPM662/Projects/Project-0/install/turtlebot3_navigation2/share/ament_index/resource_index/package_run_dependencies/turtlebot3_navigation2
[0.449s] -- Up-to-date: /home/pranavdm/UMD/Sem-1/ENPM662/Projects/Project-0/install/turtlebot3_navigation2/share/ament_index/resource_index/parent_prefix_path/turtlebot3_navigation2
[0.449s] -- Up-to-date: /home/pranavdm/UMD/Sem-1/ENPM662/Projects/Project-0/install/turtlebot3_navigation2/share/turtlebot3_navigation2/environment/ament_prefix_path.sh
[0.450s] -- Up-to-date: /home/pranavdm/UMD/Sem-1/ENPM662/Projects/Project-0/install/turtlebot3_navigation2/share/turtlebot3_navigation2/environment/ament_prefix_path.dsv
[0.450s] -- Up-to-date: /home/pranavdm/UMD/Sem-1/ENPM662/Projects/Project-0/install/turtlebot3_navigation2/share/turtlebot3_navigation2/environment/path.sh
[0.450s] -- Up-to-date: /home/pranavdm/UMD/Sem-1/ENPM662/Projects/Project-0/install/turtlebot3_navigation2/share/turtlebot3_navigation2/environment/path.dsv
[0.450s] -- Up-to-date: /home/pranavdm/UMD/Sem-1/ENPM662/Projects/Project-0/install/turtlebot3_navigation2/share/turtlebot3_navigation2/local_setup.bash
[0.450s] -- Up-to-date: /home/pranavdm/UMD/Sem-1/ENPM662/Projects/Project-0/install/turtlebot3_navigation2/share/turtlebot3_navigation2/local_setup.sh
[0.451s] -- Up-to-date: /home/pranavdm/UMD/Sem-1/ENPM662/Projects/Project-0/install/turtlebot3_navigation2/share/turtlebot3_navigation2/local_setup.zsh
[0.451s] -- Up-to-date: /home/pranavdm/UMD/Sem-1/ENPM662/Projects/Project-0/install/turtlebot3_navigation2/share/turtlebot3_navigation2/local_setup.dsv
[0.451s] -- Installing: /home/pranavdm/UMD/Sem-1/ENPM662/Projects/Project-0/install/turtlebot3_navigation2/share/turtlebot3_navigation2/package.dsv
[0.451s] -- Up-to-date: /home/pranavdm/UMD/Sem-1/ENPM662/Projects/Project-0/install/turtlebot3_navigation2/share/ament_index/resource_index/packages/turtlebot3_navigation2
[0.452s] -- Up-to-date: /home/pranavdm/UMD/Sem-1/ENPM662/Projects/Project-0/install/turtlebot3_navigation2/share/turtlebot3_navigation2/cmake/turtlebot3_navigation2Config.cmake
[0.452s] -- Up-to-date: /home/pranavdm/UMD/Sem-1/ENPM662/Projects/Project-0/install/turtlebot3_navigation2/share/turtlebot3_navigation2/cmake/turtlebot3_navigation2Config-version.cmake
[0.452s] -- Up-to-date: /home/pranavdm/UMD/Sem-1/ENPM662/Projects/Project-0/install/turtlebot3_navigation2/share/turtlebot3_navigation2/package.xml
[0.456s] Invoked command in '/home/pranavdm/UMD/Sem-1/ENPM662/Projects/Project-0/build/turtlebot3_navigation2' returned '0': CMAKE_PREFIX_PATH=${CMAKE_PREFIX_PATH}:/home/pranavdm/UMD/Sem-1/ENPM662/Projects/Project-0/install/turtlebot3_teleop:/home/pranavdm/UMD/Sem-1/ENPM662/Projects/Project-0/install/turtlebot3_example:/home/pranavdm/UMD/Sem-1/ENPM662/test1/testWS/install/turtlebot3_teleop:/home/pranavdm/UMD/Sem-1/ENPM662/test1/testWS/install/turtlebot3_example:/home/pranavdm/UMD/Sem-1/ENPM662/test1/testWS/install/tb_control:/opt/ros/humble /usr/bin/cmake --install /home/pranavdm/UMD/Sem-1/ENPM662/Projects/Project-0/build/turtlebot3_navigation2
