[0.501s] Invoking command in '/home/pranavdm/UMD/Sem-1/ENPM662/Projects/Project-0/src/turtlebot3/turtlebot3/turtlebot3_example': AMENT_PREFIX_PATH=/home/pranavdm/UMD/Sem-1/ENPM662/Projects/Project-0/install/turtlebot3_msgs:${AMENT_PREFIX_PATH} CMAKE_PREFIX_PATH=/home/pranavdm/UMD/Sem-1/ENPM662/Projects/Project-0/install/turtlebot3_msgs:${CMAKE_PREFIX_PATH} LD_LIBRARY_PATH=/home/pranavdm/UMD/Sem-1/ENPM662/Projects/Project-0/install/turtlebot3_msgs/lib:/home/pranavdm/UMD/Sem-1/ENPM662/test1/testWS/install/turtlebot3_msgs/lib:/home/pranavdm/UMD/Sem-1/ENPM662/test1/testWS/install/dynamixel_sdk_custom_interfaces/lib:/home/pranavdm/UMD/Sem-1/ENPM662/test1/testWS/install/dynamixel_sdk/lib:/usr/lib/x86_64-linux-gnu/gazebo-11/plugins:/opt/ros/humble/opt/rviz_ogre_vendor/lib:/opt/ros/humble/lib/x86_64-linux-gnu:/opt/ros/humble/lib:/usr/share/gazebo/../../lib/x86_64-linux-gnu/gazebo-11/plugins PYTHONPATH=/home/pranavdm/UMD/Sem-1/ENPM662/Projects/Project-0/build/turtlebot3_example/prefix_override:/usr/lib/python3/dist-packages/colcon_core/task/python/colcon_distutils_commands:/home/pranavdm/UMD/Sem-1/ENPM662/Projects/Project-0/install/turtlebot3_example/lib/python3.10/site-packages:/home/pranavdm/UMD/Sem-1/ENPM662/Projects/Project-0/install/turtlebot3_msgs/local/lib/python3.10/dist-packages:${PYTHONPATH} /usr/bin/python3 -W ignore:setup.py install is deprecated setup.py egg_info --egg-base ../../../../build/turtlebot3_example build --build-base /home/pranavdm/UMD/Sem-1/ENPM662/Projects/Project-0/build/turtlebot3_example/build install --record /home/pranavdm/UMD/Sem-1/ENPM662/Projects/Project-0/build/turtlebot3_example/install.log --single-version-externally-managed install_data
[0.629s] running egg_info
[0.630s] creating ../../../../build/turtlebot3_example/turtlebot3_example.egg-info
[0.630s] writing ../../../../build/turtlebot3_example/turtlebot3_example.egg-info/PKG-INFO
[0.630s] writing dependency_links to ../../../../build/turtlebot3_example/turtlebot3_example.egg-info/dependency_links.txt
[0.630s] writing entry points to ../../../../build/turtlebot3_example/turtlebot3_example.egg-info/entry_points.txt
[0.630s] writing requirements to ../../../../build/turtlebot3_example/turtlebot3_example.egg-info/requires.txt
[0.630s] writing top-level names to ../../../../build/turtlebot3_example/turtlebot3_example.egg-info/top_level.txt
[0.631s] writing manifest file '../../../../build/turtlebot3_example/turtlebot3_example.egg-info/SOURCES.txt'
[0.631s] reading manifest file '../../../../build/turtlebot3_example/turtlebot3_example.egg-info/SOURCES.txt'
[0.632s] writing manifest file '../../../../build/turtlebot3_example/turtlebot3_example.egg-info/SOURCES.txt'
[0.632s] running build
[0.632s] running build_py
[0.632s] creating /home/pranavdm/UMD/Sem-1/ENPM662/Projects/Project-0/build/turtlebot3_example/build
[0.632s] creating /home/pranavdm/UMD/Sem-1/ENPM662/Projects/Project-0/build/turtlebot3_example/build/lib
[0.632s] creating /home/pranavdm/UMD/Sem-1/ENPM662/Projects/Project-0/build/turtlebot3_example/build/lib/turtlebot3_example
[0.632s] copying turtlebot3_example/__init__.py -> /home/pranavdm/UMD/Sem-1/ENPM662/Projects/Project-0/build/turtlebot3_example/build/lib/turtlebot3_example
[0.633s] creating /home/pranavdm/UMD/Sem-1/ENPM662/Projects/Project-0/build/turtlebot3_example/build/lib/turtlebot3_example/turtlebot3_patrol_server
[0.633s] copying turtlebot3_example/turtlebot3_patrol_server/main.py -> /home/pranavdm/UMD/Sem-1/ENPM662/Projects/Project-0/build/turtlebot3_example/build/lib/turtlebot3_example/turtlebot3_patrol_server
[0.633s] copying turtlebot3_example/turtlebot3_patrol_server/turtlebot3_path.py -> /home/pranavdm/UMD/Sem-1/ENPM662/Projects/Project-0/build/turtlebot3_example/build/lib/turtlebot3_example/turtlebot3_patrol_server
[0.633s] copying turtlebot3_example/turtlebot3_patrol_server/turtlebot3_patrol_server.py -> /home/pranavdm/UMD/Sem-1/ENPM662/Projects/Project-0/build/turtlebot3_example/build/lib/turtlebot3_example/turtlebot3_patrol_server
[0.633s] copying turtlebot3_example/turtlebot3_patrol_server/__init__.py -> /home/pranavdm/UMD/Sem-1/ENPM662/Projects/Project-0/build/turtlebot3_example/build/lib/turtlebot3_example/turtlebot3_patrol_server
[0.634s] creating /home/pranavdm/UMD/Sem-1/ENPM662/Projects/Project-0/build/turtlebot3_example/build/lib/turtlebot3_example/turtlebot3_obstacle_detection
[0.634s] copying turtlebot3_example/turtlebot3_obstacle_detection/main.py -> /home/pranavdm/UMD/Sem-1/ENPM662/Projects/Project-0/build/turtlebot3_example/build/lib/turtlebot3_example/turtlebot3_obstacle_detection
[0.634s] copying turtlebot3_example/turtlebot3_obstacle_detection/turtlebot3_obstacle_detection.py -> /home/pranavdm/UMD/Sem-1/ENPM662/Projects/Project-0/build/turtlebot3_example/build/lib/turtlebot3_example/turtlebot3_obstacle_detection
[0.634s] copying turtlebot3_example/turtlebot3_obstacle_detection/__init__.py -> /home/pranavdm/UMD/Sem-1/ENPM662/Projects/Project-0/build/turtlebot3_example/build/lib/turtlebot3_example/turtlebot3_obstacle_detection
[0.634s] creating /home/pranavdm/UMD/Sem-1/ENPM662/Projects/Project-0/build/turtlebot3_example/build/lib/turtlebot3_example/turtlebot3_patrol_client
[0.634s] copying turtlebot3_example/turtlebot3_patrol_client/main.py -> /home/pranavdm/UMD/Sem-1/ENPM662/Projects/Project-0/build/turtlebot3_example/build/lib/turtlebot3_example/turtlebot3_patrol_client
[0.635s] copying turtlebot3_example/turtlebot3_patrol_client/turtlebot3_patrol_client.py -> /home/pranavdm/UMD/Sem-1/ENPM662/Projects/Project-0/build/turtlebot3_example/build/lib/turtlebot3_example/turtlebot3_patrol_client
[0.635s] copying turtlebot3_example/turtlebot3_patrol_client/__init__.py -> /home/pranavdm/UMD/Sem-1/ENPM662/Projects/Project-0/build/turtlebot3_example/build/lib/turtlebot3_example/turtlebot3_patrol_client
[0.635s] creating /home/pranavdm/UMD/Sem-1/ENPM662/Projects/Project-0/build/turtlebot3_example/build/lib/turtlebot3_example/turtlebot3_position_control
[0.635s] copying turtlebot3_example/turtlebot3_position_control/main.py -> /home/pranavdm/UMD/Sem-1/ENPM662/Projects/Project-0/build/turtlebot3_example/build/lib/turtlebot3_example/turtlebot3_position_control
[0.636s] copying turtlebot3_example/turtlebot3_position_control/turtlebot3_path.py -> /home/pranavdm/UMD/Sem-1/ENPM662/Projects/Project-0/build/turtlebot3_example/build/lib/turtlebot3_example/turtlebot3_position_control
[0.636s] copying turtlebot3_example/turtlebot3_position_control/turtlebot3_position_control.py -> /home/pranavdm/UMD/Sem-1/ENPM662/Projects/Project-0/build/turtlebot3_example/build/lib/turtlebot3_example/turtlebot3_position_control
[0.636s] copying turtlebot3_example/turtlebot3_position_control/__init__.py -> /home/pranavdm/UMD/Sem-1/ENPM662/Projects/Project-0/build/turtlebot3_example/build/lib/turtlebot3_example/turtlebot3_position_control
[0.636s] running install
[0.637s] running install_lib
[0.637s] creating /home/pranavdm/UMD/Sem-1/ENPM662/Projects/Project-0/install/turtlebot3_example/lib/python3.10/site-packages/turtlebot3_example
[0.637s] creating /home/pranavdm/UMD/Sem-1/ENPM662/Projects/Project-0/install/turtlebot3_example/lib/python3.10/site-packages/turtlebot3_example/turtlebot3_patrol_server
[0.637s] copying /home/pranavdm/UMD/Sem-1/ENPM662/Projects/Project-0/build/turtlebot3_example/build/lib/turtlebot3_example/turtlebot3_patrol_server/main.py -> /home/pranavdm/UMD/Sem-1/ENPM662/Projects/Project-0/install/turtlebot3_example/lib/python3.10/site-packages/turtlebot3_example/turtlebot3_patrol_server
[0.638s] copying /home/pranavdm/UMD/Sem-1/ENPM662/Projects/Project-0/build/turtlebot3_example/build/lib/turtlebot3_example/turtlebot3_patrol_server/turtlebot3_path.py -> /home/pranavdm/UMD/Sem-1/ENPM662/Projects/Project-0/install/turtlebot3_example/lib/python3.10/site-packages/turtlebot3_example/turtlebot3_patrol_server
[0.638s] copying /home/pranavdm/UMD/Sem-1/ENPM662/Projects/Project-0/build/turtlebot3_example/build/lib/turtlebot3_example/turtlebot3_patrol_server/turtlebot3_patrol_server.py -> /home/pranavdm/UMD/Sem-1/ENPM662/Projects/Project-0/install/turtlebot3_example/lib/python3.10/site-packages/turtlebot3_example/turtlebot3_patrol_server
[0.638s] copying /home/pranavdm/UMD/Sem-1/ENPM662/Projects/Project-0/build/turtlebot3_example/build/lib/turtlebot3_example/turtlebot3_patrol_server/__init__.py -> /home/pranavdm/UMD/Sem-1/ENPM662/Projects/Project-0/install/turtlebot3_example/lib/python3.10/site-packages/turtlebot3_example/turtlebot3_patrol_server
[0.638s] creating /home/pranavdm/UMD/Sem-1/ENPM662/Projects/Project-0/install/turtlebot3_example/lib/python3.10/site-packages/turtlebot3_example/turtlebot3_obstacle_detection
[0.638s] copying /home/pranavdm/UMD/Sem-1/ENPM662/Projects/Project-0/build/turtlebot3_example/build/lib/turtlebot3_example/turtlebot3_obstacle_detection/main.py -> /home/pranavdm/UMD/Sem-1/ENPM662/Projects/Project-0/install/turtlebot3_example/lib/python3.10/site-packages/turtlebot3_example/turtlebot3_obstacle_detection
[0.638s] copying /home/pranavdm/UMD/Sem-1/ENPM662/Projects/Project-0/build/turtlebot3_example/build/lib/turtlebot3_example/turtlebot3_obstacle_detection/turtlebot3_obstacle_detection.py -> /home/pranavdm/UMD/Sem-1/ENPM662/Projects/Project-0/install/turtlebot3_example/lib/python3.10/site-packages/turtlebot3_example/turtlebot3_obstacle_detection
[0.638s] copying /home/pranavdm/UMD/Sem-1/ENPM662/Projects/Project-0/build/turtlebot3_example/build/lib/turtlebot3_example/turtlebot3_obstacle_detection/__init__.py -> /home/pranavdm/UMD/Sem-1/ENPM662/Projects/Project-0/install/turtlebot3_example/lib/python3.10/site-packages/turtlebot3_example/turtlebot3_obstacle_detection
[0.639s] creating /home/pranavdm/UMD/Sem-1/ENPM662/Projects/Project-0/install/turtlebot3_example/lib/python3.10/site-packages/turtlebot3_example/turtlebot3_patrol_client
[0.639s] copying /home/pranavdm/UMD/Sem-1/ENPM662/Projects/Project-0/build/turtlebot3_example/build/lib/turtlebot3_example/turtlebot3_patrol_client/main.py -> /home/pranavdm/UMD/Sem-1/ENPM662/Projects/Project-0/install/turtlebot3_example/lib/python3.10/site-packages/turtlebot3_example/turtlebot3_patrol_client
[0.639s] copying /home/pranavdm/UMD/Sem-1/ENPM662/Projects/Project-0/build/turtlebot3_example/build/lib/turtlebot3_example/turtlebot3_patrol_client/turtlebot3_patrol_client.py -> /home/pranavdm/UMD/Sem-1/ENPM662/Projects/Project-0/install/turtlebot3_example/lib/python3.10/site-packages/turtlebot3_example/turtlebot3_patrol_client
[0.639s] copying /home/pranavdm/UMD/Sem-1/ENPM662/Projects/Project-0/build/turtlebot3_example/build/lib/turtlebot3_example/turtlebot3_patrol_client/__init__.py -> /home/pranavdm/UMD/Sem-1/ENPM662/Projects/Project-0/install/turtlebot3_example/lib/python3.10/site-packages/turtlebot3_example/turtlebot3_patrol_client
[0.639s] creating /home/pranavdm/UMD/Sem-1/ENPM662/Projects/Project-0/install/turtlebot3_example/lib/python3.10/site-packages/turtlebot3_example/turtlebot3_position_control
[0.639s] copying /home/pranavdm/UMD/Sem-1/ENPM662/Projects/Project-0/build/turtlebot3_example/build/lib/turtlebot3_example/turtlebot3_position_control/main.py -> /home/pranavdm/UMD/Sem-1/ENPM662/Projects/Project-0/install/turtlebot3_example/lib/python3.10/site-packages/turtlebot3_example/turtlebot3_position_control
[0.639s] copying /home/pranavdm/UMD/Sem-1/ENPM662/Projects/Project-0/build/turtlebot3_example/build/lib/turtlebot3_example/turtlebot3_position_control/turtlebot3_path.py -> /home/pranavdm/UMD/Sem-1/ENPM662/Projects/Project-0/install/turtlebot3_example/lib/python3.10/site-packages/turtlebot3_example/turtlebot3_position_control
[0.639s] copying /home/pranavdm/UMD/Sem-1/ENPM662/Projects/Project-0/build/turtlebot3_example/build/lib/turtlebot3_example/turtlebot3_position_control/turtlebot3_position_control.py -> /home/pranavdm/UMD/Sem-1/ENPM662/Projects/Project-0/install/turtlebot3_example/lib/python3.10/site-packages/turtlebot3_example/turtlebot3_position_control
[0.639s] copying /home/pranavdm/UMD/Sem-1/ENPM662/Projects/Project-0/build/turtlebot3_example/build/lib/turtlebot3_example/turtlebot3_position_control/__init__.py -> /home/pranavdm/UMD/Sem-1/ENPM662/Projects/Project-0/install/turtlebot3_example/lib/python3.10/site-packages/turtlebot3_example/turtlebot3_position_control
[0.639s] copying /home/pranavdm/UMD/Sem-1/ENPM662/Projects/Project-0/build/turtlebot3_example/build/lib/turtlebot3_example/__init__.py -> /home/pranavdm/UMD/Sem-1/ENPM662/Projects/Project-0/install/turtlebot3_example/lib/python3.10/site-packages/turtlebot3_example
[0.639s] byte-compiling /home/pranavdm/UMD/Sem-1/ENPM662/Projects/Project-0/install/turtlebot3_example/lib/python3.10/site-packages/turtlebot3_example/turtlebot3_patrol_server/main.py to main.cpython-310.pyc
[0.640s] byte-compiling /home/pranavdm/UMD/Sem-1/ENPM662/Projects/Project-0/install/turtlebot3_example/lib/python3.10/site-packages/turtlebot3_example/turtlebot3_patrol_server/turtlebot3_path.py to turtlebot3_path.cpython-310.pyc
[0.640s] byte-compiling /home/pranavdm/UMD/Sem-1/ENPM662/Projects/Project-0/install/turtlebot3_example/lib/python3.10/site-packages/turtlebot3_example/turtlebot3_patrol_server/turtlebot3_patrol_server.py to turtlebot3_patrol_server.cpython-310.pyc
[0.640s] byte-compiling /home/pranavdm/UMD/Sem-1/ENPM662/Projects/Project-0/install/turtlebot3_example/lib/python3.10/site-packages/turtlebot3_example/turtlebot3_patrol_server/__init__.py to __init__.cpython-310.pyc
[0.640s] byte-compiling /home/pranavdm/UMD/Sem-1/ENPM662/Projects/Project-0/install/turtlebot3_example/lib/python3.10/site-packages/turtlebot3_example/turtlebot3_obstacle_detection/main.py to main.cpython-310.pyc
[0.640s] byte-compiling /home/pranavdm/UMD/Sem-1/ENPM662/Projects/Project-0/install/turtlebot3_example/lib/python3.10/site-packages/turtlebot3_example/turtlebot3_obstacle_detection/turtlebot3_obstacle_detection.py to turtlebot3_obstacle_detection.cpython-310.pyc
[0.640s] byte-compiling /home/pranavdm/UMD/Sem-1/ENPM662/Projects/Project-0/install/turtlebot3_example/lib/python3.10/site-packages/turtlebot3_example/turtlebot3_obstacle_detection/__init__.py to __init__.cpython-310.pyc
[0.640s] byte-compiling /home/pranavdm/UMD/Sem-1/ENPM662/Projects/Project-0/install/turtlebot3_example/lib/python3.10/site-packages/turtlebot3_example/turtlebot3_patrol_client/main.py to main.cpython-310.pyc
[0.641s] byte-compiling /home/pranavdm/UMD/Sem-1/ENPM662/Projects/Project-0/install/turtlebot3_example/lib/python3.10/site-packages/turtlebot3_example/turtlebot3_patrol_client/turtlebot3_patrol_client.py to turtlebot3_patrol_client.cpython-310.pyc
[0.641s] byte-compiling /home/pranavdm/UMD/Sem-1/ENPM662/Projects/Project-0/install/turtlebot3_example/lib/python3.10/site-packages/turtlebot3_example/turtlebot3_patrol_client/__init__.py to __init__.cpython-310.pyc
[0.641s] byte-compiling /home/pranavdm/UMD/Sem-1/ENPM662/Projects/Project-0/install/turtlebot3_example/lib/python3.10/site-packages/turtlebot3_example/turtlebot3_position_control/main.py to main.cpython-310.pyc
[0.641s] byte-compiling /home/pranavdm/UMD/Sem-1/ENPM662/Projects/Project-0/install/turtlebot3_example/lib/python3.10/site-packages/turtlebot3_example/turtlebot3_position_control/turtlebot3_path.py to turtlebot3_path.cpython-310.pyc
[0.641s] byte-compiling /home/pranavdm/UMD/Sem-1/ENPM662/Projects/Project-0/install/turtlebot3_example/lib/python3.10/site-packages/turtlebot3_example/turtlebot3_position_control/turtlebot3_position_control.py to turtlebot3_position_control.cpython-310.pyc
[0.642s] byte-compiling /home/pranavdm/UMD/Sem-1/ENPM662/Projects/Project-0/install/turtlebot3_example/lib/python3.10/site-packages/turtlebot3_example/turtlebot3_position_control/__init__.py to __init__.cpython-310.pyc
[0.642s] byte-compiling /home/pranavdm/UMD/Sem-1/ENPM662/Projects/Project-0/install/turtlebot3_example/lib/python3.10/site-packages/turtlebot3_example/__init__.py to __init__.cpython-310.pyc
[0.642s] running install_data
[0.642s] creating /home/pranavdm/UMD/Sem-1/ENPM662/Projects/Project-0/install/turtlebot3_example/share/ament_index
[0.642s] creating /home/pranavdm/UMD/Sem-1/ENPM662/Projects/Project-0/install/turtlebot3_example/share/ament_index/resource_index
[0.642s] creating /home/pranavdm/UMD/Sem-1/ENPM662/Projects/Project-0/install/turtlebot3_example/share/ament_index/resource_index/packages
[0.642s] copying resource/turtlebot3_example -> /home/pranavdm/UMD/Sem-1/ENPM662/Projects/Project-0/install/turtlebot3_example/share/ament_index/resource_index/packages
[0.642s] copying package.xml -> /home/pranavdm/UMD/Sem-1/ENPM662/Projects/Project-0/install/turtlebot3_example/share/turtlebot3_example
[0.642s] running install_egg_info
[0.644s] Copying ../../../../build/turtlebot3_example/turtlebot3_example.egg-info to /home/pranavdm/UMD/Sem-1/ENPM662/Projects/Project-0/install/turtlebot3_example/lib/python3.10/site-packages/turtlebot3_example-2.1.5-py3.10.egg-info
[0.644s] running install_scripts
[0.656s] Installing turtlebot3_obstacle_detection script to /home/pranavdm/UMD/Sem-1/ENPM662/Projects/Project-0/install/turtlebot3_example/lib/turtlebot3_example
[0.656s] Installing turtlebot3_patrol_client script to /home/pranavdm/UMD/Sem-1/ENPM662/Projects/Project-0/install/turtlebot3_example/lib/turtlebot3_example
[0.656s] Installing turtlebot3_patrol_server script to /home/pranavdm/UMD/Sem-1/ENPM662/Projects/Project-0/install/turtlebot3_example/lib/turtlebot3_example
[0.656s] Installing turtlebot3_position_control script to /home/pranavdm/UMD/Sem-1/ENPM662/Projects/Project-0/install/turtlebot3_example/lib/turtlebot3_example
[0.657s] writing list of installed files to '/home/pranavdm/UMD/Sem-1/ENPM662/Projects/Project-0/build/turtlebot3_example/install.log'
[0.673s] Invoked command in '/home/pranavdm/UMD/Sem-1/ENPM662/Projects/Project-0/src/turtlebot3/turtlebot3/turtlebot3_example' returned '0': AMENT_PREFIX_PATH=/home/pranavdm/UMD/Sem-1/ENPM662/Projects/Project-0/install/turtlebot3_msgs:${AMENT_PREFIX_PATH} CMAKE_PREFIX_PATH=/home/pranavdm/UMD/Sem-1/ENPM662/Projects/Project-0/install/turtlebot3_msgs:${CMAKE_PREFIX_PATH} LD_LIBRARY_PATH=/home/pranavdm/UMD/Sem-1/ENPM662/Projects/Project-0/install/turtlebot3_msgs/lib:/home/pranavdm/UMD/Sem-1/ENPM662/test1/testWS/install/turtlebot3_msgs/lib:/home/pranavdm/UMD/Sem-1/ENPM662/test1/testWS/install/dynamixel_sdk_custom_interfaces/lib:/home/pranavdm/UMD/Sem-1/ENPM662/test1/testWS/install/dynamixel_sdk/lib:/usr/lib/x86_64-linux-gnu/gazebo-11/plugins:/opt/ros/humble/opt/rviz_ogre_vendor/lib:/opt/ros/humble/lib/x86_64-linux-gnu:/opt/ros/humble/lib:/usr/share/gazebo/../../lib/x86_64-linux-gnu/gazebo-11/plugins PYTHONPATH=/home/pranavdm/UMD/Sem-1/ENPM662/Projects/Project-0/build/turtlebot3_example/prefix_override:/usr/lib/python3/dist-packages/colcon_core/task/python/colcon_distutils_commands:/home/pranavdm/UMD/Sem-1/ENPM662/Projects/Project-0/install/turtlebot3_example/lib/python3.10/site-packages:/home/pranavdm/UMD/Sem-1/ENPM662/Projects/Project-0/install/turtlebot3_msgs/local/lib/python3.10/dist-packages:${PYTHONPATH} /usr/bin/python3 -W ignore:setup.py install is deprecated setup.py egg_info --egg-base ../../../../build/turtlebot3_example build --build-base /home/pranavdm/UMD/Sem-1/ENPM662/Projects/Project-0/build/turtlebot3_example/build install --record /home/pranavdm/UMD/Sem-1/ENPM662/Projects/Project-0/build/turtlebot3_example/install.log --single-version-externally-managed install_data
