[0.039s] Invoking command in '/home/pranavdm/UMD/Sem-1/ENPM662/Projects/Project-0/build/hls_lfcd_lds_driver': CMAKE_PREFIX_PATH=${CMAKE_PREFIX_PATH}:/home/pranavdm/UMD/Sem-1/ENPM662/test1/testWS/install/turtlebot3_teleop:/home/pranavdm/UMD/Sem-1/ENPM662/test1/testWS/install/turtlebot3_example:/home/pranavdm/UMD/Sem-1/ENPM662/test1/testWS/install/tb_control:/opt/ros/humble /usr/bin/cmake /home/pranavdm/UMD/Sem-1/ENPM662/Projects/Project-0/src/utils/hls_lfcd_lds_driver -DCMAKE_INSTALL_PREFIX=/home/pranavdm/UMD/Sem-1/ENPM662/Projects/Project-0/install/hls_lfcd_lds_driver
[0.250s] -- The C compiler identification is GNU 11.4.0
[0.615s] -- The CXX compiler identification is GNU 11.4.0
[0.936s] -- Detecting C compiler ABI info
[1.066s] -- Detecting C compiler ABI info - done
[1.070s] -- Check for working C compiler: /usr/bin/cc - skipped
[1.070s] -- Detecting C compile features
[1.071s] -- Detecting C compile features - done
[1.072s] -- Detecting CXX compiler ABI info
[1.183s] -- Detecting CXX compiler ABI info - done
[1.188s] -- Check for working CXX compiler: /usr/bin/c++ - skipped
[1.188s] -- Detecting CXX compile features
[1.188s] -- Detecting CXX compile features - done
[1.190s] -- Found ament_cmake: 1.3.10 (/opt/ros/humble/share/ament_cmake/cmake)
[1.295s] -- Found Python3: /usr/bin/python3 (found version "3.10.12") found components: Interpreter 
[1.377s] -- Found rclcpp: 16.0.10 (/opt/ros/humble/share/rclcpp/cmake)
[1.569s] -- Found rosidl_generator_c: 3.1.5 (/opt/ros/humble/share/rosidl_generator_c/cmake)
[1.576s] -- Found rosidl_adapter: 3.1.5 (/opt/ros/humble/share/rosidl_adapter/cmake)
[1.588s] -- Found rosidl_generator_cpp: 3.1.5 (/opt/ros/humble/share/rosidl_generator_cpp/cmake)
[1.611s] -- Using all available rosidl_typesupport_c: rosidl_typesupport_fastrtps_c;rosidl_typesupport_introspection_c
[1.634s] -- Using all available rosidl_typesupport_cpp: rosidl_typesupport_fastrtps_cpp;rosidl_typesupport_introspection_cpp
[1.715s] -- Found rmw_implementation_cmake: 6.1.2 (/opt/ros/humble/share/rmw_implementation_cmake/cmake)
[1.721s] -- Found rmw_fastrtps_cpp: 6.2.7 (/opt/ros/humble/share/rmw_fastrtps_cpp/cmake)
[2.990s] -- Found OpenSSL: /usr/lib/x86_64-linux-gnu/libcrypto.so (found version "3.0.2")  
[4.175s] -- Found FastRTPS: /opt/ros/humble/include  
[7.156s] -- Using RMW implementation 'rmw_fastrtps_cpp' as default
[7.167s] -- Looking for pthread.h
[7.285s] -- Looking for pthread.h - found
[7.285s] -- Performing Test CMAKE_HAVE_LIBC_PTHREAD
[7.407s] -- Performing Test CMAKE_HAVE_LIBC_PTHREAD - Success
[7.408s] -- Found Threads: TRUE  
[7.458s] -- Found sensor_msgs: 4.2.4 (/opt/ros/humble/share/sensor_msgs/cmake)
[7.493s] -- Found Boost: /usr/lib/x86_64-linux-gnu/cmake/Boost-1.74.0/BoostConfig.cmake (found version "1.74.0") found components: system 
[7.535s] -- Configuring done
[7.541s] -- Generating done
[7.542s] -- Build files have been written to: /home/pranavdm/UMD/Sem-1/ENPM662/Projects/Project-0/build/hls_lfcd_lds_driver
[7.549s] Invoked command in '/home/pranavdm/UMD/Sem-1/ENPM662/Projects/Project-0/build/hls_lfcd_lds_driver' returned '0': CMAKE_PREFIX_PATH=${CMAKE_PREFIX_PATH}:/home/pranavdm/UMD/Sem-1/ENPM662/test1/testWS/install/turtlebot3_teleop:/home/pranavdm/UMD/Sem-1/ENPM662/test1/testWS/install/turtlebot3_example:/home/pranavdm/UMD/Sem-1/ENPM662/test1/testWS/install/tb_control:/opt/ros/humble /usr/bin/cmake /home/pranavdm/UMD/Sem-1/ENPM662/Projects/Project-0/src/utils/hls_lfcd_lds_driver -DCMAKE_INSTALL_PREFIX=/home/pranavdm/UMD/Sem-1/ENPM662/Projects/Project-0/install/hls_lfcd_lds_driver
[7.550s] Invoking command in '/home/pranavdm/UMD/Sem-1/ENPM662/Projects/Project-0/build/hls_lfcd_lds_driver': CMAKE_PREFIX_PATH=${CMAKE_PREFIX_PATH}:/home/pranavdm/UMD/Sem-1/ENPM662/test1/testWS/install/turtlebot3_teleop:/home/pranavdm/UMD/Sem-1/ENPM662/test1/testWS/install/turtlebot3_example:/home/pranavdm/UMD/Sem-1/ENPM662/test1/testWS/install/tb_control:/opt/ros/humble /usr/bin/cmake --build /home/pranavdm/UMD/Sem-1/ENPM662/Projects/Project-0/build/hls_lfcd_lds_driver -- -j20 -l20
[7.577s] [ 50%] [32mBuilding CXX object CMakeFiles/hlds_laser_publisher.dir/src/hlds_laser_publisher.cpp.o[0m
[12.326s] [100%] [32m[1mLinking CXX executable hlds_laser_publisher[0m
[12.535s] [100%] Built target hlds_laser_publisher
[12.542s] Invoked command in '/home/pranavdm/UMD/Sem-1/ENPM662/Projects/Project-0/build/hls_lfcd_lds_driver' returned '0': CMAKE_PREFIX_PATH=${CMAKE_PREFIX_PATH}:/home/pranavdm/UMD/Sem-1/ENPM662/test1/testWS/install/turtlebot3_teleop:/home/pranavdm/UMD/Sem-1/ENPM662/test1/testWS/install/turtlebot3_example:/home/pranavdm/UMD/Sem-1/ENPM662/test1/testWS/install/tb_control:/opt/ros/humble /usr/bin/cmake --build /home/pranavdm/UMD/Sem-1/ENPM662/Projects/Project-0/build/hls_lfcd_lds_driver -- -j20 -l20
[12.555s] Invoking command in '/home/pranavdm/UMD/Sem-1/ENPM662/Projects/Project-0/build/hls_lfcd_lds_driver': CMAKE_PREFIX_PATH=${CMAKE_PREFIX_PATH}:/home/pranavdm/UMD/Sem-1/ENPM662/test1/testWS/install/turtlebot3_teleop:/home/pranavdm/UMD/Sem-1/ENPM662/test1/testWS/install/turtlebot3_example:/home/pranavdm/UMD/Sem-1/ENPM662/test1/testWS/install/tb_control:/opt/ros/humble /usr/bin/cmake --install /home/pranavdm/UMD/Sem-1/ENPM662/Projects/Project-0/build/hls_lfcd_lds_driver
[12.559s] -- Install configuration: ""
[12.559s] -- Installing: /home/pranavdm/UMD/Sem-1/ENPM662/Projects/Project-0/install/hls_lfcd_lds_driver/share/hls_lfcd_lds_driver/launch
[12.560s] -- Installing: /home/pranavdm/UMD/Sem-1/ENPM662/Projects/Project-0/install/hls_lfcd_lds_driver/share/hls_lfcd_lds_driver/launch/view_hlds_laser.launch.py
[12.560s] -- Installing: /home/pranavdm/UMD/Sem-1/ENPM662/Projects/Project-0/install/hls_lfcd_lds_driver/share/hls_lfcd_lds_driver/launch/hlds_laser.launch.py
[12.561s] -- Installing: /home/pranavdm/UMD/Sem-1/ENPM662/Projects/Project-0/install/hls_lfcd_lds_driver/share/hls_lfcd_lds_driver/rviz
[12.561s] -- Installing: /home/pranavdm/UMD/Sem-1/ENPM662/Projects/Project-0/install/hls_lfcd_lds_driver/share/hls_lfcd_lds_driver/rviz/hlds_laser.rviz
[12.561s] -- Installing: /home/pranavdm/UMD/Sem-1/ENPM662/Projects/Project-0/install/hls_lfcd_lds_driver/lib/hls_lfcd_lds_driver/hlds_laser_publisher
[12.562s] -- Set runtime path of "/home/pranavdm/UMD/Sem-1/ENPM662/Projects/Project-0/install/hls_lfcd_lds_driver/lib/hls_lfcd_lds_driver/hlds_laser_publisher" to ""
[12.562s] -- Installing: /home/pranavdm/UMD/Sem-1/ENPM662/Projects/Project-0/install/hls_lfcd_lds_driver/share/ament_index/resource_index/package_run_dependencies/hls_lfcd_lds_driver
[12.562s] -- Installing: /home/pranavdm/UMD/Sem-1/ENPM662/Projects/Project-0/install/hls_lfcd_lds_driver/share/ament_index/resource_index/parent_prefix_path/hls_lfcd_lds_driver
[12.563s] -- Installing: /home/pranavdm/UMD/Sem-1/ENPM662/Projects/Project-0/install/hls_lfcd_lds_driver/share/hls_lfcd_lds_driver/environment/ament_prefix_path.sh
[12.563s] -- Installing: /home/pranavdm/UMD/Sem-1/ENPM662/Projects/Project-0/install/hls_lfcd_lds_driver/share/hls_lfcd_lds_driver/environment/ament_prefix_path.dsv
[12.563s] -- Installing: /home/pranavdm/UMD/Sem-1/ENPM662/Projects/Project-0/install/hls_lfcd_lds_driver/share/hls_lfcd_lds_driver/environment/path.sh
[12.563s] -- Installing: /home/pranavdm/UMD/Sem-1/ENPM662/Projects/Project-0/install/hls_lfcd_lds_driver/share/hls_lfcd_lds_driver/environment/path.dsv
[12.563s] -- Installing: /home/pranavdm/UMD/Sem-1/ENPM662/Projects/Project-0/install/hls_lfcd_lds_driver/share/hls_lfcd_lds_driver/local_setup.bash
[12.563s] -- Installing: /home/pranavdm/UMD/Sem-1/ENPM662/Projects/Project-0/install/hls_lfcd_lds_driver/share/hls_lfcd_lds_driver/local_setup.sh
[12.563s] -- Installing: /home/pranavdm/UMD/Sem-1/ENPM662/Projects/Project-0/install/hls_lfcd_lds_driver/share/hls_lfcd_lds_driver/local_setup.zsh
[12.564s] -- Installing: /home/pranavdm/UMD/Sem-1/ENPM662/Projects/Project-0/install/hls_lfcd_lds_driver/share/hls_lfcd_lds_driver/local_setup.dsv
[12.564s] -- Installing: /home/pranavdm/UMD/Sem-1/ENPM662/Projects/Project-0/install/hls_lfcd_lds_driver/share/hls_lfcd_lds_driver/package.dsv
[12.564s] -- Installing: /home/pranavdm/UMD/Sem-1/ENPM662/Projects/Project-0/install/hls_lfcd_lds_driver/share/ament_index/resource_index/packages/hls_lfcd_lds_driver
[12.564s] -- Installing: /home/pranavdm/UMD/Sem-1/ENPM662/Projects/Project-0/install/hls_lfcd_lds_driver/share/hls_lfcd_lds_driver/cmake/ament_cmake_export_dependencies-extras.cmake
[12.564s] -- Installing: /home/pranavdm/UMD/Sem-1/ENPM662/Projects/Project-0/install/hls_lfcd_lds_driver/share/hls_lfcd_lds_driver/cmake/ament_cmake_export_include_directories-extras.cmake
[12.564s] -- Installing: /home/pranavdm/UMD/Sem-1/ENPM662/Projects/Project-0/install/hls_lfcd_lds_driver/share/hls_lfcd_lds_driver/cmake/hls_lfcd_lds_driverConfig.cmake
[12.564s] -- Installing: /home/pranavdm/UMD/Sem-1/ENPM662/Projects/Project-0/install/hls_lfcd_lds_driver/share/hls_lfcd_lds_driver/cmake/hls_lfcd_lds_driverConfig-version.cmake
[12.564s] -- Installing: /home/pranavdm/UMD/Sem-1/ENPM662/Projects/Project-0/install/hls_lfcd_lds_driver/share/hls_lfcd_lds_driver/package.xml
[12.565s] Invoked command in '/home/pranavdm/UMD/Sem-1/ENPM662/Projects/Project-0/build/hls_lfcd_lds_driver' returned '0': CMAKE_PREFIX_PATH=${CMAKE_PREFIX_PATH}:/home/pranavdm/UMD/Sem-1/ENPM662/test1/testWS/install/turtlebot3_teleop:/home/pranavdm/UMD/Sem-1/ENPM662/test1/testWS/install/turtlebot3_example:/home/pranavdm/UMD/Sem-1/ENPM662/test1/testWS/install/tb_control:/opt/ros/humble /usr/bin/cmake --install /home/pranavdm/UMD/Sem-1/ENPM662/Projects/Project-0/build/hls_lfcd_lds_driver
