[0.460s] Invoking command in '/home/pranavdm/UMD/Sem-1/ENPM662/Projects/Project-0/src/turtlebot3/turtlebot3/turtlebot3_teleop': PYTHONPATH=/home/pranavdm/UMD/Sem-1/ENPM662/Projects/Project-0/build/turtlebot3_teleop/prefix_override:/usr/lib/python3/dist-packages/colcon_core/task/python/colcon_distutils_commands:/home/pranavdm/UMD/Sem-1/ENPM662/Projects/Project-0/install/turtlebot3_teleop/lib/python3.10/site-packages:${PYTHONPATH} /usr/bin/python3 -W ignore:setup.py install is deprecated setup.py egg_info --egg-base ../../../../build/turtlebot3_teleop build --build-base /home/pranavdm/UMD/Sem-1/ENPM662/Projects/Project-0/build/turtlebot3_teleop/build install --record /home/pranavdm/UMD/Sem-1/ENPM662/Projects/Project-0/build/turtlebot3_teleop/install.log --single-version-externally-managed install_data
[0.596s] running egg_info
[0.596s] writing ../../../../build/turtlebot3_teleop/turtlebot3_teleop.egg-info/PKG-INFO
[0.596s] writing dependency_links to ../../../../build/turtlebot3_teleop/turtlebot3_teleop.egg-info/dependency_links.txt
[0.597s] writing entry points to ../../../../build/turtlebot3_teleop/turtlebot3_teleop.egg-info/entry_points.txt
[0.597s] writing requirements to ../../../../build/turtlebot3_teleop/turtlebot3_teleop.egg-info/requires.txt
[0.597s] writing top-level names to ../../../../build/turtlebot3_teleop/turtlebot3_teleop.egg-info/top_level.txt
[0.598s] reading manifest file '../../../../build/turtlebot3_teleop/turtlebot3_teleop.egg-info/SOURCES.txt'
[0.598s] writing manifest file '../../../../build/turtlebot3_teleop/turtlebot3_teleop.egg-info/SOURCES.txt'
[0.598s] running build
[0.598s] running build_py
[0.599s] running install
[0.599s] running install_lib
[0.600s] running install_data
[0.600s] running install_egg_info
[0.601s] removing '/home/pranavdm/UMD/Sem-1/ENPM662/Projects/Project-0/install/turtlebot3_teleop/lib/python3.10/site-packages/turtlebot3_teleop-2.1.5-py3.10.egg-info' (and everything under it)
[0.601s] Copying ../../../../build/turtlebot3_teleop/turtlebot3_teleop.egg-info to /home/pranavdm/UMD/Sem-1/ENPM662/Projects/Project-0/install/turtlebot3_teleop/lib/python3.10/site-packages/turtlebot3_teleop-2.1.5-py3.10.egg-info
[0.601s] running install_scripts
[0.613s] Installing teleop_keyboard script to /home/pranavdm/UMD/Sem-1/ENPM662/Projects/Project-0/install/turtlebot3_teleop/lib/turtlebot3_teleop
[0.613s] writing list of installed files to '/home/pranavdm/UMD/Sem-1/ENPM662/Projects/Project-0/build/turtlebot3_teleop/install.log'
[0.630s] Invoked command in '/home/pranavdm/UMD/Sem-1/ENPM662/Projects/Project-0/src/turtlebot3/turtlebot3/turtlebot3_teleop' returned '0': PYTHONPATH=/home/pranavdm/UMD/Sem-1/ENPM662/Projects/Project-0/build/turtlebot3_teleop/prefix_override:/usr/lib/python3/dist-packages/colcon_core/task/python/colcon_distutils_commands:/home/pranavdm/UMD/Sem-1/ENPM662/Projects/Project-0/install/turtlebot3_teleop/lib/python3.10/site-packages:${PYTHONPATH} /usr/bin/python3 -W ignore:setup.py install is deprecated setup.py egg_info --egg-base ../../../../build/turtlebot3_teleop build --build-base /home/pranavdm/UMD/Sem-1/ENPM662/Projects/Project-0/build/turtlebot3_teleop/build install --record /home/pranavdm/UMD/Sem-1/ENPM662/Projects/Project-0/build/turtlebot3_teleop/install.log --single-version-externally-managed install_data
