[0.232s] Invoking command in '/home/pranavdm/UMD/Sem-1/ENPM662/Projects/Project-0/build/ld08_driver': CMAKE_PREFIX_PATH=${CMAKE_PREFIX_PATH}:/home/pranavdm/UMD/Sem-1/ENPM662/Projects/Project-0/install/turtlebot3_teleop:/home/pranavdm/UMD/Sem-1/ENPM662/Projects/Project-0/install/turtlebot3_example:/home/pranavdm/UMD/Sem-1/ENPM662/test1/testWS/install/turtlebot3_teleop:/home/pranavdm/UMD/Sem-1/ENPM662/test1/testWS/install/turtlebot3_example:/home/pranavdm/UMD/Sem-1/ENPM662/test1/testWS/install/tb_control:/opt/ros/humble /usr/bin/cmake --build /home/pranavdm/UMD/Sem-1/ENPM662/Projects/Project-0/build/ld08_driver -- -j20 -l20
[0.260s] [35m[1mConsolidate compiler generated dependencies of target ld08_driver[0m
[0.281s] [100%] Built target ld08_driver
[0.322s] Invoked command in '/home/pranavdm/UMD/Sem-1/ENPM662/Projects/Project-0/build/ld08_driver' returned '0': CMAKE_PREFIX_PATH=${CMAKE_PREFIX_PATH}:/home/pranavdm/UMD/Sem-1/ENPM662/Projects/Project-0/install/turtlebot3_teleop:/home/pranavdm/UMD/Sem-1/ENPM662/Projects/Project-0/install/turtlebot3_example:/home/pranavdm/UMD/Sem-1/ENPM662/test1/testWS/install/turtlebot3_teleop:/home/pranavdm/UMD/Sem-1/ENPM662/test1/testWS/install/turtlebot3_example:/home/pranavdm/UMD/Sem-1/ENPM662/test1/testWS/install/tb_control:/opt/ros/humble /usr/bin/cmake --build /home/pranavdm/UMD/Sem-1/ENPM662/Projects/Project-0/build/ld08_driver -- -j20 -l20
[0.356s] Invoking command in '/home/pranavdm/UMD/Sem-1/ENPM662/Projects/Project-0/build/ld08_driver': CMAKE_PREFIX_PATH=${CMAKE_PREFIX_PATH}:/home/pranavdm/UMD/Sem-1/ENPM662/Projects/Project-0/install/turtlebot3_teleop:/home/pranavdm/UMD/Sem-1/ENPM662/Projects/Project-0/install/turtlebot3_example:/home/pranavdm/UMD/Sem-1/ENPM662/test1/testWS/install/turtlebot3_teleop:/home/pranavdm/UMD/Sem-1/ENPM662/test1/testWS/install/turtlebot3_example:/home/pranavdm/UMD/Sem-1/ENPM662/test1/testWS/install/tb_control:/opt/ros/humble /usr/bin/cmake --install /home/pranavdm/UMD/Sem-1/ENPM662/Projects/Project-0/build/ld08_driver
[0.361s] -- Install configuration: ""
[0.361s] -- Up-to-date: /home/pranavdm/UMD/Sem-1/ENPM662/Projects/Project-0/install/ld08_driver/share/ld08_driver/launch
[0.361s] -- Up-to-date: /home/pranavdm/UMD/Sem-1/ENPM662/Projects/Project-0/install/ld08_driver/share/ld08_driver/launch/ld08.launch.py
[0.361s] -- Up-to-date: /home/pranavdm/UMD/Sem-1/ENPM662/Projects/Project-0/install/ld08_driver/lib/ld08_driver/ld08_driver
[0.361s] -- Up-to-date: /home/pranavdm/UMD/Sem-1/ENPM662/Projects/Project-0/install/ld08_driver/share/ament_index/resource_index/package_run_dependencies/ld08_driver
[0.361s] -- Up-to-date: /home/pranavdm/UMD/Sem-1/ENPM662/Projects/Project-0/install/ld08_driver/share/ament_index/resource_index/parent_prefix_path/ld08_driver
[0.361s] -- Up-to-date: /home/pranavdm/UMD/Sem-1/ENPM662/Projects/Project-0/install/ld08_driver/share/ld08_driver/environment/ament_prefix_path.sh
[0.362s] -- Up-to-date: /home/pranavdm/UMD/Sem-1/ENPM662/Projects/Project-0/install/ld08_driver/share/ld08_driver/environment/ament_prefix_path.dsv
[0.362s] -- Up-to-date: /home/pranavdm/UMD/Sem-1/ENPM662/Projects/Project-0/install/ld08_driver/share/ld08_driver/environment/path.sh
[0.362s] -- Up-to-date: /home/pranavdm/UMD/Sem-1/ENPM662/Projects/Project-0/install/ld08_driver/share/ld08_driver/environment/path.dsv
[0.362s] -- Up-to-date: /home/pranavdm/UMD/Sem-1/ENPM662/Projects/Project-0/install/ld08_driver/share/ld08_driver/local_setup.bash
[0.362s] -- Up-to-date: /home/pranavdm/UMD/Sem-1/ENPM662/Projects/Project-0/install/ld08_driver/share/ld08_driver/local_setup.sh
[0.362s] -- Up-to-date: /home/pranavdm/UMD/Sem-1/ENPM662/Projects/Project-0/install/ld08_driver/share/ld08_driver/local_setup.zsh
[0.363s] -- Up-to-date: /home/pranavdm/UMD/Sem-1/ENPM662/Projects/Project-0/install/ld08_driver/share/ld08_driver/local_setup.dsv
[0.363s] -- Installing: /home/pranavdm/UMD/Sem-1/ENPM662/Projects/Project-0/install/ld08_driver/share/ld08_driver/package.dsv
[0.363s] -- Up-to-date: /home/pranavdm/UMD/Sem-1/ENPM662/Projects/Project-0/install/ld08_driver/share/ament_index/resource_index/packages/ld08_driver
[0.363s] -- Up-to-date: /home/pranavdm/UMD/Sem-1/ENPM662/Projects/Project-0/install/ld08_driver/share/ld08_driver/cmake/ament_cmake_export_dependencies-extras.cmake
[0.363s] -- Up-to-date: /home/pranavdm/UMD/Sem-1/ENPM662/Projects/Project-0/install/ld08_driver/share/ld08_driver/cmake/ament_cmake_export_include_directories-extras.cmake
[0.363s] -- Up-to-date: /home/pranavdm/UMD/Sem-1/ENPM662/Projects/Project-0/install/ld08_driver/share/ld08_driver/cmake/ld08_driverConfig.cmake
[0.363s] -- Up-to-date: /home/pranavdm/UMD/Sem-1/ENPM662/Projects/Project-0/install/ld08_driver/share/ld08_driver/cmake/ld08_driverConfig-version.cmake
[0.363s] -- Up-to-date: /home/pranavdm/UMD/Sem-1/ENPM662/Projects/Project-0/install/ld08_driver/share/ld08_driver/package.xml
[0.366s] Invoked command in '/home/pranavdm/UMD/Sem-1/ENPM662/Projects/Project-0/build/ld08_driver' returned '0': CMAKE_PREFIX_PATH=${CMAKE_PREFIX_PATH}:/home/pranavdm/UMD/Sem-1/ENPM662/Projects/Project-0/install/turtlebot3_teleop:/home/pranavdm/UMD/Sem-1/ENPM662/Projects/Project-0/install/turtlebot3_example:/home/pranavdm/UMD/Sem-1/ENPM662/test1/testWS/install/turtlebot3_teleop:/home/pranavdm/UMD/Sem-1/ENPM662/test1/testWS/install/turtlebot3_example:/home/pranavdm/UMD/Sem-1/ENPM662/test1/testWS/install/tb_control:/opt/ros/humble /usr/bin/cmake --install /home/pranavdm/UMD/Sem-1/ENPM662/Projects/Project-0/build/ld08_driver
