[0.041s] Invoking command in '/home/pranavdm/UMD/Sem-1/ENPM662/Projects/Project-0/build/turtlebot3_gazebo': CMAKE_PREFIX_PATH=${CMAKE_PREFIX_PATH}:/home/pranavdm/UMD/Sem-1/ENPM662/Projects/Project-0/install/turtlebot3_teleop:/home/pranavdm/UMD/Sem-1/ENPM662/Projects/Project-0/install/turtlebot3_example:/home/pranavdm/UMD/Sem-1/ENPM662/test1/testWS/install/turtlebot3_teleop:/home/pranavdm/UMD/Sem-1/ENPM662/test1/testWS/install/turtlebot3_example:/home/pranavdm/UMD/Sem-1/ENPM662/test1/testWS/install/tb_control:/opt/ros/humble /usr/bin/cmake --build /home/pranavdm/UMD/Sem-1/ENPM662/Projects/Project-0/build/turtlebot3_gazebo -- -j20 -l20
[0.397s] [ 25%] Built target turtlebot3_drive
[0.397s] [ 50%] Built target obstacle1
[0.397s] [ 75%] Built target obstacle2
[0.397s] [100%] Built target obstacles
[0.404s] Invoked command in '/home/pranavdm/UMD/Sem-1/ENPM662/Projects/Project-0/build/turtlebot3_gazebo' returned '0': CMAKE_PREFIX_PATH=${CMAKE_PREFIX_PATH}:/home/pranavdm/UMD/Sem-1/ENPM662/Projects/Project-0/install/turtlebot3_teleop:/home/pranavdm/UMD/Sem-1/ENPM662/Projects/Project-0/install/turtlebot3_example:/home/pranavdm/UMD/Sem-1/ENPM662/test1/testWS/install/turtlebot3_teleop:/home/pranavdm/UMD/Sem-1/ENPM662/test1/testWS/install/turtlebot3_example:/home/pranavdm/UMD/Sem-1/ENPM662/test1/testWS/install/tb_control:/opt/ros/humble /usr/bin/cmake --build /home/pranavdm/UMD/Sem-1/ENPM662/Projects/Project-0/build/turtlebot3_gazebo -- -j20 -l20
[0.472s] Invoking command in '/home/pranavdm/UMD/Sem-1/ENPM662/Projects/Project-0/build/turtlebot3_gazebo': CMAKE_PREFIX_PATH=${CMAKE_PREFIX_PATH}:/home/pranavdm/UMD/Sem-1/ENPM662/Projects/Project-0/install/turtlebot3_teleop:/home/pranavdm/UMD/Sem-1/ENPM662/Projects/Project-0/install/turtlebot3_example:/home/pranavdm/UMD/Sem-1/ENPM662/test1/testWS/install/turtlebot3_teleop:/home/pranavdm/UMD/Sem-1/ENPM662/test1/testWS/install/turtlebot3_example:/home/pranavdm/UMD/Sem-1/ENPM662/test1/testWS/install/tb_control:/opt/ros/humble /usr/bin/cmake --install /home/pranavdm/UMD/Sem-1/ENPM662/Projects/Project-0/build/turtlebot3_gazebo
[0.484s] -- Install configuration: ""
[0.485s] -- Up-to-date: /home/pranavdm/UMD/Sem-1/ENPM662/Projects/Project-0/install/turtlebot3_gazebo/lib/turtlebot3_gazebo/turtlebot3_drive
[0.485s] -- Up-to-date: /home/pranavdm/UMD/Sem-1/ENPM662/Projects/Project-0/install/turtlebot3_gazebo/share/turtlebot3_gazebo//launch
[0.485s] -- Up-to-date: /home/pranavdm/UMD/Sem-1/ENPM662/Projects/Project-0/install/turtlebot3_gazebo/share/turtlebot3_gazebo//launch/turtlebot3_dqn_stage2.launch.py
[0.485s] -- Up-to-date: /home/pranavdm/UMD/Sem-1/ENPM662/Projects/Project-0/install/turtlebot3_gazebo/share/turtlebot3_gazebo//launch/turtlebot3_dqn_stage1.launch.py
[0.485s] -- Up-to-date: /home/pranavdm/UMD/Sem-1/ENPM662/Projects/Project-0/install/turtlebot3_gazebo/share/turtlebot3_gazebo//launch/turtlebot3_dqn_stage4.launch.py
[0.486s] -- Up-to-date: /home/pranavdm/UMD/Sem-1/ENPM662/Projects/Project-0/install/turtlebot3_gazebo/share/turtlebot3_gazebo//launch/turtlebot3_world.launch.py
[0.486s] -- Up-to-date: /home/pranavdm/UMD/Sem-1/ENPM662/Projects/Project-0/install/turtlebot3_gazebo/share/turtlebot3_gazebo//launch/empty_world.launch.py
[0.486s] -- Up-to-date: /home/pranavdm/UMD/Sem-1/ENPM662/Projects/Project-0/install/turtlebot3_gazebo/share/turtlebot3_gazebo//launch/turtlebot3_dqn_stage3.launch.py
[0.486s] -- Up-to-date: /home/pranavdm/UMD/Sem-1/ENPM662/Projects/Project-0/install/turtlebot3_gazebo/share/turtlebot3_gazebo//launch/robot_state_publisher.launch.py
[0.486s] -- Up-to-date: /home/pranavdm/UMD/Sem-1/ENPM662/Projects/Project-0/install/turtlebot3_gazebo/share/turtlebot3_gazebo//launch/turtlebot3_house.launch.py
[0.486s] -- Up-to-date: /home/pranavdm/UMD/Sem-1/ENPM662/Projects/Project-0/install/turtlebot3_gazebo/share/turtlebot3_gazebo//launch/spawn_turtlebot3.launch.py
[0.487s] -- Up-to-date: /home/pranavdm/UMD/Sem-1/ENPM662/Projects/Project-0/install/turtlebot3_gazebo/share/turtlebot3_gazebo//models
[0.487s] -- Up-to-date: /home/pranavdm/UMD/Sem-1/ENPM662/Projects/Project-0/install/turtlebot3_gazebo/share/turtlebot3_gazebo//models/turtlebot3_dqn_world
[0.487s] -- Up-to-date: /home/pranavdm/UMD/Sem-1/ENPM662/Projects/Project-0/install/turtlebot3_gazebo/share/turtlebot3_gazebo//models/turtlebot3_dqn_world/inner_walls
[0.488s] -- Up-to-date: /home/pranavdm/UMD/Sem-1/ENPM662/Projects/Project-0/install/turtlebot3_gazebo/share/turtlebot3_gazebo//models/turtlebot3_dqn_world/inner_walls/model.config
[0.489s] -- Up-to-date: /home/pranavdm/UMD/Sem-1/ENPM662/Projects/Project-0/install/turtlebot3_gazebo/share/turtlebot3_gazebo//models/turtlebot3_dqn_world/inner_walls/model.sdf
[0.489s] -- Up-to-date: /home/pranavdm/UMD/Sem-1/ENPM662/Projects/Project-0/install/turtlebot3_gazebo/share/turtlebot3_gazebo//models/turtlebot3_dqn_world/obstacle1
[0.489s] -- Up-to-date: /home/pranavdm/UMD/Sem-1/ENPM662/Projects/Project-0/install/turtlebot3_gazebo/share/turtlebot3_gazebo//models/turtlebot3_dqn_world/obstacle1/model.config
[0.489s] -- Up-to-date: /home/pranavdm/UMD/Sem-1/ENPM662/Projects/Project-0/install/turtlebot3_gazebo/share/turtlebot3_gazebo//models/turtlebot3_dqn_world/obstacle1/model.sdf
[0.489s] -- Up-to-date: /home/pranavdm/UMD/Sem-1/ENPM662/Projects/Project-0/install/turtlebot3_gazebo/share/turtlebot3_gazebo//models/turtlebot3_dqn_world/obstacle_plugin
[0.489s] -- Up-to-date: /home/pranavdm/UMD/Sem-1/ENPM662/Projects/Project-0/install/turtlebot3_gazebo/share/turtlebot3_gazebo//models/turtlebot3_dqn_world/obstacle_plugin/obstacles.cc
[0.489s] -- Up-to-date: /home/pranavdm/UMD/Sem-1/ENPM662/Projects/Project-0/install/turtlebot3_gazebo/share/turtlebot3_gazebo//models/turtlebot3_dqn_world/obstacle_plugin/obstacle2.cc
[0.489s] -- Up-to-date: /home/pranavdm/UMD/Sem-1/ENPM662/Projects/Project-0/install/turtlebot3_gazebo/share/turtlebot3_gazebo//models/turtlebot3_dqn_world/obstacle_plugin/CMakeLists.txt
[0.489s] -- Up-to-date: /home/pranavdm/UMD/Sem-1/ENPM662/Projects/Project-0/install/turtlebot3_gazebo/share/turtlebot3_gazebo//models/turtlebot3_dqn_world/obstacle_plugin/obstacle1.cc
[0.490s] -- Up-to-date: /home/pranavdm/UMD/Sem-1/ENPM662/Projects/Project-0/install/turtlebot3_gazebo/share/turtlebot3_gazebo//models/turtlebot3_dqn_world/model.config
[0.491s] -- Up-to-date: /home/pranavdm/UMD/Sem-1/ENPM662/Projects/Project-0/install/turtlebot3_gazebo/share/turtlebot3_gazebo//models/turtlebot3_dqn_world/obstacles
[0.491s] -- Up-to-date: /home/pranavdm/UMD/Sem-1/ENPM662/Projects/Project-0/install/turtlebot3_gazebo/share/turtlebot3_gazebo//models/turtlebot3_dqn_world/obstacles/model.config
[0.491s] -- Up-to-date: /home/pranavdm/UMD/Sem-1/ENPM662/Projects/Project-0/install/turtlebot3_gazebo/share/turtlebot3_gazebo//models/turtlebot3_dqn_world/obstacles/model.sdf
[0.491s] -- Up-to-date: /home/pranavdm/UMD/Sem-1/ENPM662/Projects/Project-0/install/turtlebot3_gazebo/share/turtlebot3_gazebo//models/turtlebot3_dqn_world/obstacle2
[0.491s] -- Up-to-date: /home/pranavdm/UMD/Sem-1/ENPM662/Projects/Project-0/install/turtlebot3_gazebo/share/turtlebot3_gazebo//models/turtlebot3_dqn_world/obstacle2/model.config
[0.491s] -- Up-to-date: /home/pranavdm/UMD/Sem-1/ENPM662/Projects/Project-0/install/turtlebot3_gazebo/share/turtlebot3_gazebo//models/turtlebot3_dqn_world/obstacle2/model.sdf
[0.491s] -- Up-to-date: /home/pranavdm/UMD/Sem-1/ENPM662/Projects/Project-0/install/turtlebot3_gazebo/share/turtlebot3_gazebo//models/turtlebot3_dqn_world/model.sdf
[0.491s] -- Up-to-date: /home/pranavdm/UMD/Sem-1/ENPM662/Projects/Project-0/install/turtlebot3_gazebo/share/turtlebot3_gazebo//models/turtlebot3_dqn_world/goal_box
[0.491s] -- Up-to-date: /home/pranavdm/UMD/Sem-1/ENPM662/Projects/Project-0/install/turtlebot3_gazebo/share/turtlebot3_gazebo//models/turtlebot3_dqn_world/goal_box/model.config
[0.491s] -- Up-to-date: /home/pranavdm/UMD/Sem-1/ENPM662/Projects/Project-0/install/turtlebot3_gazebo/share/turtlebot3_gazebo//models/turtlebot3_dqn_world/goal_box/model.sdf
[0.491s] -- Up-to-date: /home/pranavdm/UMD/Sem-1/ENPM662/Projects/Project-0/install/turtlebot3_gazebo/share/turtlebot3_gazebo//models/turtlebot3_burger
[0.492s] -- Up-to-date: /home/pranavdm/UMD/Sem-1/ENPM662/Projects/Project-0/install/turtlebot3_gazebo/share/turtlebot3_gazebo//models/turtlebot3_burger/model.config
[0.492s] -- Up-to-date: /home/pranavdm/UMD/Sem-1/ENPM662/Projects/Project-0/install/turtlebot3_gazebo/share/turtlebot3_gazebo//models/turtlebot3_burger/model.sdf
[0.492s] -- Up-to-date: /home/pranavdm/UMD/Sem-1/ENPM662/Projects/Project-0/install/turtlebot3_gazebo/share/turtlebot3_gazebo//models/turtlebot3_burger/model-1_4.sdf
[0.492s] -- Up-to-date: /home/pranavdm/UMD/Sem-1/ENPM662/Projects/Project-0/install/turtlebot3_gazebo/share/turtlebot3_gazebo//models/turtlebot3_waffle_pi
[0.492s] -- Up-to-date: /home/pranavdm/UMD/Sem-1/ENPM662/Projects/Project-0/install/turtlebot3_gazebo/share/turtlebot3_gazebo//models/turtlebot3_waffle_pi/model.config
[0.492s] -- Up-to-date: /home/pranavdm/UMD/Sem-1/ENPM662/Projects/Project-0/install/turtlebot3_gazebo/share/turtlebot3_gazebo//models/turtlebot3_waffle_pi/model.sdf
[0.492s] -- Up-to-date: /home/pranavdm/UMD/Sem-1/ENPM662/Projects/Project-0/install/turtlebot3_gazebo/share/turtlebot3_gazebo//models/turtlebot3_waffle_pi/model-1_4_.sdf
[0.493s] -- Up-to-date: /home/pranavdm/UMD/Sem-1/ENPM662/Projects/Project-0/install/turtlebot3_gazebo/share/turtlebot3_gazebo//models/turtlebot3_house
[0.493s] -- Up-to-date: /home/pranavdm/UMD/Sem-1/ENPM662/Projects/Project-0/install/turtlebot3_gazebo/share/turtlebot3_gazebo//models/turtlebot3_house/model.config
[0.493s] -- Up-to-date: /home/pranavdm/UMD/Sem-1/ENPM662/Projects/Project-0/install/turtlebot3_gazebo/share/turtlebot3_gazebo//models/turtlebot3_house/model.sdf
[0.493s] -- Up-to-date: /home/pranavdm/UMD/Sem-1/ENPM662/Projects/Project-0/install/turtlebot3_gazebo/share/turtlebot3_gazebo//models/turtlebot3_waffle
[0.493s] -- Up-to-date: /home/pranavdm/UMD/Sem-1/ENPM662/Projects/Project-0/install/turtlebot3_gazebo/share/turtlebot3_gazebo//models/turtlebot3_waffle/model.config
[0.493s] -- Up-to-date: /home/pranavdm/UMD/Sem-1/ENPM662/Projects/Project-0/install/turtlebot3_gazebo/share/turtlebot3_gazebo//models/turtlebot3_waffle/model.sdf
[0.493s] -- Up-to-date: /home/pranavdm/UMD/Sem-1/ENPM662/Projects/Project-0/install/turtlebot3_gazebo/share/turtlebot3_gazebo//models/turtlebot3_waffle/model-1_4.sdf
[0.494s] -- Up-to-date: /home/pranavdm/UMD/Sem-1/ENPM662/Projects/Project-0/install/turtlebot3_gazebo/share/turtlebot3_gazebo//models/turtlebot3_world
[0.494s] -- Up-to-date: /home/pranavdm/UMD/Sem-1/ENPM662/Projects/Project-0/install/turtlebot3_gazebo/share/turtlebot3_gazebo//models/turtlebot3_world/model.config
[0.494s] -- Up-to-date: /home/pranavdm/UMD/Sem-1/ENPM662/Projects/Project-0/install/turtlebot3_gazebo/share/turtlebot3_gazebo//models/turtlebot3_world/meshes
[0.494s] -- Up-to-date: /home/pranavdm/UMD/Sem-1/ENPM662/Projects/Project-0/install/turtlebot3_gazebo/share/turtlebot3_gazebo//models/turtlebot3_world/meshes/hexagon.dae
[0.494s] -- Up-to-date: /home/pranavdm/UMD/Sem-1/ENPM662/Projects/Project-0/install/turtlebot3_gazebo/share/turtlebot3_gazebo//models/turtlebot3_world/meshes/wall.dae
[0.494s] -- Up-to-date: /home/pranavdm/UMD/Sem-1/ENPM662/Projects/Project-0/install/turtlebot3_gazebo/share/turtlebot3_gazebo//models/turtlebot3_world/model.sdf
[0.494s] -- Up-to-date: /home/pranavdm/UMD/Sem-1/ENPM662/Projects/Project-0/install/turtlebot3_gazebo/share/turtlebot3_gazebo//models/turtlebot3_world/model-1_4.sdf
[0.494s] -- Up-to-date: /home/pranavdm/UMD/Sem-1/ENPM662/Projects/Project-0/install/turtlebot3_gazebo/share/turtlebot3_gazebo//models/turtlebot3_common
[0.494s] -- Up-to-date: /home/pranavdm/UMD/Sem-1/ENPM662/Projects/Project-0/install/turtlebot3_gazebo/share/turtlebot3_gazebo//models/turtlebot3_common/model.config
[0.494s] -- Up-to-date: /home/pranavdm/UMD/Sem-1/ENPM662/Projects/Project-0/install/turtlebot3_gazebo/share/turtlebot3_gazebo//models/turtlebot3_common/meshes
[0.494s] -- Up-to-date: /home/pranavdm/UMD/Sem-1/ENPM662/Projects/Project-0/install/turtlebot3_gazebo/share/turtlebot3_gazebo//models/turtlebot3_common/meshes/r200.dae
[0.494s] -- Up-to-date: /home/pranavdm/UMD/Sem-1/ENPM662/Projects/Project-0/install/turtlebot3_gazebo/share/turtlebot3_gazebo//models/turtlebot3_common/meshes/waffle_pi_base.dae
[0.494s] -- Up-to-date: /home/pranavdm/UMD/Sem-1/ENPM662/Projects/Project-0/install/turtlebot3_gazebo/share/turtlebot3_gazebo//models/turtlebot3_common/meshes/tire.dae
[0.494s] -- Up-to-date: /home/pranavdm/UMD/Sem-1/ENPM662/Projects/Project-0/install/turtlebot3_gazebo/share/turtlebot3_gazebo//models/turtlebot3_common/meshes/burger_base.dae
[0.494s] -- Up-to-date: /home/pranavdm/UMD/Sem-1/ENPM662/Projects/Project-0/install/turtlebot3_gazebo/share/turtlebot3_gazebo//models/turtlebot3_common/meshes/waffle_base.dae
[0.494s] -- Up-to-date: /home/pranavdm/UMD/Sem-1/ENPM662/Projects/Project-0/install/turtlebot3_gazebo/share/turtlebot3_gazebo//models/turtlebot3_common/meshes/lds.dae
[0.494s] -- Up-to-date: /home/pranavdm/UMD/Sem-1/ENPM662/Projects/Project-0/install/turtlebot3_gazebo/share/turtlebot3_gazebo//rviz
[0.495s] -- Up-to-date: /home/pranavdm/UMD/Sem-1/ENPM662/Projects/Project-0/install/turtlebot3_gazebo/share/turtlebot3_gazebo//rviz/tb3_gazebo.rviz
[0.496s] -- Up-to-date: /home/pranavdm/UMD/Sem-1/ENPM662/Projects/Project-0/install/turtlebot3_gazebo/share/turtlebot3_gazebo//urdf
[0.496s] -- Up-to-date: /home/pranavdm/UMD/Sem-1/ENPM662/Projects/Project-0/install/turtlebot3_gazebo/share/turtlebot3_gazebo//urdf/turtlebot3_waffle_pi.urdf
[0.496s] -- Up-to-date: /home/pranavdm/UMD/Sem-1/ENPM662/Projects/Project-0/install/turtlebot3_gazebo/share/turtlebot3_gazebo//urdf/common_properties.urdf
[0.496s] -- Up-to-date: /home/pranavdm/UMD/Sem-1/ENPM662/Projects/Project-0/install/turtlebot3_gazebo/share/turtlebot3_gazebo//urdf/turtlebot3_burger.urdf
[0.496s] -- Up-to-date: /home/pranavdm/UMD/Sem-1/ENPM662/Projects/Project-0/install/turtlebot3_gazebo/share/turtlebot3_gazebo//urdf/turtlebot3_waffle.urdf
[0.496s] -- Up-to-date: /home/pranavdm/UMD/Sem-1/ENPM662/Projects/Project-0/install/turtlebot3_gazebo/share/turtlebot3_gazebo//worlds
[0.496s] -- Up-to-date: /home/pranavdm/UMD/Sem-1/ENPM662/Projects/Project-0/install/turtlebot3_gazebo/share/turtlebot3_gazebo//worlds/turtlebot3_dqn_stage3.world
[0.496s] -- Up-to-date: /home/pranavdm/UMD/Sem-1/ENPM662/Projects/Project-0/install/turtlebot3_gazebo/share/turtlebot3_gazebo//worlds/empty_world.world
[0.496s] -- Up-to-date: /home/pranavdm/UMD/Sem-1/ENPM662/Projects/Project-0/install/turtlebot3_gazebo/share/turtlebot3_gazebo//worlds/turtlebot3_dqn_stage4.world
[0.496s] -- Up-to-date: /home/pranavdm/UMD/Sem-1/ENPM662/Projects/Project-0/install/turtlebot3_gazebo/share/turtlebot3_gazebo//worlds/turtlebot3_house.world
[0.496s] -- Up-to-date: /home/pranavdm/UMD/Sem-1/ENPM662/Projects/Project-0/install/turtlebot3_gazebo/share/turtlebot3_gazebo//worlds/turtlebot3_world.world
[0.496s] -- Up-to-date: /home/pranavdm/UMD/Sem-1/ENPM662/Projects/Project-0/install/turtlebot3_gazebo/share/turtlebot3_gazebo//worlds/turtlebot3_dqn_stage2.world
[0.496s] -- Up-to-date: /home/pranavdm/UMD/Sem-1/ENPM662/Projects/Project-0/install/turtlebot3_gazebo/share/turtlebot3_gazebo//worlds/turtlebot3_dqn_stage1.world
[0.496s] -- Up-to-date: /home/pranavdm/UMD/Sem-1/ENPM662/Projects/Project-0/install/turtlebot3_gazebo/include/
[0.497s] -- Up-to-date: /home/pranavdm/UMD/Sem-1/ENPM662/Projects/Project-0/install/turtlebot3_gazebo/include//turtlebot3_gazebo
[0.497s] -- Up-to-date: /home/pranavdm/UMD/Sem-1/ENPM662/Projects/Project-0/install/turtlebot3_gazebo/include//turtlebot3_gazebo/turtlebot3_drive.hpp
[0.497s] -- Up-to-date: /home/pranavdm/UMD/Sem-1/ENPM662/Projects/Project-0/install/turtlebot3_gazebo/share/ament_index/resource_index/package_run_dependencies/turtlebot3_gazebo
[0.498s] -- Up-to-date: /home/pranavdm/UMD/Sem-1/ENPM662/Projects/Project-0/install/turtlebot3_gazebo/share/ament_index/resource_index/parent_prefix_path/turtlebot3_gazebo
[0.498s] -- Up-to-date: /home/pranavdm/UMD/Sem-1/ENPM662/Projects/Project-0/install/turtlebot3_gazebo/share/turtlebot3_gazebo/environment/ament_prefix_path.sh
[0.498s] -- Up-to-date: /home/pranavdm/UMD/Sem-1/ENPM662/Projects/Project-0/install/turtlebot3_gazebo/share/turtlebot3_gazebo/environment/ament_prefix_path.dsv
[0.498s] -- Up-to-date: /home/pranavdm/UMD/Sem-1/ENPM662/Projects/Project-0/install/turtlebot3_gazebo/share/turtlebot3_gazebo/environment/path.sh
[0.499s] -- Up-to-date: /home/pranavdm/UMD/Sem-1/ENPM662/Projects/Project-0/install/turtlebot3_gazebo/share/turtlebot3_gazebo/environment/path.dsv
[0.499s] -- Up-to-date: /home/pranavdm/UMD/Sem-1/ENPM662/Projects/Project-0/install/turtlebot3_gazebo/share/turtlebot3_gazebo/local_setup.bash
[0.499s] -- Up-to-date: /home/pranavdm/UMD/Sem-1/ENPM662/Projects/Project-0/install/turtlebot3_gazebo/share/turtlebot3_gazebo/local_setup.sh
[0.499s] -- Up-to-date: /home/pranavdm/UMD/Sem-1/ENPM662/Projects/Project-0/install/turtlebot3_gazebo/share/turtlebot3_gazebo/local_setup.zsh
[0.499s] -- Up-to-date: /home/pranavdm/UMD/Sem-1/ENPM662/Projects/Project-0/install/turtlebot3_gazebo/share/turtlebot3_gazebo/local_setup.dsv
[0.499s] -- Installing: /home/pranavdm/UMD/Sem-1/ENPM662/Projects/Project-0/install/turtlebot3_gazebo/share/turtlebot3_gazebo/package.dsv
[0.499s] -- Up-to-date: /home/pranavdm/UMD/Sem-1/ENPM662/Projects/Project-0/install/turtlebot3_gazebo/share/ament_index/resource_index/packages/turtlebot3_gazebo
[0.499s] -- Up-to-date: /home/pranavdm/UMD/Sem-1/ENPM662/Projects/Project-0/install/turtlebot3_gazebo/share/turtlebot3_gazebo/cmake/ament_cmake_export_include_directories-extras.cmake
[0.499s] -- Up-to-date: /home/pranavdm/UMD/Sem-1/ENPM662/Projects/Project-0/install/turtlebot3_gazebo/share/turtlebot3_gazebo/cmake/ament_cmake_export_dependencies-extras.cmake
[0.499s] -- Up-to-date: /home/pranavdm/UMD/Sem-1/ENPM662/Projects/Project-0/install/turtlebot3_gazebo/share/turtlebot3_gazebo/cmake/turtlebot3_gazeboConfig.cmake
[0.499s] -- Up-to-date: /home/pranavdm/UMD/Sem-1/ENPM662/Projects/Project-0/install/turtlebot3_gazebo/share/turtlebot3_gazebo/cmake/turtlebot3_gazeboConfig-version.cmake
[0.500s] -- Up-to-date: /home/pranavdm/UMD/Sem-1/ENPM662/Projects/Project-0/install/turtlebot3_gazebo/share/turtlebot3_gazebo/package.xml
[0.575s] Invoked command in '/home/pranavdm/UMD/Sem-1/ENPM662/Projects/Project-0/build/turtlebot3_gazebo' returned '0': CMAKE_PREFIX_PATH=${CMAKE_PREFIX_PATH}:/home/pranavdm/UMD/Sem-1/ENPM662/Projects/Project-0/install/turtlebot3_teleop:/home/pranavdm/UMD/Sem-1/ENPM662/Projects/Project-0/install/turtlebot3_example:/home/pranavdm/UMD/Sem-1/ENPM662/test1/testWS/install/turtlebot3_teleop:/home/pranavdm/UMD/Sem-1/ENPM662/test1/testWS/install/turtlebot3_example:/home/pranavdm/UMD/Sem-1/ENPM662/test1/testWS/install/tb_control:/opt/ros/humble /usr/bin/cmake --install /home/pranavdm/UMD/Sem-1/ENPM662/Projects/Project-0/build/turtlebot3_gazebo
