[0.211s] Invoking command in '/home/pranavdm/UMD/Sem-1/ENPM662/Projects/Project-0/build/turtlebot3_fake_node': AMENT_PREFIX_PATH=/home/pranavdm/UMD/Sem-1/ENPM662/Projects/Project-0/install/turtlebot3_msgs:${AMENT_PREFIX_PATH} CMAKE_PREFIX_PATH=/home/pranavdm/UMD/Sem-1/ENPM662/Projects/Project-0/install/turtlebot3_msgs:/home/pranavdm/UMD/Sem-1/ENPM662/test1/testWS/install/turtlebot3:/home/pranavdm/UMD/Sem-1/ENPM662/test1/testWS/install/turtlebot3_simulations:/home/pranavdm/UMD/Sem-1/ENPM662/test1/testWS/install/turtlebot3_bringup:/home/pranavdm/UMD/Sem-1/ENPM662/test1/testWS/install/turtlebot3_node:/home/pranavdm/UMD/Sem-1/ENPM662/test1/testWS/install/turtlebot3_navigation2:/home/pranavdm/UMD/Sem-1/ENPM662/test1/testWS/install/turtlebot3_fake_node:/home/pranavdm/UMD/Sem-1/ENPM662/test1/testWS/install/turtlebot3_msgs:/home/pranavdm/UMD/Sem-1/ENPM662/test1/testWS/install/turtlebot3_gazebo:/home/pranavdm/UMD/Sem-1/ENPM662/test1/testWS/install/turtlebot3_description:/home/pranavdm/UMD/Sem-1/ENPM662/test1/testWS/install/turtlebot3_cartographer:/home/pranavdm/UMD/Sem-1/ENPM662/test1/testWS/install/ld08_driver:/home/pranavdm/UMD/Sem-1/ENPM662/test1/testWS/install/hls_lfcd_lds_driver:/home/pranavdm/UMD/Sem-1/ENPM662/test1/testWS/install/dynamixel_sdk_examples:/home/pranavdm/UMD/Sem-1/ENPM662/test1/testWS/install/dynamixel_sdk_custom_interfaces:/home/pranavdm/UMD/Sem-1/ENPM662/test1/testWS/install/dynamixel_sdk:/home/pranavdm/UMD/Sem-1/ENPM662/test1/testWS/install/turtlebot3_teleop:/home/pranavdm/UMD/Sem-1/ENPM662/test1/testWS/install/turtlebot3_example:/home/pranavdm/UMD/Sem-1/ENPM662/test1/testWS/install/tb_control:/opt/ros/humble LD_LIBRARY_PATH=/home/pranavdm/UMD/Sem-1/ENPM662/Projects/Project-0/install/turtlebot3_msgs/lib:/home/pranavdm/UMD/Sem-1/ENPM662/test1/testWS/install/turtlebot3_msgs/lib:/home/pranavdm/UMD/Sem-1/ENPM662/test1/testWS/install/dynamixel_sdk_custom_interfaces/lib:/home/pranavdm/UMD/Sem-1/ENPM662/test1/testWS/install/dynamixel_sdk/lib:/usr/lib/x86_64-linux-gnu/gazebo-11/plugins:/opt/ros/humble/opt/rviz_ogre_vendor/lib:/opt/ros/humble/lib/x86_64-linux-gnu:/opt/ros/humble/lib:/usr/share/gazebo/../../lib/x86_64-linux-gnu/gazebo-11/plugins PYTHONPATH=/home/pranavdm/UMD/Sem-1/ENPM662/Projects/Project-0/install/turtlebot3_msgs/local/lib/python3.10/dist-packages:${PYTHONPATH} /usr/bin/cmake /home/pranavdm/UMD/Sem-1/ENPM662/Projects/Project-0/src/turtlebot3/turtlebot3_simulations/turtlebot3_fake_node -DCMAKE_INSTALL_PREFIX=/home/pranavdm/UMD/Sem-1/ENPM662/Projects/Project-0/install/turtlebot3_fake_node
[0.318s] -- The C compiler identification is GNU 11.4.0
[0.747s] -- The CXX compiler identification is GNU 11.4.0
[1.072s] -- Detecting C compiler ABI info
[1.188s] -- Detecting C compiler ABI info - done
[1.193s] -- Check for working C compiler: /usr/bin/cc - skipped
[1.193s] -- Detecting C compile features
[1.193s] -- Detecting C compile features - done
[1.195s] -- Detecting CXX compiler ABI info
[1.308s] -- Detecting CXX compiler ABI info - done
[1.313s] -- Check for working CXX compiler: /usr/bin/c++ - skipped
[1.314s] -- Detecting CXX compile features
[1.314s] -- Detecting CXX compile features - done
[1.315s] -- Found ament_cmake: 1.3.10 (/opt/ros/humble/share/ament_cmake/cmake)
[1.427s] -- Found Python3: /usr/bin/python3 (found version "3.10.12") found components: Interpreter 
[1.501s] -- Found geometry_msgs: 4.2.4 (/opt/ros/humble/share/geometry_msgs/cmake)
[1.592s] -- Found rosidl_generator_c: 3.1.5 (/opt/ros/humble/share/rosidl_generator_c/cmake)
[1.599s] -- Found rosidl_adapter: 3.1.5 (/opt/ros/humble/share/rosidl_adapter/cmake)
[1.608s] -- Found rosidl_generator_cpp: 3.1.5 (/opt/ros/humble/share/rosidl_generator_cpp/cmake)
[1.623s] -- Using all available rosidl_typesupport_c: rosidl_typesupport_fastrtps_c;rosidl_typesupport_introspection_c
[1.641s] -- Using all available rosidl_typesupport_cpp: rosidl_typesupport_fastrtps_cpp;rosidl_typesupport_introspection_cpp
[1.687s] -- Found nav_msgs: 4.2.4 (/opt/ros/humble/share/nav_msgs/cmake)
[1.705s] -- Found rclcpp: 16.0.10 (/opt/ros/humble/share/rclcpp/cmake)
[1.747s] -- Found rmw_implementation_cmake: 6.1.2 (/opt/ros/humble/share/rmw_implementation_cmake/cmake)
[1.751s] -- Found rmw_fastrtps_cpp: 6.2.7 (/opt/ros/humble/share/rmw_fastrtps_cpp/cmake)
[2.951s] -- Found OpenSSL: /usr/lib/x86_64-linux-gnu/libcrypto.so (found version "3.0.2")  
[4.700s] -- Found FastRTPS: /opt/ros/humble/include  
[8.125s] -- Using RMW implementation 'rmw_fastrtps_cpp' as default
[8.137s] -- Looking for pthread.h
[8.266s] -- Looking for pthread.h - found
[8.267s] -- Performing Test CMAKE_HAVE_LIBC_PTHREAD
[8.430s] -- Performing Test CMAKE_HAVE_LIBC_PTHREAD - Success
[8.431s] -- Found Threads: TRUE  
[8.462s] -- Found sensor_msgs: 4.2.4 (/opt/ros/humble/share/sensor_msgs/cmake)
[8.483s] -- Found tf2: 0.25.7 (/opt/ros/humble/share/tf2/cmake)
[8.495s] -- Found tf2_msgs: 0.25.7 (/opt/ros/humble/share/tf2_msgs/cmake)
[8.528s] -- Found turtlebot3_msgs: 2.2.3 (/home/pranavdm/UMD/Sem-1/ENPM662/Projects/Project-0/install/turtlebot3_msgs/share/turtlebot3_msgs/cmake)
[8.609s] -- Configuring done
[8.623s] -- Generating done
[8.624s] -- Build files have been written to: /home/pranavdm/UMD/Sem-1/ENPM662/Projects/Project-0/build/turtlebot3_fake_node
[8.638s] Invoked command in '/home/pranavdm/UMD/Sem-1/ENPM662/Projects/Project-0/build/turtlebot3_fake_node' returned '0': AMENT_PREFIX_PATH=/home/pranavdm/UMD/Sem-1/ENPM662/Projects/Project-0/install/turtlebot3_msgs:${AMENT_PREFIX_PATH} CMAKE_PREFIX_PATH=/home/pranavdm/UMD/Sem-1/ENPM662/Projects/Project-0/install/turtlebot3_msgs:/home/pranavdm/UMD/Sem-1/ENPM662/test1/testWS/install/turtlebot3:/home/pranavdm/UMD/Sem-1/ENPM662/test1/testWS/install/turtlebot3_simulations:/home/pranavdm/UMD/Sem-1/ENPM662/test1/testWS/install/turtlebot3_bringup:/home/pranavdm/UMD/Sem-1/ENPM662/test1/testWS/install/turtlebot3_node:/home/pranavdm/UMD/Sem-1/ENPM662/test1/testWS/install/turtlebot3_navigation2:/home/pranavdm/UMD/Sem-1/ENPM662/test1/testWS/install/turtlebot3_fake_node:/home/pranavdm/UMD/Sem-1/ENPM662/test1/testWS/install/turtlebot3_msgs:/home/pranavdm/UMD/Sem-1/ENPM662/test1/testWS/install/turtlebot3_gazebo:/home/pranavdm/UMD/Sem-1/ENPM662/test1/testWS/install/turtlebot3_description:/home/pranavdm/UMD/Sem-1/ENPM662/test1/testWS/install/turtlebot3_cartographer:/home/pranavdm/UMD/Sem-1/ENPM662/test1/testWS/install/ld08_driver:/home/pranavdm/UMD/Sem-1/ENPM662/test1/testWS/install/hls_lfcd_lds_driver:/home/pranavdm/UMD/Sem-1/ENPM662/test1/testWS/install/dynamixel_sdk_examples:/home/pranavdm/UMD/Sem-1/ENPM662/test1/testWS/install/dynamixel_sdk_custom_interfaces:/home/pranavdm/UMD/Sem-1/ENPM662/test1/testWS/install/dynamixel_sdk:/home/pranavdm/UMD/Sem-1/ENPM662/test1/testWS/install/turtlebot3_teleop:/home/pranavdm/UMD/Sem-1/ENPM662/test1/testWS/install/turtlebot3_example:/home/pranavdm/UMD/Sem-1/ENPM662/test1/testWS/install/tb_control:/opt/ros/humble LD_LIBRARY_PATH=/home/pranavdm/UMD/Sem-1/ENPM662/Projects/Project-0/install/turtlebot3_msgs/lib:/home/pranavdm/UMD/Sem-1/ENPM662/test1/testWS/install/turtlebot3_msgs/lib:/home/pranavdm/UMD/Sem-1/ENPM662/test1/testWS/install/dynamixel_sdk_custom_interfaces/lib:/home/pranavdm/UMD/Sem-1/ENPM662/test1/testWS/install/dynamixel_sdk/lib:/usr/lib/x86_64-linux-gnu/gazebo-11/plugins:/opt/ros/humble/opt/rviz_ogre_vendor/lib:/opt/ros/humble/lib/x86_64-linux-gnu:/opt/ros/humble/lib:/usr/share/gazebo/../../lib/x86_64-linux-gnu/gazebo-11/plugins PYTHONPATH=/home/pranavdm/UMD/Sem-1/ENPM662/Projects/Project-0/install/turtlebot3_msgs/local/lib/python3.10/dist-packages:${PYTHONPATH} /usr/bin/cmake /home/pranavdm/UMD/Sem-1/ENPM662/Projects/Project-0/src/turtlebot3/turtlebot3_simulations/turtlebot3_fake_node -DCMAKE_INSTALL_PREFIX=/home/pranavdm/UMD/Sem-1/ENPM662/Projects/Project-0/install/turtlebot3_fake_node
[8.639s] Invoking command in '/home/pranavdm/UMD/Sem-1/ENPM662/Projects/Project-0/build/turtlebot3_fake_node': AMENT_PREFIX_PATH=/home/pranavdm/UMD/Sem-1/ENPM662/Projects/Project-0/install/turtlebot3_msgs:${AMENT_PREFIX_PATH} CMAKE_PREFIX_PATH=/home/pranavdm/UMD/Sem-1/ENPM662/Projects/Project-0/install/turtlebot3_msgs:/home/pranavdm/UMD/Sem-1/ENPM662/test1/testWS/install/turtlebot3:/home/pranavdm/UMD/Sem-1/ENPM662/test1/testWS/install/turtlebot3_simulations:/home/pranavdm/UMD/Sem-1/ENPM662/test1/testWS/install/turtlebot3_bringup:/home/pranavdm/UMD/Sem-1/ENPM662/test1/testWS/install/turtlebot3_node:/home/pranavdm/UMD/Sem-1/ENPM662/test1/testWS/install/turtlebot3_navigation2:/home/pranavdm/UMD/Sem-1/ENPM662/test1/testWS/install/turtlebot3_fake_node:/home/pranavdm/UMD/Sem-1/ENPM662/test1/testWS/install/turtlebot3_msgs:/home/pranavdm/UMD/Sem-1/ENPM662/test1/testWS/install/turtlebot3_gazebo:/home/pranavdm/UMD/Sem-1/ENPM662/test1/testWS/install/turtlebot3_description:/home/pranavdm/UMD/Sem-1/ENPM662/test1/testWS/install/turtlebot3_cartographer:/home/pranavdm/UMD/Sem-1/ENPM662/test1/testWS/install/ld08_driver:/home/pranavdm/UMD/Sem-1/ENPM662/test1/testWS/install/hls_lfcd_lds_driver:/home/pranavdm/UMD/Sem-1/ENPM662/test1/testWS/install/dynamixel_sdk_examples:/home/pranavdm/UMD/Sem-1/ENPM662/test1/testWS/install/dynamixel_sdk_custom_interfaces:/home/pranavdm/UMD/Sem-1/ENPM662/test1/testWS/install/dynamixel_sdk:/home/pranavdm/UMD/Sem-1/ENPM662/test1/testWS/install/turtlebot3_teleop:/home/pranavdm/UMD/Sem-1/ENPM662/test1/testWS/install/turtlebot3_example:/home/pranavdm/UMD/Sem-1/ENPM662/test1/testWS/install/tb_control:/opt/ros/humble LD_LIBRARY_PATH=/home/pranavdm/UMD/Sem-1/ENPM662/Projects/Project-0/install/turtlebot3_msgs/lib:/home/pranavdm/UMD/Sem-1/ENPM662/test1/testWS/install/turtlebot3_msgs/lib:/home/pranavdm/UMD/Sem-1/ENPM662/test1/testWS/install/dynamixel_sdk_custom_interfaces/lib:/home/pranavdm/UMD/Sem-1/ENPM662/test1/testWS/install/dynamixel_sdk/lib:/usr/lib/x86_64-linux-gnu/gazebo-11/plugins:/opt/ros/humble/opt/rviz_ogre_vendor/lib:/opt/ros/humble/lib/x86_64-linux-gnu:/opt/ros/humble/lib:/usr/share/gazebo/../../lib/x86_64-linux-gnu/gazebo-11/plugins PYTHONPATH=/home/pranavdm/UMD/Sem-1/ENPM662/Projects/Project-0/install/turtlebot3_msgs/local/lib/python3.10/dist-packages:${PYTHONPATH} /usr/bin/cmake --build /home/pranavdm/UMD/Sem-1/ENPM662/Projects/Project-0/build/turtlebot3_fake_node -- -j20 -l20
[8.696s] [ 50%] [32mBuilding CXX object CMakeFiles/turtlebot3_fake_node.dir/src/turtlebot3_fake_node.cpp.o[0m
[16.473s] [100%] [32m[1mLinking CXX executable turtlebot3_fake_node[0m
[16.871s] [100%] Built target turtlebot3_fake_node
[16.878s] Invoked command in '/home/pranavdm/UMD/Sem-1/ENPM662/Projects/Project-0/build/turtlebot3_fake_node' returned '0': AMENT_PREFIX_PATH=/home/pranavdm/UMD/Sem-1/ENPM662/Projects/Project-0/install/turtlebot3_msgs:${AMENT_PREFIX_PATH} CMAKE_PREFIX_PATH=/home/pranavdm/UMD/Sem-1/ENPM662/Projects/Project-0/install/turtlebot3_msgs:/home/pranavdm/UMD/Sem-1/ENPM662/test1/testWS/install/turtlebot3:/home/pranavdm/UMD/Sem-1/ENPM662/test1/testWS/install/turtlebot3_simulations:/home/pranavdm/UMD/Sem-1/ENPM662/test1/testWS/install/turtlebot3_bringup:/home/pranavdm/UMD/Sem-1/ENPM662/test1/testWS/install/turtlebot3_node:/home/pranavdm/UMD/Sem-1/ENPM662/test1/testWS/install/turtlebot3_navigation2:/home/pranavdm/UMD/Sem-1/ENPM662/test1/testWS/install/turtlebot3_fake_node:/home/pranavdm/UMD/Sem-1/ENPM662/test1/testWS/install/turtlebot3_msgs:/home/pranavdm/UMD/Sem-1/ENPM662/test1/testWS/install/turtlebot3_gazebo:/home/pranavdm/UMD/Sem-1/ENPM662/test1/testWS/install/turtlebot3_description:/home/pranavdm/UMD/Sem-1/ENPM662/test1/testWS/install/turtlebot3_cartographer:/home/pranavdm/UMD/Sem-1/ENPM662/test1/testWS/install/ld08_driver:/home/pranavdm/UMD/Sem-1/ENPM662/test1/testWS/install/hls_lfcd_lds_driver:/home/pranavdm/UMD/Sem-1/ENPM662/test1/testWS/install/dynamixel_sdk_examples:/home/pranavdm/UMD/Sem-1/ENPM662/test1/testWS/install/dynamixel_sdk_custom_interfaces:/home/pranavdm/UMD/Sem-1/ENPM662/test1/testWS/install/dynamixel_sdk:/home/pranavdm/UMD/Sem-1/ENPM662/test1/testWS/install/turtlebot3_teleop:/home/pranavdm/UMD/Sem-1/ENPM662/test1/testWS/install/turtlebot3_example:/home/pranavdm/UMD/Sem-1/ENPM662/test1/testWS/install/tb_control:/opt/ros/humble LD_LIBRARY_PATH=/home/pranavdm/UMD/Sem-1/ENPM662/Projects/Project-0/install/turtlebot3_msgs/lib:/home/pranavdm/UMD/Sem-1/ENPM662/test1/testWS/install/turtlebot3_msgs/lib:/home/pranavdm/UMD/Sem-1/ENPM662/test1/testWS/install/dynamixel_sdk_custom_interfaces/lib:/home/pranavdm/UMD/Sem-1/ENPM662/test1/testWS/install/dynamixel_sdk/lib:/usr/lib/x86_64-linux-gnu/gazebo-11/plugins:/opt/ros/humble/opt/rviz_ogre_vendor/lib:/opt/ros/humble/lib/x86_64-linux-gnu:/opt/ros/humble/lib:/usr/share/gazebo/../../lib/x86_64-linux-gnu/gazebo-11/plugins PYTHONPATH=/home/pranavdm/UMD/Sem-1/ENPM662/Projects/Project-0/install/turtlebot3_msgs/local/lib/python3.10/dist-packages:${PYTHONPATH} /usr/bin/cmake --build /home/pranavdm/UMD/Sem-1/ENPM662/Projects/Project-0/build/turtlebot3_fake_node -- -j20 -l20
[16.893s] Invoking command in '/home/pranavdm/UMD/Sem-1/ENPM662/Projects/Project-0/build/turtlebot3_fake_node': AMENT_PREFIX_PATH=/home/pranavdm/UMD/Sem-1/ENPM662/Projects/Project-0/install/turtlebot3_msgs:${AMENT_PREFIX_PATH} CMAKE_PREFIX_PATH=/home/pranavdm/UMD/Sem-1/ENPM662/Projects/Project-0/install/turtlebot3_msgs:/home/pranavdm/UMD/Sem-1/ENPM662/test1/testWS/install/turtlebot3:/home/pranavdm/UMD/Sem-1/ENPM662/test1/testWS/install/turtlebot3_simulations:/home/pranavdm/UMD/Sem-1/ENPM662/test1/testWS/install/turtlebot3_bringup:/home/pranavdm/UMD/Sem-1/ENPM662/test1/testWS/install/turtlebot3_node:/home/pranavdm/UMD/Sem-1/ENPM662/test1/testWS/install/turtlebot3_navigation2:/home/pranavdm/UMD/Sem-1/ENPM662/test1/testWS/install/turtlebot3_fake_node:/home/pranavdm/UMD/Sem-1/ENPM662/test1/testWS/install/turtlebot3_msgs:/home/pranavdm/UMD/Sem-1/ENPM662/test1/testWS/install/turtlebot3_gazebo:/home/pranavdm/UMD/Sem-1/ENPM662/test1/testWS/install/turtlebot3_description:/home/pranavdm/UMD/Sem-1/ENPM662/test1/testWS/install/turtlebot3_cartographer:/home/pranavdm/UMD/Sem-1/ENPM662/test1/testWS/install/ld08_driver:/home/pranavdm/UMD/Sem-1/ENPM662/test1/testWS/install/hls_lfcd_lds_driver:/home/pranavdm/UMD/Sem-1/ENPM662/test1/testWS/install/dynamixel_sdk_examples:/home/pranavdm/UMD/Sem-1/ENPM662/test1/testWS/install/dynamixel_sdk_custom_interfaces:/home/pranavdm/UMD/Sem-1/ENPM662/test1/testWS/install/dynamixel_sdk:/home/pranavdm/UMD/Sem-1/ENPM662/test1/testWS/install/turtlebot3_teleop:/home/pranavdm/UMD/Sem-1/ENPM662/test1/testWS/install/turtlebot3_example:/home/pranavdm/UMD/Sem-1/ENPM662/test1/testWS/install/tb_control:/opt/ros/humble LD_LIBRARY_PATH=/home/pranavdm/UMD/Sem-1/ENPM662/Projects/Project-0/install/turtlebot3_msgs/lib:/home/pranavdm/UMD/Sem-1/ENPM662/test1/testWS/install/turtlebot3_msgs/lib:/home/pranavdm/UMD/Sem-1/ENPM662/test1/testWS/install/dynamixel_sdk_custom_interfaces/lib:/home/pranavdm/UMD/Sem-1/ENPM662/test1/testWS/install/dynamixel_sdk/lib:/usr/lib/x86_64-linux-gnu/gazebo-11/plugins:/opt/ros/humble/opt/rviz_ogre_vendor/lib:/opt/ros/humble/lib/x86_64-linux-gnu:/opt/ros/humble/lib:/usr/share/gazebo/../../lib/x86_64-linux-gnu/gazebo-11/plugins PYTHONPATH=/home/pranavdm/UMD/Sem-1/ENPM662/Projects/Project-0/install/turtlebot3_msgs/local/lib/python3.10/dist-packages:${PYTHONPATH} /usr/bin/cmake --install /home/pranavdm/UMD/Sem-1/ENPM662/Projects/Project-0/build/turtlebot3_fake_node
[16.898s] -- Install configuration: ""
[16.898s] -- Installing: /home/pranavdm/UMD/Sem-1/ENPM662/Projects/Project-0/install/turtlebot3_fake_node/lib/turtlebot3_fake_node/turtlebot3_fake_node
[16.900s] -- Set runtime path of "/home/pranavdm/UMD/Sem-1/ENPM662/Projects/Project-0/install/turtlebot3_fake_node/lib/turtlebot3_fake_node/turtlebot3_fake_node" to ""
[16.900s] -- Installing: /home/pranavdm/UMD/Sem-1/ENPM662/Projects/Project-0/install/turtlebot3_fake_node/share/turtlebot3_fake_node/launch
[16.901s] -- Installing: /home/pranavdm/UMD/Sem-1/ENPM662/Projects/Project-0/install/turtlebot3_fake_node/share/turtlebot3_fake_node/launch/rviz2.launch.py
[16.902s] -- Installing: /home/pranavdm/UMD/Sem-1/ENPM662/Projects/Project-0/install/turtlebot3_fake_node/share/turtlebot3_fake_node/launch/turtlebot3_fake_node.launch.py
[16.902s] -- Installing: /home/pranavdm/UMD/Sem-1/ENPM662/Projects/Project-0/install/turtlebot3_fake_node/share/turtlebot3_fake_node/param
[16.903s] -- Installing: /home/pranavdm/UMD/Sem-1/ENPM662/Projects/Project-0/install/turtlebot3_fake_node/share/turtlebot3_fake_node/param/waffle.yaml
[16.903s] -- Installing: /home/pranavdm/UMD/Sem-1/ENPM662/Projects/Project-0/install/turtlebot3_fake_node/share/turtlebot3_fake_node/param/waffle_pi.yaml
[16.903s] -- Installing: /home/pranavdm/UMD/Sem-1/ENPM662/Projects/Project-0/install/turtlebot3_fake_node/share/turtlebot3_fake_node/param/burger.yaml
[16.904s] -- Installing: /home/pranavdm/UMD/Sem-1/ENPM662/Projects/Project-0/install/turtlebot3_fake_node/include/
[16.904s] -- Installing: /home/pranavdm/UMD/Sem-1/ENPM662/Projects/Project-0/install/turtlebot3_fake_node/include//turtlebot3_fake_node
[16.904s] -- Installing: /home/pranavdm/UMD/Sem-1/ENPM662/Projects/Project-0/install/turtlebot3_fake_node/include//turtlebot3_fake_node/turtlebot3_fake_node.hpp
[16.904s] -- Installing: /home/pranavdm/UMD/Sem-1/ENPM662/Projects/Project-0/install/turtlebot3_fake_node/share/ament_index/resource_index/package_run_dependencies/turtlebot3_fake_node
[16.904s] -- Installing: /home/pranavdm/UMD/Sem-1/ENPM662/Projects/Project-0/install/turtlebot3_fake_node/share/ament_index/resource_index/parent_prefix_path/turtlebot3_fake_node
[16.904s] -- Installing: /home/pranavdm/UMD/Sem-1/ENPM662/Projects/Project-0/install/turtlebot3_fake_node/share/turtlebot3_fake_node/environment/ament_prefix_path.sh
[16.905s] -- Installing: /home/pranavdm/UMD/Sem-1/ENPM662/Projects/Project-0/install/turtlebot3_fake_node/share/turtlebot3_fake_node/environment/ament_prefix_path.dsv
[16.905s] -- Installing: /home/pranavdm/UMD/Sem-1/ENPM662/Projects/Project-0/install/turtlebot3_fake_node/share/turtlebot3_fake_node/environment/path.sh
[16.905s] -- Installing: /home/pranavdm/UMD/Sem-1/ENPM662/Projects/Project-0/install/turtlebot3_fake_node/share/turtlebot3_fake_node/environment/path.dsv
[16.905s] -- Installing: /home/pranavdm/UMD/Sem-1/ENPM662/Projects/Project-0/install/turtlebot3_fake_node/share/turtlebot3_fake_node/local_setup.bash
[16.905s] -- Installing: /home/pranavdm/UMD/Sem-1/ENPM662/Projects/Project-0/install/turtlebot3_fake_node/share/turtlebot3_fake_node/local_setup.sh
[16.905s] -- Installing: /home/pranavdm/UMD/Sem-1/ENPM662/Projects/Project-0/install/turtlebot3_fake_node/share/turtlebot3_fake_node/local_setup.zsh
[16.905s] -- Installing: /home/pranavdm/UMD/Sem-1/ENPM662/Projects/Project-0/install/turtlebot3_fake_node/share/turtlebot3_fake_node/local_setup.dsv
[16.905s] -- Installing: /home/pranavdm/UMD/Sem-1/ENPM662/Projects/Project-0/install/turtlebot3_fake_node/share/turtlebot3_fake_node/package.dsv
[16.905s] -- Installing: /home/pranavdm/UMD/Sem-1/ENPM662/Projects/Project-0/install/turtlebot3_fake_node/share/ament_index/resource_index/packages/turtlebot3_fake_node
[16.905s] -- Installing: /home/pranavdm/UMD/Sem-1/ENPM662/Projects/Project-0/install/turtlebot3_fake_node/share/turtlebot3_fake_node/cmake/ament_cmake_export_include_directories-extras.cmake
[16.905s] -- Installing: /home/pranavdm/UMD/Sem-1/ENPM662/Projects/Project-0/install/turtlebot3_fake_node/share/turtlebot3_fake_node/cmake/ament_cmake_export_dependencies-extras.cmake
[16.906s] -- Installing: /home/pranavdm/UMD/Sem-1/ENPM662/Projects/Project-0/install/turtlebot3_fake_node/share/turtlebot3_fake_node/cmake/turtlebot3_fake_nodeConfig.cmake
[16.906s] -- Installing: /home/pranavdm/UMD/Sem-1/ENPM662/Projects/Project-0/install/turtlebot3_fake_node/share/turtlebot3_fake_node/cmake/turtlebot3_fake_nodeConfig-version.cmake
[16.906s] -- Installing: /home/pranavdm/UMD/Sem-1/ENPM662/Projects/Project-0/install/turtlebot3_fake_node/share/turtlebot3_fake_node/package.xml
[16.907s] Invoked command in '/home/pranavdm/UMD/Sem-1/ENPM662/Projects/Project-0/build/turtlebot3_fake_node' returned '0': AMENT_PREFIX_PATH=/home/pranavdm/UMD/Sem-1/ENPM662/Projects/Project-0/install/turtlebot3_msgs:${AMENT_PREFIX_PATH} CMAKE_PREFIX_PATH=/home/pranavdm/UMD/Sem-1/ENPM662/Projects/Project-0/install/turtlebot3_msgs:/home/pranavdm/UMD/Sem-1/ENPM662/test1/testWS/install/turtlebot3:/home/pranavdm/UMD/Sem-1/ENPM662/test1/testWS/install/turtlebot3_simulations:/home/pranavdm/UMD/Sem-1/ENPM662/test1/testWS/install/turtlebot3_bringup:/home/pranavdm/UMD/Sem-1/ENPM662/test1/testWS/install/turtlebot3_node:/home/pranavdm/UMD/Sem-1/ENPM662/test1/testWS/install/turtlebot3_navigation2:/home/pranavdm/UMD/Sem-1/ENPM662/test1/testWS/install/turtlebot3_fake_node:/home/pranavdm/UMD/Sem-1/ENPM662/test1/testWS/install/turtlebot3_msgs:/home/pranavdm/UMD/Sem-1/ENPM662/test1/testWS/install/turtlebot3_gazebo:/home/pranavdm/UMD/Sem-1/ENPM662/test1/testWS/install/turtlebot3_description:/home/pranavdm/UMD/Sem-1/ENPM662/test1/testWS/install/turtlebot3_cartographer:/home/pranavdm/UMD/Sem-1/ENPM662/test1/testWS/install/ld08_driver:/home/pranavdm/UMD/Sem-1/ENPM662/test1/testWS/install/hls_lfcd_lds_driver:/home/pranavdm/UMD/Sem-1/ENPM662/test1/testWS/install/dynamixel_sdk_examples:/home/pranavdm/UMD/Sem-1/ENPM662/test1/testWS/install/dynamixel_sdk_custom_interfaces:/home/pranavdm/UMD/Sem-1/ENPM662/test1/testWS/install/dynamixel_sdk:/home/pranavdm/UMD/Sem-1/ENPM662/test1/testWS/install/turtlebot3_teleop:/home/pranavdm/UMD/Sem-1/ENPM662/test1/testWS/install/turtlebot3_example:/home/pranavdm/UMD/Sem-1/ENPM662/test1/testWS/install/tb_control:/opt/ros/humble LD_LIBRARY_PATH=/home/pranavdm/UMD/Sem-1/ENPM662/Projects/Project-0/install/turtlebot3_msgs/lib:/home/pranavdm/UMD/Sem-1/ENPM662/test1/testWS/install/turtlebot3_msgs/lib:/home/pranavdm/UMD/Sem-1/ENPM662/test1/testWS/install/dynamixel_sdk_custom_interfaces/lib:/home/pranavdm/UMD/Sem-1/ENPM662/test1/testWS/install/dynamixel_sdk/lib:/usr/lib/x86_64-linux-gnu/gazebo-11/plugins:/opt/ros/humble/opt/rviz_ogre_vendor/lib:/opt/ros/humble/lib/x86_64-linux-gnu:/opt/ros/humble/lib:/usr/share/gazebo/../../lib/x86_64-linux-gnu/gazebo-11/plugins PYTHONPATH=/home/pranavdm/UMD/Sem-1/ENPM662/Projects/Project-0/install/turtlebot3_msgs/local/lib/python3.10/dist-packages:${PYTHONPATH} /usr/bin/cmake --install /home/pranavdm/UMD/Sem-1/ENPM662/Projects/Project-0/build/turtlebot3_fake_node
