[0.497s] Invoking command in '/home/pranavdm/UMD/Sem-1/ENPM662/Projects/Project-0/src/turtlebot3/turtlebot3/turtlebot3_teleop': PYTHONPATH=/home/pranavdm/UMD/Sem-1/ENPM662/Projects/Project-0/build/turtlebot3_teleop/prefix_override:/usr/lib/python3/dist-packages/colcon_core/task/python/colcon_distutils_commands:/home/pranavdm/UMD/Sem-1/ENPM662/Projects/Project-0/install/turtlebot3_teleop/lib/python3.10/site-packages:${PYTHONPATH} /usr/bin/python3 -W ignore:setup.py install is deprecated setup.py egg_info --egg-base ../../../../build/turtlebot3_teleop build --build-base /home/pranavdm/UMD/Sem-1/ENPM662/Projects/Project-0/build/turtlebot3_teleop/build install --record /home/pranavdm/UMD/Sem-1/ENPM662/Projects/Project-0/build/turtlebot3_teleop/install.log --single-version-externally-managed install_data
[0.626s] running egg_info
[0.627s] creating ../../../../build/turtlebot3_teleop/turtlebot3_teleop.egg-info
[0.627s] writing ../../../../build/turtlebot3_teleop/turtlebot3_teleop.egg-info/PKG-INFO
[0.627s] writing dependency_links to ../../../../build/turtlebot3_teleop/turtlebot3_teleop.egg-info/dependency_links.txt
[0.627s] writing entry points to ../../../../build/turtlebot3_teleop/turtlebot3_teleop.egg-info/entry_points.txt
[0.627s] writing requirements to ../../../../build/turtlebot3_teleop/turtlebot3_teleop.egg-info/requires.txt
[0.627s] writing top-level names to ../../../../build/turtlebot3_teleop/turtlebot3_teleop.egg-info/top_level.txt
[0.627s] writing manifest file '../../../../build/turtlebot3_teleop/turtlebot3_teleop.egg-info/SOURCES.txt'
[0.627s] reading manifest file '../../../../build/turtlebot3_teleop/turtlebot3_teleop.egg-info/SOURCES.txt'
[0.628s] writing manifest file '../../../../build/turtlebot3_teleop/turtlebot3_teleop.egg-info/SOURCES.txt'
[0.628s] running build
[0.628s] running build_py
[0.628s] creating /home/pranavdm/UMD/Sem-1/ENPM662/Projects/Project-0/build/turtlebot3_teleop/build
[0.629s] creating /home/pranavdm/UMD/Sem-1/ENPM662/Projects/Project-0/build/turtlebot3_teleop/build/lib
[0.629s] creating /home/pranavdm/UMD/Sem-1/ENPM662/Projects/Project-0/build/turtlebot3_teleop/build/lib/turtlebot3_teleop
[0.629s] copying turtlebot3_teleop/__init__.py -> /home/pranavdm/UMD/Sem-1/ENPM662/Projects/Project-0/build/turtlebot3_teleop/build/lib/turtlebot3_teleop
[0.629s] creating /home/pranavdm/UMD/Sem-1/ENPM662/Projects/Project-0/build/turtlebot3_teleop/build/lib/turtlebot3_teleop/script
[0.629s] copying turtlebot3_teleop/script/teleop_keyboard.py -> /home/pranavdm/UMD/Sem-1/ENPM662/Projects/Project-0/build/turtlebot3_teleop/build/lib/turtlebot3_teleop/script
[0.629s] copying turtlebot3_teleop/script/__init__.py -> /home/pranavdm/UMD/Sem-1/ENPM662/Projects/Project-0/build/turtlebot3_teleop/build/lib/turtlebot3_teleop/script
[0.629s] running install
[0.629s] running install_lib
[0.630s] creating /home/pranavdm/UMD/Sem-1/ENPM662/Projects/Project-0/install/turtlebot3_teleop/lib/python3.10/site-packages/turtlebot3_teleop
[0.630s] creating /home/pranavdm/UMD/Sem-1/ENPM662/Projects/Project-0/install/turtlebot3_teleop/lib/python3.10/site-packages/turtlebot3_teleop/script
[0.630s] copying /home/pranavdm/UMD/Sem-1/ENPM662/Projects/Project-0/build/turtlebot3_teleop/build/lib/turtlebot3_teleop/script/teleop_keyboard.py -> /home/pranavdm/UMD/Sem-1/ENPM662/Projects/Project-0/install/turtlebot3_teleop/lib/python3.10/site-packages/turtlebot3_teleop/script
[0.630s] copying /home/pranavdm/UMD/Sem-1/ENPM662/Projects/Project-0/build/turtlebot3_teleop/build/lib/turtlebot3_teleop/script/__init__.py -> /home/pranavdm/UMD/Sem-1/ENPM662/Projects/Project-0/install/turtlebot3_teleop/lib/python3.10/site-packages/turtlebot3_teleop/script
[0.630s] copying /home/pranavdm/UMD/Sem-1/ENPM662/Projects/Project-0/build/turtlebot3_teleop/build/lib/turtlebot3_teleop/__init__.py -> /home/pranavdm/UMD/Sem-1/ENPM662/Projects/Project-0/install/turtlebot3_teleop/lib/python3.10/site-packages/turtlebot3_teleop
[0.630s] byte-compiling /home/pranavdm/UMD/Sem-1/ENPM662/Projects/Project-0/install/turtlebot3_teleop/lib/python3.10/site-packages/turtlebot3_teleop/script/teleop_keyboard.py to teleop_keyboard.cpython-310.pyc
[0.631s] byte-compiling /home/pranavdm/UMD/Sem-1/ENPM662/Projects/Project-0/install/turtlebot3_teleop/lib/python3.10/site-packages/turtlebot3_teleop/script/__init__.py to __init__.cpython-310.pyc
[0.631s] byte-compiling /home/pranavdm/UMD/Sem-1/ENPM662/Projects/Project-0/install/turtlebot3_teleop/lib/python3.10/site-packages/turtlebot3_teleop/__init__.py to __init__.cpython-310.pyc
[0.631s] running install_data
[0.632s] creating /home/pranavdm/UMD/Sem-1/ENPM662/Projects/Project-0/install/turtlebot3_teleop/share/ament_index
[0.632s] creating /home/pranavdm/UMD/Sem-1/ENPM662/Projects/Project-0/install/turtlebot3_teleop/share/ament_index/resource_index
[0.632s] creating /home/pranavdm/UMD/Sem-1/ENPM662/Projects/Project-0/install/turtlebot3_teleop/share/ament_index/resource_index/packages
[0.632s] copying resource/turtlebot3_teleop -> /home/pranavdm/UMD/Sem-1/ENPM662/Projects/Project-0/install/turtlebot3_teleop/share/ament_index/resource_index/packages
[0.632s] copying package.xml -> /home/pranavdm/UMD/Sem-1/ENPM662/Projects/Project-0/install/turtlebot3_teleop/share/turtlebot3_teleop
[0.632s] running install_egg_info
[0.633s] Copying ../../../../build/turtlebot3_teleop/turtlebot3_teleop.egg-info to /home/pranavdm/UMD/Sem-1/ENPM662/Projects/Project-0/install/turtlebot3_teleop/lib/python3.10/site-packages/turtlebot3_teleop-2.1.5-py3.10.egg-info
[0.633s] running install_scripts
[0.644s] Installing teleop_keyboard script to /home/pranavdm/UMD/Sem-1/ENPM662/Projects/Project-0/install/turtlebot3_teleop/lib/turtlebot3_teleop
[0.645s] writing list of installed files to '/home/pranavdm/UMD/Sem-1/ENPM662/Projects/Project-0/build/turtlebot3_teleop/install.log'
[0.660s] Invoked command in '/home/pranavdm/UMD/Sem-1/ENPM662/Projects/Project-0/src/turtlebot3/turtlebot3/turtlebot3_teleop' returned '0': PYTHONPATH=/home/pranavdm/UMD/Sem-1/ENPM662/Projects/Project-0/build/turtlebot3_teleop/prefix_override:/usr/lib/python3/dist-packages/colcon_core/task/python/colcon_distutils_commands:/home/pranavdm/UMD/Sem-1/ENPM662/Projects/Project-0/install/turtlebot3_teleop/lib/python3.10/site-packages:${PYTHONPATH} /usr/bin/python3 -W ignore:setup.py install is deprecated setup.py egg_info --egg-base ../../../../build/turtlebot3_teleop build --build-base /home/pranavdm/UMD/Sem-1/ENPM662/Projects/Project-0/build/turtlebot3_teleop/build install --record /home/pranavdm/UMD/Sem-1/ENPM662/Projects/Project-0/build/turtlebot3_teleop/install.log --single-version-externally-managed install_data
