[0.042s] Invoking command in '/home/pranavdm/UMD/Sem-1/ENPM662/Projects/Project-0/build/hls_lfcd_lds_driver': CMAKE_PREFIX_PATH=${CMAKE_PREFIX_PATH}:/home/pranavdm/UMD/Sem-1/ENPM662/Projects/Project-0/install/turtlebot3_teleop:/home/pranavdm/UMD/Sem-1/ENPM662/Projects/Project-0/install/turtlebot3_example:/home/pranavdm/UMD/Sem-1/ENPM662/test1/testWS/install/turtlebot3_teleop:/home/pranavdm/UMD/Sem-1/ENPM662/test1/testWS/install/turtlebot3_example:/home/pranavdm/UMD/Sem-1/ENPM662/test1/testWS/install/tb_control:/opt/ros/humble /usr/bin/cmake --build /home/pranavdm/UMD/Sem-1/ENPM662/Projects/Project-0/build/hls_lfcd_lds_driver -- -j20 -l20
[0.246s] [35m[1mConsolidate compiler generated dependencies of target hlds_laser_publisher[0m
[0.247s] [100%] Built target hlds_laser_publisher
[0.264s] Invoked command in '/home/pranavdm/UMD/Sem-1/ENPM662/Projects/Project-0/build/hls_lfcd_lds_driver' returned '0': CMAKE_PREFIX_PATH=${CMAKE_PREFIX_PATH}:/home/pranavdm/UMD/Sem-1/ENPM662/Projects/Project-0/install/turtlebot3_teleop:/home/pranavdm/UMD/Sem-1/ENPM662/Projects/Project-0/install/turtlebot3_example:/home/pranavdm/UMD/Sem-1/ENPM662/test1/testWS/install/turtlebot3_teleop:/home/pranavdm/UMD/Sem-1/ENPM662/test1/testWS/install/turtlebot3_example:/home/pranavdm/UMD/Sem-1/ENPM662/test1/testWS/install/tb_control:/opt/ros/humble /usr/bin/cmake --build /home/pranavdm/UMD/Sem-1/ENPM662/Projects/Project-0/build/hls_lfcd_lds_driver -- -j20 -l20
[0.292s] Invoking command in '/home/pranavdm/UMD/Sem-1/ENPM662/Projects/Project-0/build/hls_lfcd_lds_driver': CMAKE_PREFIX_PATH=${CMAKE_PREFIX_PATH}:/home/pranavdm/UMD/Sem-1/ENPM662/Projects/Project-0/install/turtlebot3_teleop:/home/pranavdm/UMD/Sem-1/ENPM662/Projects/Project-0/install/turtlebot3_example:/home/pranavdm/UMD/Sem-1/ENPM662/test1/testWS/install/turtlebot3_teleop:/home/pranavdm/UMD/Sem-1/ENPM662/test1/testWS/install/turtlebot3_example:/home/pranavdm/UMD/Sem-1/ENPM662/test1/testWS/install/tb_control:/opt/ros/humble /usr/bin/cmake --install /home/pranavdm/UMD/Sem-1/ENPM662/Projects/Project-0/build/hls_lfcd_lds_driver
[0.303s] -- Install configuration: ""
[0.303s] -- Up-to-date: /home/pranavdm/UMD/Sem-1/ENPM662/Projects/Project-0/install/hls_lfcd_lds_driver/share/hls_lfcd_lds_driver/launch
[0.303s] -- Up-to-date: /home/pranavdm/UMD/Sem-1/ENPM662/Projects/Project-0/install/hls_lfcd_lds_driver/share/hls_lfcd_lds_driver/launch/view_hlds_laser.launch.py
[0.303s] -- Up-to-date: /home/pranavdm/UMD/Sem-1/ENPM662/Projects/Project-0/install/hls_lfcd_lds_driver/share/hls_lfcd_lds_driver/launch/hlds_laser.launch.py
[0.304s] -- Up-to-date: /home/pranavdm/UMD/Sem-1/ENPM662/Projects/Project-0/install/hls_lfcd_lds_driver/share/hls_lfcd_lds_driver/rviz
[0.304s] -- Up-to-date: /home/pranavdm/UMD/Sem-1/ENPM662/Projects/Project-0/install/hls_lfcd_lds_driver/share/hls_lfcd_lds_driver/rviz/hlds_laser.rviz
[0.304s] -- Up-to-date: /home/pranavdm/UMD/Sem-1/ENPM662/Projects/Project-0/install/hls_lfcd_lds_driver/lib/hls_lfcd_lds_driver/hlds_laser_publisher
[0.304s] -- Up-to-date: /home/pranavdm/UMD/Sem-1/ENPM662/Projects/Project-0/install/hls_lfcd_lds_driver/share/ament_index/resource_index/package_run_dependencies/hls_lfcd_lds_driver
[0.304s] -- Up-to-date: /home/pranavdm/UMD/Sem-1/ENPM662/Projects/Project-0/install/hls_lfcd_lds_driver/share/ament_index/resource_index/parent_prefix_path/hls_lfcd_lds_driver
[0.304s] -- Up-to-date: /home/pranavdm/UMD/Sem-1/ENPM662/Projects/Project-0/install/hls_lfcd_lds_driver/share/hls_lfcd_lds_driver/environment/ament_prefix_path.sh
[0.304s] -- Up-to-date: /home/pranavdm/UMD/Sem-1/ENPM662/Projects/Project-0/install/hls_lfcd_lds_driver/share/hls_lfcd_lds_driver/environment/ament_prefix_path.dsv
[0.304s] -- Up-to-date: /home/pranavdm/UMD/Sem-1/ENPM662/Projects/Project-0/install/hls_lfcd_lds_driver/share/hls_lfcd_lds_driver/environment/path.sh
[0.304s] -- Up-to-date: /home/pranavdm/UMD/Sem-1/ENPM662/Projects/Project-0/install/hls_lfcd_lds_driver/share/hls_lfcd_lds_driver/environment/path.dsv
[0.304s] -- Up-to-date: /home/pranavdm/UMD/Sem-1/ENPM662/Projects/Project-0/install/hls_lfcd_lds_driver/share/hls_lfcd_lds_driver/local_setup.bash
[0.304s] -- Up-to-date: /home/pranavdm/UMD/Sem-1/ENPM662/Projects/Project-0/install/hls_lfcd_lds_driver/share/hls_lfcd_lds_driver/local_setup.sh
[0.305s] -- Up-to-date: /home/pranavdm/UMD/Sem-1/ENPM662/Projects/Project-0/install/hls_lfcd_lds_driver/share/hls_lfcd_lds_driver/local_setup.zsh
[0.305s] -- Up-to-date: /home/pranavdm/UMD/Sem-1/ENPM662/Projects/Project-0/install/hls_lfcd_lds_driver/share/hls_lfcd_lds_driver/local_setup.dsv
[0.305s] -- Installing: /home/pranavdm/UMD/Sem-1/ENPM662/Projects/Project-0/install/hls_lfcd_lds_driver/share/hls_lfcd_lds_driver/package.dsv
[0.305s] -- Up-to-date: /home/pranavdm/UMD/Sem-1/ENPM662/Projects/Project-0/install/hls_lfcd_lds_driver/share/ament_index/resource_index/packages/hls_lfcd_lds_driver
[0.305s] -- Up-to-date: /home/pranavdm/UMD/Sem-1/ENPM662/Projects/Project-0/install/hls_lfcd_lds_driver/share/hls_lfcd_lds_driver/cmake/ament_cmake_export_dependencies-extras.cmake
[0.305s] -- Up-to-date: /home/pranavdm/UMD/Sem-1/ENPM662/Projects/Project-0/install/hls_lfcd_lds_driver/share/hls_lfcd_lds_driver/cmake/ament_cmake_export_include_directories-extras.cmake
[0.305s] -- Up-to-date: /home/pranavdm/UMD/Sem-1/ENPM662/Projects/Project-0/install/hls_lfcd_lds_driver/share/hls_lfcd_lds_driver/cmake/hls_lfcd_lds_driverConfig.cmake
[0.307s] -- Up-to-date: /home/pranavdm/UMD/Sem-1/ENPM662/Projects/Project-0/install/hls_lfcd_lds_driver/share/hls_lfcd_lds_driver/cmake/hls_lfcd_lds_driverConfig-version.cmake
[0.307s] -- Up-to-date: /home/pranavdm/UMD/Sem-1/ENPM662/Projects/Project-0/install/hls_lfcd_lds_driver/share/hls_lfcd_lds_driver/package.xml
[0.341s] Invoked command in '/home/pranavdm/UMD/Sem-1/ENPM662/Projects/Project-0/build/hls_lfcd_lds_driver' returned '0': CMAKE_PREFIX_PATH=${CMAKE_PREFIX_PATH}:/home/pranavdm/UMD/Sem-1/ENPM662/Projects/Project-0/install/turtlebot3_teleop:/home/pranavdm/UMD/Sem-1/ENPM662/Projects/Project-0/install/turtlebot3_example:/home/pranavdm/UMD/Sem-1/ENPM662/test1/testWS/install/turtlebot3_teleop:/home/pranavdm/UMD/Sem-1/ENPM662/test1/testWS/install/turtlebot3_example:/home/pranavdm/UMD/Sem-1/ENPM662/test1/testWS/install/tb_control:/opt/ros/humble /usr/bin/cmake --install /home/pranavdm/UMD/Sem-1/ENPM662/Projects/Project-0/build/hls_lfcd_lds_driver
